{"type": "TaskStarted", "timestamp": "2026-04-23T08:27:47.855Z", "sessionID": "c920078b-78cc-4b20-b9b8-0c84c596237c"}
{"type": "idSubmitted", "timestamp": "2026-04-23T08:27:47.858Z", "sessionID": "c920078b-78cc-4b20-b9b8-0c84c596237c", "uid": "Participant2"}
{"type": "queryBoxFocused", "timestamp": "2026-04-23T08:27:48.704Z", "sessionID": "c920078b-78cc-4b20-b9b8-0c84c596237c"}
{"type": "querySubmitted", "timestamp": "2026-04-23T08:27:53.265Z", "sessionID": "c920078b-78cc-4b20-b9b8-0c84c596237c", "query": "dcks and eggs"}
{"type": "generatedDidYouMean", "timestamp": "2026-04-23T08:27:54.247Z", "sessionID": "c920078b-78cc-4b20-b9b8-0c84c596237c", "user query": "dcks and eggs", "suggested query": "ducks and eggs"}
{"type": "searchResultGenerated", "timestamp": "2026-04-23T08:27:54.247Z", "sessionID": "c920078b-78cc-4b20-b9b8-0c84c596237c", "query": "dcks and eggs", "docid": "2938", "rank": "1", "page": "1", "url": "https://www.africanstorybook.org/#", "windowLocation": "http://localhost:7001/result?query=dcks+and+eggs&page=1"}
{"type": "searchResultGenerated", "timestamp": "2026-04-23T08:27:54.247Z", "sessionID": "c920078b-78cc-4b20-b9b8-0c84c596237c", "query": "dcks and eggs", "docid": "2127", "rank": "2", "page": "1", "url": "https://en.wikipedia.org/wiki/Incubator_(egg)", "windowLocation": "http://localhost:7001/result?query=dcks+and+eggs&page=1"}
{"type": "searchResultGenerated", "timestamp": "2026-04-23T08:27:54.247Z", "sessionID": "c920078b-78cc-4b20-b9b8-0c84c596237c", "query": "dcks and eggs", "docid": "3071", "rank": "3", "page": "1", "url": "https://www.africanstorybook.org/", "windowLocation": "http://localhost:7001/result?query=dcks+and+eggs&page=1"}
{"type": "searchResultGenerated", "timestamp": "2026-04-23T08:27:54.248Z", "sessionID": "c920078b-78cc-4b20-b9b8-0c84c596237c", "query": "dcks and eggs", "docid": "2036", "rank": "4", "page": "1", "url": "https://kids.frontiersin.org/article/10.3389/frym.2020.00032", "windowLocation": "http://localhost:7001/result?query=dcks+and+eggs&page=1"}
{"type": "searchResultGenerated", "timestamp": "2026-04-23T08:27:54.248Z", "sessionID": "c920078b-78cc-4b20-b9b8-0c84c596237c", "query": "dcks and eggs", "docid": "5613", "rank": "5", "page": "1", "url": "http://www.gutenberg.org/files/14170/14170-h/14170-h.htm#HUNTING_FOR_EASTER_EGGS", "windowLocation": "http://localhost:7001/result?query=dcks+and+eggs&page=1"}
{"type": "searchResultGenerated", "timestamp": "2026-04-23T08:27:54.248Z", "sessionID": "c920078b-78cc-4b20-b9b8-0c84c596237c", "query": "dcks and eggs", "docid": "7438", "rank": "6", "page": "1", "url": "https://www.digitallibrary.io/en/books/details/1383", "windowLocation": "http://localhost:7001/result?query=dcks+and+eggs&page=1"}
{"type": "searchResultGenerated", "timestamp": "2026-04-23T08:27:54.248Z", "sessionID": "c920078b-78cc-4b20-b9b8-0c84c596237c", "query": "dcks and eggs", "docid": "3395", "rank": "7", "page": "1", "url": "https://www.africanstorybook.org/", "windowLocation": "http://localhost:7001/result?query=dcks+and+eggs&page=1"}
{"type": "searchResultGenerated", "timestamp": "2026-04-23T08:27:54.248Z", "sessionID": "c920078b-78cc-4b20-b9b8-0c84c596237c", "query": "dcks and eggs", "docid": "2884", "rank": "8", "page": "1", "url": "https://kids.frontiersin.org/article/10.3389/frym.2016.00024", "windowLocation": "http://localhost:7001/result?query=dcks+and+eggs&page=1"}
{"type": "searchResultGenerated", "timestamp": "2026-04-23T08:27:54.248Z", "sessionID": "c920078b-78cc-4b20-b9b8-0c84c596237c", "query": "dcks and eggs", "docid": "4527", "rank": "9", "page": "1", "url": "http://www.gutenberg.org/files/15170/15170-h/15170-h.htm#bird-life", "windowLocation": "http://localhost:7001/result?query=dcks+and+eggs&page=1"}
{"type": "searchResultGenerated", "timestamp": "2026-04-23T08:27:54.248Z", "sessionID": "c920078b-78cc-4b20-b9b8-0c84c596237c", "query": "dcks and eggs", "docid": "3285", "rank": "10", "page": "1", "url": "https://www.digitallibrary.io/en/books/details/3739", "windowLocation": "http://localhost:7001/result?query=dcks+and+eggs&page=1"}
{"type": "hoverOverSnippet", "timestamp": "2026-04-23T08:27:55.267Z", "sessionID": "c920078b-78cc-4b20-b9b8-0c84c596237c", "query": "dcks and eggs", "docid": "2938", "rank": "1", "page": "1", "url": "https://www.africanstorybook.org/#", "windowLocation": "http://localhost:7001/result?query=dcks+and+eggs&page=1"}
{"type": "hoverOverDidYouMean", "timestamp": "2026-04-23T08:27:55.400Z", "sessionID": "c920078b-78cc-4b20-b9b8-0c84c596237c", "user query": "dcks and eggs", "suggested query": "ducks and eggs"}
{"type": "hoverOverDidYouMean", "timestamp": "2026-04-23T08:27:56.150Z", "sessionID": "c920078b-78cc-4b20-b9b8-0c84c596237c", "user query": "dcks and eggs", "suggested query": "ducks and eggs"}
{"type": "hoverOverDidYouMean", "timestamp": "2026-04-23T08:27:57.250Z", "sessionID": "c920078b-78cc-4b20-b9b8-0c84c596237c", "user query": "dcks and eggs", "suggested query": "ducks and eggs"}
{"type": "hoverOverDidYouMean", "timestamp": "2026-04-23T08:27:57.967Z", "sessionID": "c920078b-78cc-4b20-b9b8-0c84c596237c", "user query": "dcks and eggs", "suggested query": "ducks and eggs"}
{"type": "hoverOverSnippet", "timestamp": "2026-04-23T08:27:58.517Z", "sessionID": "c920078b-78cc-4b20-b9b8-0c84c596237c", "query": "dcks and eggs", "docid": "2938", "rank": "1", "page": "1", "url": "https://www.africanstorybook.org/#", "windowLocation": "http://localhost:7001/result?query=dcks+and+eggs&page=1"}
{"type": "hoverOverDidYouMean", "timestamp": "2026-04-23T08:28:05.835Z", "sessionID": "c920078b-78cc-4b20-b9b8-0c84c596237c", "user query": "dcks and eggs", "suggested query": "ducks and eggs"}
{"type": "clickedDidYouMeanSuggestion", "timestamp": "2026-04-23T08:28:06.066Z", "sessionID": "c920078b-78cc-4b20-b9b8-0c84c596237c", "user query": "dcks and eggs", "suggested query": "ducks and eggs"}
{"type": "searchResultGenerated", "timestamp": "2026-04-23T08:28:06.509Z", "sessionID": "c920078b-78cc-4b20-b9b8-0c84c596237c", "query": "ducks and eggs", "docid": "2938", "rank": "1", "page": "1", "url": "https://www.africanstorybook.org/#", "windowLocation": "http://localhost:7001/result?query=ducks+and+eggs&page=1"}
{"type": "searchResultGenerated", "timestamp": "2026-04-23T08:28:06.509Z", "sessionID": "c920078b-78cc-4b20-b9b8-0c84c596237c", "query": "ducks and eggs", "docid": "5589", "rank": "2", "page": "1", "url": "http://www.gutenberg.org/files/28133/28133-h/28133-h.htm#Page_139", "windowLocation": "http://localhost:7001/result?query=ducks+and+eggs&page=1"}
{"type": "searchResultGenerated", "timestamp": "2026-04-23T08:28:06.509Z", "sessionID": "c920078b-78cc-4b20-b9b8-0c84c596237c", "query": "ducks and eggs", "docid": "3071", "rank": "3", "page": "1", "url": "https://www.africanstorybook.org/", "windowLocation": "http://localhost:7001/result?query=ducks+and+eggs&page=1"}
{"type": "searchResultGenerated", "timestamp": "2026-04-23T08:28:06.509Z", "sessionID": "c920078b-78cc-4b20-b9b8-0c84c596237c", "query": "ducks and eggs", "docid": "5405", "rank": "4", "page": "1", "url": "http://www.gutenberg.org/files/14493/14493-h/14493-h.htm#A_DAY_ON_GRANDPAS_FARM", "windowLocation": "http://localhost:7001/result?query=ducks+and+eggs&page=1"}
{"type": "searchResultGenerated", "timestamp": "2026-04-23T08:28:06.509Z", "sessionID": "c920078b-78cc-4b20-b9b8-0c84c596237c", "query": "ducks and eggs", "docid": "4970", "rank": "5", "page": "1", "url": "http://www.gutenberg.org/files/8950/8950-h/8950-h.htm", "windowLocation": "http://localhost:7001/result?query=ducks+and+eggs&page=1"}
{"type": "searchResultGenerated", "timestamp": "2026-04-23T08:28:06.510Z", "sessionID": "c920078b-78cc-4b20-b9b8-0c84c596237c", "query": "ducks and eggs", "docid": "5234", "rank": "6", "page": "1", "url": "http://www.gutenberg.org/files/42159/42159-h/42159-h.htm#Page_308", "windowLocation": "http://localhost:7001/result?query=ducks+and+eggs&page=1"}
{"type": "searchResultGenerated", "timestamp": "2026-04-23T08:28:06.510Z", "sessionID": "c920078b-78cc-4b20-b9b8-0c84c596237c", "query": "ducks and eggs", "docid": "5607", "rank": "7", "page": "1", "url": "http://www.gutenberg.org/files/15170/15170-h/15170-h.htm#mirror", "windowLocation": "http://localhost:7001/result?query=ducks+and+eggs&page=1"}
{"type": "searchResultGenerated", "timestamp": "2026-04-23T08:28:06.510Z", "sessionID": "c920078b-78cc-4b20-b9b8-0c84c596237c", "query": "ducks and eggs", "docid": "5292", "rank": "8", "page": "1", "url": "http://www.gutenberg.org/files/40756/40756-h/40756-h.htm#Page_135", "windowLocation": "http://localhost:7001/result?query=ducks+and+eggs&page=1"}
{"type": "searchResultGenerated", "timestamp": "2026-04-23T08:28:06.510Z", "sessionID": "c920078b-78cc-4b20-b9b8-0c84c596237c", "query": "ducks and eggs", "docid": "5499", "rank": "9", "page": "1", "url": "http://www.gutenberg.org/files/28130/28130-h/28130-h.htm#Page_57", "windowLocation": "http://localhost:7001/result?query=ducks+and+eggs&page=1"}
{"type": "searchResultGenerated", "timestamp": "2026-04-23T08:28:06.510Z", "sessionID": "c920078b-78cc-4b20-b9b8-0c84c596237c", "query": "ducks and eggs", "docid": "5642", "rank": "10", "page": "1", "url": "http://www.gutenberg.org/files/16522/16522-h/16522-h.htm#ELSIES_DUCKS", "windowLocation": "http://localhost:7001/result?query=ducks+and+eggs&page=1"}
{"type": "wentBack", "timestamp": "2026-04-23T08:28:11.446Z", "sessionID": "c920078b-78cc-4b20-b9b8-0c84c596237c", "query": "dcks and eggs", "fromURL": "http://localhost:7001/result?query=ducks+and+eggs&page=1", "toURL": "http://localhost:7001/result?query=dcks+and+eggs&page=1"}
{"type": "hoverOverDidYouMean", "timestamp": "2026-04-23T08:28:12.917Z", "sessionID": "c920078b-78cc-4b20-b9b8-0c84c596237c", "user query": "dcks and eggs", "suggested query": "ducks and eggs"}
{"type": "hoverOverDidYouMean", "timestamp": "2026-04-23T08:28:13.716Z", "sessionID": "c920078b-78cc-4b20-b9b8-0c84c596237c", "user query": "dcks and eggs", "suggested query": "ducks and eggs"}
{"type": "clickedDidYouMeanSuggestion", "timestamp": "2026-04-23T08:28:15.071Z", "sessionID": "c920078b-78cc-4b20-b9b8-0c84c596237c", "user query": "dcks and eggs", "suggested query": "ducks and eggs"}
{"type": "searchResultGenerated", "timestamp": "2026-04-23T08:28:15.441Z", "sessionID": "c920078b-78cc-4b20-b9b8-0c84c596237c", "query": "ducks and eggs", "docid": "2938", "rank": "1", "page": "1", "url": "https://www.africanstorybook.org/#", "windowLocation": "http://localhost:7001/result?query=ducks+and+eggs&page=1"}
{"type": "searchResultGenerated", "timestamp": "2026-04-23T08:28:15.441Z", "sessionID": "c920078b-78cc-4b20-b9b8-0c84c596237c", "query": "ducks and eggs", "docid": "5589", "rank": "2", "page": "1", "url": "http://www.gutenberg.org/files/28133/28133-h/28133-h.htm#Page_139", "windowLocation": "http://localhost:7001/result?query=ducks+and+eggs&page=1"}
{"type": "searchResultGenerated", "timestamp": "2026-04-23T08:28:15.441Z", "sessionID": "c920078b-78cc-4b20-b9b8-0c84c596237c", "query": "ducks and eggs", "docid": "3071", "rank": "3", "page": "1", "url": "https://www.africanstorybook.org/", "windowLocation": "http://localhost:7001/result?query=ducks+and+eggs&page=1"}
{"type": "searchResultGenerated", "timestamp": "2026-04-23T08:28:15.442Z", "sessionID": "c920078b-78cc-4b20-b9b8-0c84c596237c", "query": "ducks and eggs", "docid": "5405", "rank": "4", "page": "1", "url": "http://www.gutenberg.org/files/14493/14493-h/14493-h.htm#A_DAY_ON_GRANDPAS_FARM", "windowLocation": "http://localhost:7001/result?query=ducks+and+eggs&page=1"}
{"type": "searchResultGenerated", "timestamp": "2026-04-23T08:28:15.442Z", "sessionID": "c920078b-78cc-4b20-b9b8-0c84c596237c", "query": "ducks and eggs", "docid": "4970", "rank": "5", "page": "1", "url": "http://www.gutenberg.org/files/8950/8950-h/8950-h.htm", "windowLocation": "http://localhost:7001/result?query=ducks+and+eggs&page=1"}
{"type": "searchResultGenerated", "timestamp": "2026-04-23T08:28:15.442Z", "sessionID": "c920078b-78cc-4b20-b9b8-0c84c596237c", "query": "ducks and eggs", "docid": "5234", "rank": "6", "page": "1", "url": "http://www.gutenberg.org/files/42159/42159-h/42159-h.htm#Page_308", "windowLocation": "http://localhost:7001/result?query=ducks+and+eggs&page=1"}
{"type": "searchResultGenerated", "timestamp": "2026-04-23T08:28:15.442Z", "sessionID": "c920078b-78cc-4b20-b9b8-0c84c596237c", "query": "ducks and eggs", "docid": "5607", "rank": "7", "page": "1", "url": "http://www.gutenberg.org/files/15170/15170-h/15170-h.htm#mirror", "windowLocation": "http://localhost:7001/result?query=ducks+and+eggs&page=1"}
{"type": "searchResultGenerated", "timestamp": "2026-04-23T08:28:15.442Z", "sessionID": "c920078b-78cc-4b20-b9b8-0c84c596237c", "query": "ducks and eggs", "docid": "5292", "rank": "8", "page": "1", "url": "http://www.gutenberg.org/files/40756/40756-h/40756-h.htm#Page_135", "windowLocation": "http://localhost:7001/result?query=ducks+and+eggs&page=1"}
{"type": "searchResultGenerated", "timestamp": "2026-04-23T08:28:15.442Z", "sessionID": "c920078b-78cc-4b20-b9b8-0c84c596237c", "query": "ducks and eggs", "docid": "5499", "rank": "9", "page": "1", "url": "http://www.gutenberg.org/files/28130/28130-h/28130-h.htm#Page_57", "windowLocation": "http://localhost:7001/result?query=ducks+and+eggs&page=1"}
{"type": "searchResultGenerated", "timestamp": "2026-04-23T08:28:15.442Z", "sessionID": "c920078b-78cc-4b20-b9b8-0c84c596237c", "query": "ducks and eggs", "docid": "5642", "rank": "10", "page": "1", "url": "http://www.gutenberg.org/files/16522/16522-h/16522-h.htm#ELSIES_DUCKS", "windowLocation": "http://localhost:7001/result?query=ducks+and+eggs&page=1"}
{"type": "ClickedEndTask", "timestamp": "2026-04-23T08:28:16.890Z", "sessionID": "c920078b-78cc-4b20-b9b8-0c84c596237c"}
{"type": "TaskEndConfirmed", "timestamp": "2026-04-23T08:28:17.722Z", "sessionID": "c920078b-78cc-4b20-b9b8-0c84c596237c"}
{"type": "TaskEnded", "timestamp": "2026-04-23T08:28:18.585Z", "sessionID": "c920078b-78cc-4b20-b9b8-0c84c596237c", "answer": ""}
