{"type": "TaskStarted", "timestamp": "2026-04-22T09:12:19.447Z", "sessionID": "a887a3d3-8ee4-407c-8d6e-dcedbf5a21df"}
{"type": "idSubmitted", "timestamp": "2026-04-22T09:12:19.451Z", "sessionID": "a887a3d3-8ee4-407c-8d6e-dcedbf5a21df", "uid": "Participant7"}
{"type": "TaskStarted", "timestamp": "2026-04-22T09:19:44.589Z", "sessionID": "a887a3d3-8ee4-407c-8d6e-dcedbf5a21df"}
{"type": "idSubmitted", "timestamp": "2026-04-22T09:19:44.593Z", "sessionID": "a887a3d3-8ee4-407c-8d6e-dcedbf5a21df", "uid": "Participant6"}
{"type": "queryBoxFocused", "timestamp": "2026-04-22T09:20:36.054Z", "sessionID": "a887a3d3-8ee4-407c-8d6e-dcedbf5a21df"}
{"type": "querySubmitted", "timestamp": "2026-04-22T09:20:49.207Z", "sessionID": "a887a3d3-8ee4-407c-8d6e-dcedbf5a21df", "query": "dcks"}
{"type": "queryBoxFocused", "timestamp": "2026-04-22T09:21:00.608Z", "sessionID": "a887a3d3-8ee4-407c-8d6e-dcedbf5a21df"}
{"type": "queryBoxFocused", "timestamp": "2026-04-22T09:31:53.491Z", "sessionID": "a887a3d3-8ee4-407c-8d6e-dcedbf5a21df"}
{"type": "queryBoxFocused", "timestamp": "2026-04-22T09:31:55.541Z", "sessionID": "a887a3d3-8ee4-407c-8d6e-dcedbf5a21df"}
{"type": "querySubmitted", "timestamp": "2026-04-22T09:31:57.506Z", "sessionID": "a887a3d3-8ee4-407c-8d6e-dcedbf5a21df", "query": "dcks"}
{"type": "Query suggestion generated", "timestamp": "2026-04-22T09:31:58.873Z", "sessionID": "a887a3d3-8ee4-407c-8d6e-dcedbf5a21df", "user query": "dcks", "suggested query": "ducks"}
{"type": "searchResultGenerated", "timestamp": "2026-04-22T09:31:58.874Z", "sessionID": "a887a3d3-8ee4-407c-8d6e-dcedbf5a21df", "query": "dcks", "docid": "2938", "rank": "1", "page": "1", "url": "https://www.africanstorybook.org/#", "windowLocation": "http://localhost:7001/result?query=dcks&page=1"}
{"type": "searchResultGenerated", "timestamp": "2026-04-22T09:31:58.874Z", "sessionID": "a887a3d3-8ee4-407c-8d6e-dcedbf5a21df", "query": "dcks", "docid": "5607", "rank": "2", "page": "1", "url": "http://www.gutenberg.org/files/15170/15170-h/15170-h.htm#mirror", "windowLocation": "http://localhost:7001/result?query=dcks&page=1"}
{"type": "searchResultGenerated", "timestamp": "2026-04-22T09:31:58.875Z", "sessionID": "a887a3d3-8ee4-407c-8d6e-dcedbf5a21df", "query": "dcks", "docid": "5292", "rank": "3", "page": "1", "url": "http://www.gutenberg.org/files/40756/40756-h/40756-h.htm#Page_135", "windowLocation": "http://localhost:7001/result?query=dcks&page=1"}
{"type": "searchResultGenerated", "timestamp": "2026-04-22T09:31:58.875Z", "sessionID": "a887a3d3-8ee4-407c-8d6e-dcedbf5a21df", "query": "dcks", "docid": "5499", "rank": "4", "page": "1", "url": "http://www.gutenberg.org/files/28130/28130-h/28130-h.htm#Page_57", "windowLocation": "http://localhost:7001/result?query=dcks&page=1"}
{"type": "searchResultGenerated", "timestamp": "2026-04-22T09:31:58.875Z", "sessionID": "a887a3d3-8ee4-407c-8d6e-dcedbf5a21df", "query": "dcks", "docid": "5642", "rank": "5", "page": "1", "url": "http://www.gutenberg.org/files/16522/16522-h/16522-h.htm#ELSIES_DUCKS", "windowLocation": "http://localhost:7001/result?query=dcks&page=1"}
{"type": "searchResultGenerated", "timestamp": "2026-04-22T09:31:58.875Z", "sessionID": "a887a3d3-8ee4-407c-8d6e-dcedbf5a21df", "query": "dcks", "docid": "4817", "rank": "6", "page": "1", "url": "http://www.gutenberg.org/files/902/902-h/902-h.htm", "windowLocation": "http://localhost:7001/result?query=dcks&page=1"}
{"type": "searchResultGenerated", "timestamp": "2026-04-22T09:31:58.876Z", "sessionID": "a887a3d3-8ee4-407c-8d6e-dcedbf5a21df", "query": "dcks", "docid": "4970", "rank": "7", "page": "1", "url": "http://www.gutenberg.org/files/8950/8950-h/8950-h.htm", "windowLocation": "http://localhost:7001/result?query=dcks&page=1"}
{"type": "searchResultGenerated", "timestamp": "2026-04-22T09:31:58.876Z", "sessionID": "a887a3d3-8ee4-407c-8d6e-dcedbf5a21df", "query": "dcks", "docid": "6202", "rank": "8", "page": "1", "url": "http://www.gutenberg.org/files/16891/16891-h/16891-h.htm", "windowLocation": "http://localhost:7001/result?query=dcks&page=1"}
{"type": "searchResultGenerated", "timestamp": "2026-04-22T09:31:58.876Z", "sessionID": "a887a3d3-8ee4-407c-8d6e-dcedbf5a21df", "query": "dcks", "docid": "5714", "rank": "9", "page": "1", "url": "http://www.gutenberg.org/files/24940/24940-h/24940-h.htm#Page_69", "windowLocation": "http://localhost:7001/result?query=dcks&page=1"}
{"type": "searchResultGenerated", "timestamp": "2026-04-22T09:31:58.876Z", "sessionID": "a887a3d3-8ee4-407c-8d6e-dcedbf5a21df", "query": "dcks", "docid": "5589", "rank": "10", "page": "1", "url": "http://www.gutenberg.org/files/28133/28133-h/28133-h.htm#Page_139", "windowLocation": "http://localhost:7001/result?query=dcks&page=1"}
{"type": "cursorEnteredSnippet", "timestamp": "2026-04-22T09:32:00.459Z", "sessionID": "a887a3d3-8ee4-407c-8d6e-dcedbf5a21df", "query": "dcks", "docid": "2938", "rank": "1", "page": "1", "url": "https://www.africanstorybook.org/#", "windowLocation": "http://localhost:7001/result?query=dcks&page=1"}
{"type": "cursorLeftSnippet", "timestamp": "2026-04-22T09:32:00.527Z", "sessionID": "a887a3d3-8ee4-407c-8d6e-dcedbf5a21df", "query": "dcks", "docid": "2938", "rank": "1", "page": "1", "url": "https://www.africanstorybook.org/#", "windowLocation": "http://localhost:7001/result?query=dcks&page=1"}
{"type": "cursorEnteredSnippet", "timestamp": "2026-04-22T09:32:00.543Z", "sessionID": "a887a3d3-8ee4-407c-8d6e-dcedbf5a21df", "query": "dcks", "docid": "5607", "rank": "2", "page": "1", "url": "http://www.gutenberg.org/files/15170/15170-h/15170-h.htm#mirror", "windowLocation": "http://localhost:7001/result?query=dcks&page=1"}
{"type": "cursorLeftSnippet", "timestamp": "2026-04-22T09:32:00.576Z", "sessionID": "a887a3d3-8ee4-407c-8d6e-dcedbf5a21df", "query": "dcks", "docid": "5607", "rank": "2", "page": "1", "url": "http://www.gutenberg.org/files/15170/15170-h/15170-h.htm#mirror", "windowLocation": "http://localhost:7001/result?query=dcks&page=1"}
{"type": "ClickedEndTask", "timestamp": "2026-04-22T09:32:01.582Z", "sessionID": "a887a3d3-8ee4-407c-8d6e-dcedbf5a21df"}
{"type": "TaskEndConfirmed", "timestamp": "2026-04-22T09:32:02.461Z", "sessionID": "a887a3d3-8ee4-407c-8d6e-dcedbf5a21df"}
{"type": "TaskEnded", "timestamp": "2026-04-22T09:32:03.071Z", "sessionID": "a887a3d3-8ee4-407c-8d6e-dcedbf5a21df", "answer": ""}
