{"type": "TaskStarted", "timestamp": "2026-04-23T08:20:16.617Z", "sessionID": "4a5aa960-4238-4243-804f-a2ef1b55797e"}
{"type": "idSubmitted", "timestamp": "2026-04-23T08:20:16.620Z", "sessionID": "4a5aa960-4238-4243-804f-a2ef1b55797e", "uid": "Participant1"}
{"type": "queryBoxFocused", "timestamp": "2026-04-23T08:20:18.501Z", "sessionID": "4a5aa960-4238-4243-804f-a2ef1b55797e"}
{"type": "querySubmitted", "timestamp": "2026-04-23T08:20:25.954Z", "sessionID": "4a5aa960-4238-4243-804f-a2ef1b55797e", "query": "dcks and eggs"}
{"type": "searchResultGenerated", "timestamp": "2026-04-23T08:20:26.447Z", "sessionID": "4a5aa960-4238-4243-804f-a2ef1b55797e", "query": "dcks and eggs", "docid": "2938", "rank": "1", "page": "1", "url": "https://www.africanstorybook.org/#", "windowLocation": "http://localhost:7001/result?query=dcks+and+eggs&page=1"}
{"type": "searchResultGenerated", "timestamp": "2026-04-23T08:20:26.447Z", "sessionID": "4a5aa960-4238-4243-804f-a2ef1b55797e", "query": "dcks and eggs", "docid": "2127", "rank": "2", "page": "1", "url": "https://en.wikipedia.org/wiki/Incubator_(egg)", "windowLocation": "http://localhost:7001/result?query=dcks+and+eggs&page=1"}
{"type": "searchResultGenerated", "timestamp": "2026-04-23T08:20:26.447Z", "sessionID": "4a5aa960-4238-4243-804f-a2ef1b55797e", "query": "dcks and eggs", "docid": "3071", "rank": "3", "page": "1", "url": "https://www.africanstorybook.org/", "windowLocation": "http://localhost:7001/result?query=dcks+and+eggs&page=1"}
{"type": "searchResultGenerated", "timestamp": "2026-04-23T08:20:26.447Z", "sessionID": "4a5aa960-4238-4243-804f-a2ef1b55797e", "query": "dcks and eggs", "docid": "2036", "rank": "4", "page": "1", "url": "https://kids.frontiersin.org/article/10.3389/frym.2020.00032", "windowLocation": "http://localhost:7001/result?query=dcks+and+eggs&page=1"}
{"type": "searchResultGenerated", "timestamp": "2026-04-23T08:20:26.447Z", "sessionID": "4a5aa960-4238-4243-804f-a2ef1b55797e", "query": "dcks and eggs", "docid": "5613", "rank": "5", "page": "1", "url": "http://www.gutenberg.org/files/14170/14170-h/14170-h.htm#HUNTING_FOR_EASTER_EGGS", "windowLocation": "http://localhost:7001/result?query=dcks+and+eggs&page=1"}
{"type": "searchResultGenerated", "timestamp": "2026-04-23T08:20:26.448Z", "sessionID": "4a5aa960-4238-4243-804f-a2ef1b55797e", "query": "dcks and eggs", "docid": "7438", "rank": "6", "page": "1", "url": "https://www.digitallibrary.io/en/books/details/1383", "windowLocation": "http://localhost:7001/result?query=dcks+and+eggs&page=1"}
{"type": "searchResultGenerated", "timestamp": "2026-04-23T08:20:26.448Z", "sessionID": "4a5aa960-4238-4243-804f-a2ef1b55797e", "query": "dcks and eggs", "docid": "3395", "rank": "7", "page": "1", "url": "https://www.africanstorybook.org/", "windowLocation": "http://localhost:7001/result?query=dcks+and+eggs&page=1"}
{"type": "searchResultGenerated", "timestamp": "2026-04-23T08:20:26.449Z", "sessionID": "4a5aa960-4238-4243-804f-a2ef1b55797e", "query": "dcks and eggs", "docid": "2884", "rank": "8", "page": "1", "url": "https://kids.frontiersin.org/article/10.3389/frym.2016.00024", "windowLocation": "http://localhost:7001/result?query=dcks+and+eggs&page=1"}
{"type": "searchResultGenerated", "timestamp": "2026-04-23T08:20:26.449Z", "sessionID": "4a5aa960-4238-4243-804f-a2ef1b55797e", "query": "dcks and eggs", "docid": "4527", "rank": "9", "page": "1", "url": "http://www.gutenberg.org/files/15170/15170-h/15170-h.htm#bird-life", "windowLocation": "http://localhost:7001/result?query=dcks+and+eggs&page=1"}
{"type": "searchResultGenerated", "timestamp": "2026-04-23T08:20:26.450Z", "sessionID": "4a5aa960-4238-4243-804f-a2ef1b55797e", "query": "dcks and eggs", "docid": "3285", "rank": "10", "page": "1", "url": "https://www.digitallibrary.io/en/books/details/3739", "windowLocation": "http://localhost:7001/result?query=dcks+and+eggs&page=1"}
{"type": "hoverOverSnippet", "timestamp": "2026-04-23T08:20:31.124Z", "sessionID": "4a5aa960-4238-4243-804f-a2ef1b55797e", "query": "dcks and eggs", "docid": "2938", "rank": "1", "page": "1", "url": "https://www.africanstorybook.org/#", "windowLocation": "http://localhost:7001/result?query=dcks+and+eggs&page=1"}
{"type": "hoverOverSnippet", "timestamp": "2026-04-23T08:20:31.323Z", "sessionID": "4a5aa960-4238-4243-804f-a2ef1b55797e", "query": "dcks and eggs", "docid": "2127", "rank": "2", "page": "1", "url": "https://en.wikipedia.org/wiki/Incubator_(egg)", "windowLocation": "http://localhost:7001/result?query=dcks+and+eggs&page=1"}
{"type": "hoverOverSnippet", "timestamp": "2026-04-23T08:20:31.373Z", "sessionID": "4a5aa960-4238-4243-804f-a2ef1b55797e", "query": "dcks and eggs", "docid": "3071", "rank": "3", "page": "1", "url": "https://www.africanstorybook.org/", "windowLocation": "http://localhost:7001/result?query=dcks+and+eggs&page=1"}
{"type": "hoverOverSnippet", "timestamp": "2026-04-23T08:20:33.441Z", "sessionID": "4a5aa960-4238-4243-804f-a2ef1b55797e", "query": "dcks and eggs", "docid": "3071", "rank": "3", "page": "1", "url": "https://www.africanstorybook.org/", "windowLocation": "http://localhost:7001/result?query=dcks+and+eggs&page=1"}
{"type": "searchResultGenerated", "timestamp": "2026-04-23T08:24:07.765Z", "sessionID": "4a5aa960-4238-4243-804f-a2ef1b55797e", "query": "ducks and eggs", "docid": "2938", "rank": "1", "page": "1", "url": "https://www.africanstorybook.org/#", "windowLocation": "http://localhost:7001/result?query=ducks+and+eggs&page=1"}
{"type": "searchResultGenerated", "timestamp": "2026-04-23T08:24:07.765Z", "sessionID": "4a5aa960-4238-4243-804f-a2ef1b55797e", "query": "ducks and eggs", "docid": "5589", "rank": "2", "page": "1", "url": "http://www.gutenberg.org/files/28133/28133-h/28133-h.htm#Page_139", "windowLocation": "http://localhost:7001/result?query=ducks+and+eggs&page=1"}
{"type": "searchResultGenerated", "timestamp": "2026-04-23T08:24:07.765Z", "sessionID": "4a5aa960-4238-4243-804f-a2ef1b55797e", "query": "ducks and eggs", "docid": "3071", "rank": "3", "page": "1", "url": "https://www.africanstorybook.org/", "windowLocation": "http://localhost:7001/result?query=ducks+and+eggs&page=1"}
{"type": "searchResultGenerated", "timestamp": "2026-04-23T08:24:07.766Z", "sessionID": "4a5aa960-4238-4243-804f-a2ef1b55797e", "query": "ducks and eggs", "docid": "5405", "rank": "4", "page": "1", "url": "http://www.gutenberg.org/files/14493/14493-h/14493-h.htm#A_DAY_ON_GRANDPAS_FARM", "windowLocation": "http://localhost:7001/result?query=ducks+and+eggs&page=1"}
{"type": "searchResultGenerated", "timestamp": "2026-04-23T08:24:07.766Z", "sessionID": "4a5aa960-4238-4243-804f-a2ef1b55797e", "query": "ducks and eggs", "docid": "4970", "rank": "5", "page": "1", "url": "http://www.gutenberg.org/files/8950/8950-h/8950-h.htm", "windowLocation": "http://localhost:7001/result?query=ducks+and+eggs&page=1"}
{"type": "searchResultGenerated", "timestamp": "2026-04-23T08:24:07.766Z", "sessionID": "4a5aa960-4238-4243-804f-a2ef1b55797e", "query": "ducks and eggs", "docid": "5234", "rank": "6", "page": "1", "url": "http://www.gutenberg.org/files/42159/42159-h/42159-h.htm#Page_308", "windowLocation": "http://localhost:7001/result?query=ducks+and+eggs&page=1"}
{"type": "searchResultGenerated", "timestamp": "2026-04-23T08:24:07.766Z", "sessionID": "4a5aa960-4238-4243-804f-a2ef1b55797e", "query": "ducks and eggs", "docid": "5607", "rank": "7", "page": "1", "url": "http://www.gutenberg.org/files/15170/15170-h/15170-h.htm#mirror", "windowLocation": "http://localhost:7001/result?query=ducks+and+eggs&page=1"}
{"type": "searchResultGenerated", "timestamp": "2026-04-23T08:24:07.766Z", "sessionID": "4a5aa960-4238-4243-804f-a2ef1b55797e", "query": "ducks and eggs", "docid": "5292", "rank": "8", "page": "1", "url": "http://www.gutenberg.org/files/40756/40756-h/40756-h.htm#Page_135", "windowLocation": "http://localhost:7001/result?query=ducks+and+eggs&page=1"}
{"type": "searchResultGenerated", "timestamp": "2026-04-23T08:24:07.766Z", "sessionID": "4a5aa960-4238-4243-804f-a2ef1b55797e", "query": "ducks and eggs", "docid": "5499", "rank": "9", "page": "1", "url": "http://www.gutenberg.org/files/28130/28130-h/28130-h.htm#Page_57", "windowLocation": "http://localhost:7001/result?query=ducks+and+eggs&page=1"}
{"type": "searchResultGenerated", "timestamp": "2026-04-23T08:24:07.766Z", "sessionID": "4a5aa960-4238-4243-804f-a2ef1b55797e", "query": "ducks and eggs", "docid": "5642", "rank": "10", "page": "1", "url": "http://www.gutenberg.org/files/16522/16522-h/16522-h.htm#ELSIES_DUCKS", "windowLocation": "http://localhost:7001/result?query=ducks+and+eggs&page=1"}
{"type": "ClickedEndTask", "timestamp": "2026-04-23T08:24:08.900Z", "sessionID": "4a5aa960-4238-4243-804f-a2ef1b55797e"}
{"type": "TaskEndConfirmed", "timestamp": "2026-04-23T08:24:10.146Z", "sessionID": "4a5aa960-4238-4243-804f-a2ef1b55797e"}
{"type": "TaskEnded", "timestamp": "2026-04-23T08:24:11.264Z", "sessionID": "4a5aa960-4238-4243-804f-a2ef1b55797e", "answer": ""}
