{"type": "TaskStarted", "timestamp": "2026-04-21T14:06:01.647Z", "sessionID": "bb4bdcf7-6453-4a05-b458-5eb9855c8f87"}
{"type": "idSubmitted", "timestamp": "2026-04-21T14:06:01.652Z", "sessionID": "bb4bdcf7-6453-4a05-b458-5eb9855c8f87", "uid": "Participant8"}
{"type": "queryBoxFocused", "timestamp": "2026-04-21T14:06:02.709Z", "sessionID": "bb4bdcf7-6453-4a05-b458-5eb9855c8f87"}
{"type": "querySubmitted", "timestamp": "2026-04-21T14:06:04.531Z", "sessionID": "bb4bdcf7-6453-4a05-b458-5eb9855c8f87", "query": "atism"}
{"type": "searchResultGenerated", "timestamp": "2026-04-21T14:06:05.757Z", "sessionID": "bb4bdcf7-6453-4a05-b458-5eb9855c8f87", "query": "autism", "docid": "2615", "rank": "1", "page": "1", "url": "https://kids.frontiersin.org/article/10.3389/frym.2019.00129", "windowLocation": "http://localhost:7001/result?query=autism&page=1"}
{"type": "cursorEnteredSnippet", "timestamp": "2026-04-21T14:06:06.528Z", "sessionID": "bb4bdcf7-6453-4a05-b458-5eb9855c8f87", "query": "autism", "docid": "2615", "rank": "1", "page": "1", "url": "https://kids.frontiersin.org/article/10.3389/frym.2019.00129", "windowLocation": "http://localhost:7001/result?query=autism&page=1"}
{"type": "cursorLeftSnippet", "timestamp": "2026-04-21T14:06:06.728Z", "sessionID": "bb4bdcf7-6453-4a05-b458-5eb9855c8f87", "query": "autism", "docid": "2615", "rank": "1", "page": "1", "url": "https://kids.frontiersin.org/article/10.3389/frym.2019.00129", "windowLocation": "http://localhost:7001/result?query=autism&page=1"}
{"type": "searchResultGenerated", "timestamp": "2026-04-21T14:06:07.887Z", "sessionID": "bb4bdcf7-6453-4a05-b458-5eb9855c8f87", "query": "autism", "docid": "2615", "rank": "1", "page": "1", "url": "https://kids.frontiersin.org/article/10.3389/frym.2019.00129", "windowLocation": "http://localhost:7001/result?query=autism&page=1"}
{"type": "wentBack", "timestamp": "2026-04-21T14:06:13.002Z", "sessionID": "bb4bdcf7-6453-4a05-b458-5eb9855c8f87", "query": "autism", "fromURL": "http://localhost:7001/result?query=autism&page=1", "toURL": "http://localhost:7001/result?query=autism&page=1"}
{"type": "cursorEnteredSnippet", "timestamp": "2026-04-21T14:06:13.611Z", "sessionID": "bb4bdcf7-6453-4a05-b458-5eb9855c8f87", "query": "autism", "docid": "2615", "rank": "1", "page": "1", "url": "https://kids.frontiersin.org/article/10.3389/frym.2019.00129", "windowLocation": "http://localhost:7001/result?query=autism&page=1"}
{"type": "cursorLeftSnippet", "timestamp": "2026-04-21T14:06:13.628Z", "sessionID": "bb4bdcf7-6453-4a05-b458-5eb9855c8f87", "query": "autism", "docid": "2615", "rank": "1", "page": "1", "url": "https://kids.frontiersin.org/article/10.3389/frym.2019.00129", "windowLocation": "http://localhost:7001/result?query=autism&page=1"}
{"type": "cursorEnteredSnippet", "timestamp": "2026-04-21T14:06:21.511Z", "sessionID": "bb4bdcf7-6453-4a05-b458-5eb9855c8f87", "query": "autism", "docid": "2615", "rank": "1", "page": "1", "url": "https://kids.frontiersin.org/article/10.3389/frym.2019.00129", "windowLocation": "http://localhost:7001/result?query=autism&page=1"}
{"type": "cursorLeftSnippet", "timestamp": "2026-04-21T14:06:21.627Z", "sessionID": "bb4bdcf7-6453-4a05-b458-5eb9855c8f87", "query": "autism", "docid": "2615", "rank": "1", "page": "1", "url": "https://kids.frontiersin.org/article/10.3389/frym.2019.00129", "windowLocation": "http://localhost:7001/result?query=autism&page=1"}
{"type": "cursorEnteredSnippet", "timestamp": "2026-04-21T14:06:30.144Z", "sessionID": "bb4bdcf7-6453-4a05-b458-5eb9855c8f87", "query": "autism", "docid": "2615", "rank": "1", "page": "1", "url": "https://kids.frontiersin.org/article/10.3389/frym.2019.00129", "windowLocation": "http://localhost:7001/result?query=autism&page=1"}
{"type": "cursorLeftSnippet", "timestamp": "2026-04-21T14:06:30.177Z", "sessionID": "bb4bdcf7-6453-4a05-b458-5eb9855c8f87", "query": "autism", "docid": "2615", "rank": "1", "page": "1", "url": "https://kids.frontiersin.org/article/10.3389/frym.2019.00129", "windowLocation": "http://localhost:7001/result?query=autism&page=1"}
{"type": "cursorEnteredSnippet", "timestamp": "2026-04-21T14:06:30.810Z", "sessionID": "bb4bdcf7-6453-4a05-b458-5eb9855c8f87", "query": "autism", "docid": "2615", "rank": "1", "page": "1", "url": "https://kids.frontiersin.org/article/10.3389/frym.2019.00129", "windowLocation": "http://localhost:7001/result?query=autism&page=1"}
{"type": "cursorLeftSnippet", "timestamp": "2026-04-21T14:06:30.860Z", "sessionID": "bb4bdcf7-6453-4a05-b458-5eb9855c8f87", "query": "autism", "docid": "2615", "rank": "1", "page": "1", "url": "https://kids.frontiersin.org/article/10.3389/frym.2019.00129", "windowLocation": "http://localhost:7001/result?query=autism&page=1"}
{"type": "cursorEnteredSnippet", "timestamp": "2026-04-21T14:16:22.563Z", "sessionID": "bb4bdcf7-6453-4a05-b458-5eb9855c8f87", "query": "autism", "docid": "2615", "rank": "1", "page": "1", "url": "https://kids.frontiersin.org/article/10.3389/frym.2019.00129", "windowLocation": "http://localhost:7001/result?query=autism&page=1"}
{"type": "cursorLeftSnippet", "timestamp": "2026-04-21T14:16:22.647Z", "sessionID": "bb4bdcf7-6453-4a05-b458-5eb9855c8f87", "query": "autism", "docid": "2615", "rank": "1", "page": "1", "url": "https://kids.frontiersin.org/article/10.3389/frym.2019.00129", "windowLocation": "http://localhost:7001/result?query=autism&page=1"}
{"type": "cursorEnteredSnippet", "timestamp": "2026-04-21T14:16:23.780Z", "sessionID": "bb4bdcf7-6453-4a05-b458-5eb9855c8f87", "query": "autism", "docid": "2615", "rank": "1", "page": "1", "url": "https://kids.frontiersin.org/article/10.3389/frym.2019.00129", "windowLocation": "http://localhost:7001/result?query=autism&page=1"}
{"type": "cursorLeftSnippet", "timestamp": "2026-04-21T14:16:23.880Z", "sessionID": "bb4bdcf7-6453-4a05-b458-5eb9855c8f87", "query": "autism", "docid": "2615", "rank": "1", "page": "1", "url": "https://kids.frontiersin.org/article/10.3389/frym.2019.00129", "windowLocation": "http://localhost:7001/result?query=autism&page=1"}
{"type": "searchResultGenerated", "timestamp": "2026-04-21T14:16:26.239Z", "sessionID": "bb4bdcf7-6453-4a05-b458-5eb9855c8f87", "query": "autism", "docid": "2615", "rank": "1", "page": "1", "url": "https://kids.frontiersin.org/article/10.3389/frym.2019.00129", "windowLocation": "http://localhost:7001/result?query=autism&page=1"}
{"type": "wentBack", "timestamp": "2026-04-21T14:16:29.388Z", "sessionID": "bb4bdcf7-6453-4a05-b458-5eb9855c8f87", "query": "autism", "fromURL": "http://localhost:7001/result?query=autism&page=1", "toURL": "http://localhost:7001/result?query=autism&page=1"}
{"type": "searchResultGenerated", "timestamp": "2026-04-21T14:16:30.505Z", "sessionID": "bb4bdcf7-6453-4a05-b458-5eb9855c8f87", "query": "autism", "docid": "2615", "rank": "1", "page": "1", "url": "https://kids.frontiersin.org/article/10.3389/frym.2019.00129", "windowLocation": "http://localhost:7001/result?query=autism&page=1"}
{"type": "ClickedEndTask", "timestamp": "2026-04-21T14:16:31.682Z", "sessionID": "bb4bdcf7-6453-4a05-b458-5eb9855c8f87"}
{"type": "TaskEndConfirmed", "timestamp": "2026-04-21T14:16:33.203Z", "sessionID": "bb4bdcf7-6453-4a05-b458-5eb9855c8f87"}
{"type": "TaskEnded", "timestamp": "2026-04-21T14:16:34.214Z", "sessionID": "bb4bdcf7-6453-4a05-b458-5eb9855c8f87", "answer": ""}
