{"type": "queryBoxFocused", "timestamp": "2026-04-15T11:45:48.145Z", "sessionID": "4128c837-3b92-464b-a696-1d26bf700a6e"}
{"type": "querySubmitted", "timestamp": "2026-04-15T11:45:52.120Z", "sessionID": "4128c837-3b92-464b-a696-1d26bf700a6e", "query": "dogs"}
{"type": "searchResultGenerated", "timestamp": "2026-04-15T11:45:52.605Z", "sessionID": "4128c837-3b92-464b-a696-1d26bf700a6e", "query": "dogs", "docid": "2936", "rank": "1", "page": "1", "url": "https://www.africanstorybook.org/#", "windowLocation": "http://localhost:7001/result?query=dogs&page=1"}
{"type": "searchResultGenerated", "timestamp": "2026-04-15T11:45:52.605Z", "sessionID": "4128c837-3b92-464b-a696-1d26bf700a6e", "query": "dogs", "docid": "2942", "rank": "2", "page": "1", "url": "https://www.africanstorybook.org/#", "windowLocation": "http://localhost:7001/result?query=dogs&page=1"}
{"type": "searchResultGenerated", "timestamp": "2026-04-15T11:45:52.606Z", "sessionID": "4128c837-3b92-464b-a696-1d26bf700a6e", "query": "dogs", "docid": "2937", "rank": "3", "page": "1", "url": "https://www.africanstorybook.org/#", "windowLocation": "http://localhost:7001/result?query=dogs&page=1"}
{"type": "searchResultGenerated", "timestamp": "2026-04-15T11:45:52.606Z", "sessionID": "4128c837-3b92-464b-a696-1d26bf700a6e", "query": "dogs", "docid": "2940", "rank": "4", "page": "1", "url": "https://www.africanstorybook.org/#", "windowLocation": "http://localhost:7001/result?query=dogs&page=1"}
{"type": "searchResultGenerated", "timestamp": "2026-04-15T11:45:52.606Z", "sessionID": "4128c837-3b92-464b-a696-1d26bf700a6e", "query": "dogs", "docid": "2939", "rank": "5", "page": "1", "url": "https://www.africanstorybook.org/#", "windowLocation": "http://localhost:7001/result?query=dogs&page=1"}
{"type": "searchResultGenerated", "timestamp": "2026-04-15T11:45:52.606Z", "sessionID": "4128c837-3b92-464b-a696-1d26bf700a6e", "query": "dogs", "docid": "3420", "rank": "6", "page": "1", "url": "https://www.africanstorybook.org/", "windowLocation": "http://localhost:7001/result?query=dogs&page=1"}
{"type": "searchResultGenerated", "timestamp": "2026-04-15T11:45:52.606Z", "sessionID": "4128c837-3b92-464b-a696-1d26bf700a6e", "query": "dogs", "docid": "5461", "rank": "7", "page": "1", "url": "http://www.gutenberg.org/files/28142/28142-h/28142-h.htm#Page_73", "windowLocation": "http://localhost:7001/result?query=dogs&page=1"}
{"type": "searchResultGenerated", "timestamp": "2026-04-15T11:45:52.606Z", "sessionID": "4128c837-3b92-464b-a696-1d26bf700a6e", "query": "dogs", "docid": "3071", "rank": "8", "page": "1", "url": "https://www.africanstorybook.org/", "windowLocation": "http://localhost:7001/result?query=dogs&page=1"}
{"type": "searchResultGenerated", "timestamp": "2026-04-15T11:45:52.606Z", "sessionID": "4128c837-3b92-464b-a696-1d26bf700a6e", "query": "dogs", "docid": "2892", "rank": "9", "page": "1", "url": "https://www.africanstorybook.org/#", "windowLocation": "http://localhost:7001/result?query=dogs&page=1"}
{"type": "searchResultGenerated", "timestamp": "2026-04-15T11:45:52.606Z", "sessionID": "4128c837-3b92-464b-a696-1d26bf700a6e", "query": "dogs", "docid": "2938", "rank": "10", "page": "1", "url": "https://www.africanstorybook.org/#", "windowLocation": "http://localhost:7001/result?query=dogs&page=1"}
{"type": "queryBoxFocused", "timestamp": "2026-04-15T11:45:53.229Z", "sessionID": "4128c837-3b92-464b-a696-1d26bf700a6e"}
{"type": "querySubmitted", "timestamp": "2026-04-15T11:45:55.304Z", "sessionID": "4128c837-3b92-464b-a696-1d26bf700a6e", "query": "ball"}
{"type": "searchResultGenerated", "timestamp": "2026-04-15T11:45:55.744Z", "sessionID": "4128c837-3b92-464b-a696-1d26bf700a6e", "query": "ball", "docid": "2936", "rank": "1", "page": "1", "url": "https://www.africanstorybook.org/#", "windowLocation": "http://localhost:7001/result?query=ball&page=1"}
{"type": "searchResultGenerated", "timestamp": "2026-04-15T11:45:55.744Z", "sessionID": "4128c837-3b92-464b-a696-1d26bf700a6e", "query": "ball", "docid": "2799", "rank": "2", "page": "1", "url": "https://www.africanstorybook.org/#", "windowLocation": "http://localhost:7001/result?query=ball&page=1"}
{"type": "searchResultGenerated", "timestamp": "2026-04-15T11:45:55.744Z", "sessionID": "4128c837-3b92-464b-a696-1d26bf700a6e", "query": "ball", "docid": "7012", "rank": "3", "page": "1", "url": "http://www.gutenberg.org/files/25359/25359-h/25359-h.htm#WINDBALL", "windowLocation": "http://localhost:7001/result?query=ball&page=1"}
{"type": "searchResultGenerated", "timestamp": "2026-04-15T11:45:55.745Z", "sessionID": "4128c837-3b92-464b-a696-1d26bf700a6e", "query": "ball", "docid": "7002", "rank": "4", "page": "1", "url": "http://www.gutenberg.org/files/25359/25359-h/25359-h.htm#Page_73", "windowLocation": "http://localhost:7001/result?query=ball&page=1"}
{"type": "searchResultGenerated", "timestamp": "2026-04-15T11:45:55.745Z", "sessionID": "4128c837-3b92-464b-a696-1d26bf700a6e", "query": "ball", "docid": "5521", "rank": "5", "page": "1", "url": "http://www.gutenberg.org/files/28129/28129-h/28129-h.htm#Page_27", "windowLocation": "http://localhost:7001/result?query=ball&page=1"}
{"type": "searchResultGenerated", "timestamp": "2026-04-15T11:45:55.745Z", "sessionID": "4128c837-3b92-464b-a696-1d26bf700a6e", "query": "ball", "docid": "2734", "rank": "6", "page": "1", "url": "https://www.africanstorybook.org/", "windowLocation": "http://localhost:7001/result?query=ball&page=1"}
{"type": "searchResultGenerated", "timestamp": "2026-04-15T11:45:55.745Z", "sessionID": "4128c837-3b92-464b-a696-1d26bf700a6e", "query": "ball", "docid": "5035", "rank": "7", "page": "1", "url": "http://www.gutenberg.org/files/8742/8742-h/8742-h.htm", "windowLocation": "http://localhost:7001/result?query=ball&page=1"}
{"type": "searchResultGenerated", "timestamp": "2026-04-15T11:45:55.745Z", "sessionID": "4128c837-3b92-464b-a696-1d26bf700a6e", "query": "ball", "docid": "6527", "rank": "8", "page": "1", "url": "http://www.gutenberg.org/cache/epub/12735/pg12735-images.html", "windowLocation": "http://localhost:7001/result?query=ball&page=1"}
{"type": "searchResultGenerated", "timestamp": "2026-04-15T11:45:55.745Z", "sessionID": "4128c837-3b92-464b-a696-1d26bf700a6e", "query": "ball", "docid": "3380", "rank": "9", "page": "1", "url": "https://www.digitallibrary.io/en/books/details/1857", "windowLocation": "http://localhost:7001/result?query=ball&page=1"}
{"type": "searchResultGenerated", "timestamp": "2026-04-15T11:45:55.746Z", "sessionID": "4128c837-3b92-464b-a696-1d26bf700a6e", "query": "ball", "docid": "2781", "rank": "10", "page": "1", "url": "https://www.africanstorybook.org/#", "windowLocation": "http://localhost:7001/result?query=ball&page=1"}
{"type": "ClickedEndTask", "timestamp": "2026-04-15T11:45:57.311Z", "sessionID": "4128c837-3b92-464b-a696-1d26bf700a6e"}
{"type": "TaskEndConfirmed", "timestamp": "2026-04-15T11:45:58.226Z", "sessionID": "4128c837-3b92-464b-a696-1d26bf700a6e"}
{"type": "TaskEnded", "timestamp": "2026-04-15T11:46:06.740Z", "sessionID": "4128c837-3b92-464b-a696-1d26bf700a6e", "answer": "dog like to play with balls"}
