{"type": "TaskStarted", "timestamp": "2026-04-22T11:34:39.768Z", "sessionID": "8ddae320-ca8a-4654-a2da-c7ea5a500129"}
{"type": "idSubmitted", "timestamp": "2026-04-22T11:34:39.770Z", "sessionID": "8ddae320-ca8a-4654-a2da-c7ea5a500129", "uid": "Participant7"}
{"type": "queryBoxFocused", "timestamp": "2026-04-22T11:34:41.619Z", "sessionID": "8ddae320-ca8a-4654-a2da-c7ea5a500129"}
{"type": "querySubmitted", "timestamp": "2026-04-22T11:34:51.820Z", "sessionID": "8ddae320-ca8a-4654-a2da-c7ea5a500129", "query": "presdent"}
{"type": "generatedDidYouMean", "timestamp": "2026-04-22T11:34:54.032Z", "sessionID": "8ddae320-ca8a-4654-a2da-c7ea5a500129", "user query": "presdent", "suggested query": "present"}
{"type": "searchResultGenerated", "timestamp": "2026-04-22T11:34:54.033Z", "sessionID": "8ddae320-ca8a-4654-a2da-c7ea5a500129", "query": "presdent", "docid": "5665", "rank": "1", "page": "1", "url": "http://www.gutenberg.org/files/24474/24474-h/24474-h.htm#Page_6", "windowLocation": "http://localhost:7001/result?query=presdent&page=1"}
{"type": "searchResultGenerated", "timestamp": "2026-04-22T11:34:54.033Z", "sessionID": "8ddae320-ca8a-4654-a2da-c7ea5a500129", "query": "presdent", "docid": "5770", "rank": "2", "page": "1", "url": "http://www.gutenberg.org/files/24475/24475-h/24475-h.htm#Page_61", "windowLocation": "http://localhost:7001/result?query=presdent&page=1"}
{"type": "searchResultGenerated", "timestamp": "2026-04-22T11:34:54.034Z", "sessionID": "8ddae320-ca8a-4654-a2da-c7ea5a500129", "query": "presdent", "docid": "2983", "rank": "3", "page": "1", "url": "https://www.africanstorybook.org/", "windowLocation": "http://localhost:7001/result?query=presdent&page=1"}
{"type": "searchResultGenerated", "timestamp": "2026-04-22T11:34:54.034Z", "sessionID": "8ddae320-ca8a-4654-a2da-c7ea5a500129", "query": "presdent", "docid": "5606", "rank": "4", "page": "1", "url": "http://www.gutenberg.org/files/21047/21047-h/21047-h.htm#THE_CHRISTMAS_PRESENTS", "windowLocation": "http://localhost:7001/result?query=presdent&page=1"}
{"type": "searchResultGenerated", "timestamp": "2026-04-22T11:34:54.035Z", "sessionID": "8ddae320-ca8a-4654-a2da-c7ea5a500129", "query": "presdent", "docid": "425", "rank": "5", "page": "1", "url": "http://www.gutenberg.org/files/837/837-h/837-h.htm", "windowLocation": "http://localhost:7001/result?query=presdent&page=1"}
{"type": "searchResultGenerated", "timestamp": "2026-04-22T11:34:54.035Z", "sessionID": "8ddae320-ca8a-4654-a2da-c7ea5a500129", "query": "presdent", "docid": "5202", "rank": "6", "page": "1", "url": "http://www.gutenberg.org/files/18345/18345-h/18345-h.htm#art10", "windowLocation": "http://localhost:7001/result?query=presdent&page=1"}
{"type": "searchResultGenerated", "timestamp": "2026-04-22T11:34:54.035Z", "sessionID": "8ddae320-ca8a-4654-a2da-c7ea5a500129", "query": "presdent", "docid": "5613", "rank": "7", "page": "1", "url": "http://www.gutenberg.org/files/14170/14170-h/14170-h.htm#HUNTING_FOR_EASTER_EGGS", "windowLocation": "http://localhost:7001/result?query=presdent&page=1"}
{"type": "searchResultGenerated", "timestamp": "2026-04-22T11:34:54.036Z", "sessionID": "8ddae320-ca8a-4654-a2da-c7ea5a500129", "query": "presdent", "docid": "6399", "rank": "8", "page": "1", "url": "http://www.gutenberg.org/files/15285/15285-h/15285-h.htm", "windowLocation": "http://localhost:7001/result?query=presdent&page=1"}
{"type": "searchResultGenerated", "timestamp": "2026-04-22T11:34:54.036Z", "sessionID": "8ddae320-ca8a-4654-a2da-c7ea5a500129", "query": "presdent", "docid": "6199", "rank": "9", "page": "1", "url": "http://www.gutenberg.org/cache/epub/8507/pg8507-images.html", "windowLocation": "http://localhost:7001/result?query=presdent&page=1"}
{"type": "searchResultGenerated", "timestamp": "2026-04-22T11:34:54.037Z", "sessionID": "8ddae320-ca8a-4654-a2da-c7ea5a500129", "query": "presdent", "docid": "3897", "rank": "10", "page": "1", "url": "http://www.gutenberg.org/cache/epub/6328/pg6328-images.html", "windowLocation": "http://localhost:7001/result?query=presdent&page=1"}
{"type": "cursorEnteredSnippet", "timestamp": "2026-04-22T11:34:59.142Z", "sessionID": "8ddae320-ca8a-4654-a2da-c7ea5a500129", "query": "presdent", "docid": "5665", "rank": "1", "page": "1", "url": "http://www.gutenberg.org/files/24474/24474-h/24474-h.htm#Page_6", "windowLocation": "http://localhost:7001/result?query=presdent&page=1"}
{"type": "cursorLeftSnippet", "timestamp": "2026-04-22T11:34:59.395Z", "sessionID": "8ddae320-ca8a-4654-a2da-c7ea5a500129", "query": "presdent", "docid": "5665", "rank": "1", "page": "1", "url": "http://www.gutenberg.org/files/24474/24474-h/24474-h.htm#Page_6", "windowLocation": "http://localhost:7001/result?query=presdent&page=1"}
{"type": "pageNavigationClicked", "timestamp": "2026-04-22T11:35:02.595Z", "sessionID": "8ddae320-ca8a-4654-a2da-c7ea5a500129", "clicked": "2", "fromPage": 1, "toPage": 2}
{"type": "searchResultGenerated", "timestamp": "2026-04-22T11:35:03.796Z", "sessionID": "8ddae320-ca8a-4654-a2da-c7ea5a500129", "query": "presdent", "docid": "4169", "rank": "1", "page": "2", "url": "http://www.gutenberg.org/files/20521/20521-h/20521-h.htm#United_States_Fair_to_All", "windowLocation": "http://localhost:7001/result?query=presdent&page=2"}
{"type": "searchResultGenerated", "timestamp": "2026-04-22T11:35:03.797Z", "sessionID": "8ddae320-ca8a-4654-a2da-c7ea5a500129", "query": "presdent", "docid": "4341", "rank": "2", "page": "2", "url": "http://www.gutenberg.org/files/18880/18880-h/18880-h.htm#Our_Russian_Ally", "windowLocation": "http://localhost:7001/result?query=presdent&page=2"}
{"type": "searchResultGenerated", "timestamp": "2026-04-22T11:35:03.798Z", "sessionID": "8ddae320-ca8a-4654-a2da-c7ea5a500129", "query": "presdent", "docid": "5207", "rank": "3", "page": "2", "url": "http://www.gutenberg.org/files/8297/8297-h/8297-h.htm#7", "windowLocation": "http://localhost:7001/result?query=presdent&page=2"}
{"type": "searchResultGenerated", "timestamp": "2026-04-22T11:35:03.798Z", "sessionID": "8ddae320-ca8a-4654-a2da-c7ea5a500129", "query": "presdent", "docid": "729", "rank": "4", "page": "2", "url": "http://www.gutenberg.org/cache/epub/6440/pg6440-images.html", "windowLocation": "http://localhost:7001/result?query=presdent&page=2"}
{"type": "searchResultGenerated", "timestamp": "2026-04-22T11:35:03.799Z", "sessionID": "8ddae320-ca8a-4654-a2da-c7ea5a500129", "query": "presdent", "docid": "6298", "rank": "5", "page": "2", "url": "http://www.gutenberg.org/files/3066/3066-h/3066-h.htm#link2HCH0001", "windowLocation": "http://localhost:7001/result?query=presdent&page=2"}
{"type": "searchResultGenerated", "timestamp": "2026-04-22T11:35:03.799Z", "sessionID": "8ddae320-ca8a-4654-a2da-c7ea5a500129", "query": "presdent", "docid": "6748", "rank": "6", "page": "2", "url": "http://www.gutenberg.org/files/20753/20753-h/20753-h.htm", "windowLocation": "http://localhost:7001/result?query=presdent&page=2"}
{"type": "searchResultGenerated", "timestamp": "2026-04-22T11:35:03.800Z", "sessionID": "8ddae320-ca8a-4654-a2da-c7ea5a500129", "query": "presdent", "docid": "5370", "rank": "7", "page": "2", "url": "http://www.gutenberg.org/files/8296/8296-h/8296-h.htm", "windowLocation": "http://localhost:7001/result?query=presdent&page=2"}
{"type": "searchResultGenerated", "timestamp": "2026-04-22T11:35:03.801Z", "sessionID": "8ddae320-ca8a-4654-a2da-c7ea5a500129", "query": "presdent", "docid": "6920", "rank": "8", "page": "2", "url": "http://www.gutenberg.org/files/20748/20748-h/20748-h.htm#puss", "windowLocation": "http://localhost:7001/result?query=presdent&page=2"}
{"type": "searchResultGenerated", "timestamp": "2026-04-22T11:35:03.801Z", "sessionID": "8ddae320-ca8a-4654-a2da-c7ea5a500129", "query": "presdent", "docid": "7017", "rank": "9", "page": "2", "url": "http://www.gutenberg.org/files/25359/25359-h/25359-h.htm#Page_188", "windowLocation": "http://localhost:7001/result?query=presdent&page=2"}
{"type": "searchResultGenerated", "timestamp": "2026-04-22T11:35:03.802Z", "sessionID": "8ddae320-ca8a-4654-a2da-c7ea5a500129", "query": "presdent", "docid": "5128", "rank": "10", "page": "2", "url": "http://www.gutenberg.org/files/8452/8452-h/8452-h.htm", "windowLocation": "http://localhost:7001/result?query=presdent&page=2"}
{"type": "ClickedEndTask", "timestamp": "2026-04-22T11:35:11.696Z", "sessionID": "8ddae320-ca8a-4654-a2da-c7ea5a500129"}
{"type": "TaskEndConfirmed", "timestamp": "2026-04-22T11:35:12.638Z", "sessionID": "8ddae320-ca8a-4654-a2da-c7ea5a500129"}
{"type": "TaskEnded", "timestamp": "2026-04-22T11:35:13.145Z", "sessionID": "8ddae320-ca8a-4654-a2da-c7ea5a500129", "answer": ""}
