{"type": "TaskStarted", "timestamp": "2026-04-21T13:55:35.548Z", "sessionID": "e88db8a6-1529-4ec9-82c1-25fd1def8df1"}
{"type": "idSubmitted", "timestamp": "2026-04-21T13:55:35.551Z", "sessionID": "e88db8a6-1529-4ec9-82c1-25fd1def8df1", "uid": "Participant8"}
{"type": "queryBoxFocused", "timestamp": "2026-04-21T13:55:37.005Z", "sessionID": "e88db8a6-1529-4ec9-82c1-25fd1def8df1"}
{"type": "querySubmitted", "timestamp": "2026-04-21T13:55:38.709Z", "sessionID": "e88db8a6-1529-4ec9-82c1-25fd1def8df1", "query": "atism"}
{"type": "searchResultGenerated", "timestamp": "2026-04-21T13:55:39.731Z", "sessionID": "e88db8a6-1529-4ec9-82c1-25fd1def8df1", "query": "autism", "docid": "2615", "rank": "1", "page": "1", "url": "https://kids.frontiersin.org/article/10.3389/frym.2019.00129", "windowLocation": "http://localhost:7001/result?query=autism&page=1"}
{"type": "cursorEnteredSnippet", "timestamp": "2026-04-21T13:56:03.210Z", "sessionID": "e88db8a6-1529-4ec9-82c1-25fd1def8df1", "query": "autism", "docid": "2615", "rank": "1", "page": "1", "url": "https://kids.frontiersin.org/article/10.3389/frym.2019.00129", "windowLocation": "http://localhost:7001/result?query=autism&page=1"}
{"type": "cursorLeftSnippet", "timestamp": "2026-04-21T13:56:03.259Z", "sessionID": "e88db8a6-1529-4ec9-82c1-25fd1def8df1", "query": "autism", "docid": "2615", "rank": "1", "page": "1", "url": "https://kids.frontiersin.org/article/10.3389/frym.2019.00129", "windowLocation": "http://localhost:7001/result?query=autism&page=1"}
{"type": "cursorEnteredSnippet", "timestamp": "2026-04-21T13:56:34.124Z", "sessionID": "e88db8a6-1529-4ec9-82c1-25fd1def8df1", "query": "autism", "docid": "2615", "rank": "1", "page": "1", "url": "https://kids.frontiersin.org/article/10.3389/frym.2019.00129", "windowLocation": "http://localhost:7001/result?query=autism&page=1"}
{"type": "cursorLeftSnippet", "timestamp": "2026-04-21T13:56:34.374Z", "sessionID": "e88db8a6-1529-4ec9-82c1-25fd1def8df1", "query": "autism", "docid": "2615", "rank": "1", "page": "1", "url": "https://kids.frontiersin.org/article/10.3389/frym.2019.00129", "windowLocation": "http://localhost:7001/result?query=autism&page=1"}
{"type": "cursorEnteredSnippet", "timestamp": "2026-04-21T13:56:35.208Z", "sessionID": "e88db8a6-1529-4ec9-82c1-25fd1def8df1", "query": "autism", "docid": "2615", "rank": "1", "page": "1", "url": "https://kids.frontiersin.org/article/10.3389/frym.2019.00129", "windowLocation": "http://localhost:7001/result?query=autism&page=1"}
{"type": "cursorLeftSnippet", "timestamp": "2026-04-21T13:56:35.274Z", "sessionID": "e88db8a6-1529-4ec9-82c1-25fd1def8df1", "query": "autism", "docid": "2615", "rank": "1", "page": "1", "url": "https://kids.frontiersin.org/article/10.3389/frym.2019.00129", "windowLocation": "http://localhost:7001/result?query=autism&page=1"}
{"type": "cursorEnteredSnippet", "timestamp": "2026-04-21T13:56:36.007Z", "sessionID": "e88db8a6-1529-4ec9-82c1-25fd1def8df1", "query": "autism", "docid": "2615", "rank": "1", "page": "1", "url": "https://kids.frontiersin.org/article/10.3389/frym.2019.00129", "windowLocation": "http://localhost:7001/result?query=autism&page=1"}
{"type": "cursorLeftSnippet", "timestamp": "2026-04-21T13:56:36.924Z", "sessionID": "e88db8a6-1529-4ec9-82c1-25fd1def8df1", "query": "autism", "docid": "2615", "rank": "1", "page": "1", "url": "https://kids.frontiersin.org/article/10.3389/frym.2019.00129", "windowLocation": "http://localhost:7001/result?query=autism&page=1"}
{"type": "cursorEnteredSnippet", "timestamp": "2026-04-21T13:56:43.661Z", "sessionID": "e88db8a6-1529-4ec9-82c1-25fd1def8df1", "query": "autism", "docid": "2615", "rank": "1", "page": "1", "url": "https://kids.frontiersin.org/article/10.3389/frym.2019.00129", "windowLocation": "http://localhost:7001/result?query=autism&page=1"}
{"type": "queryBoxFocused", "timestamp": "2026-04-21T13:56:53.316Z", "sessionID": "e88db8a6-1529-4ec9-82c1-25fd1def8df1"}
{"type": "querySubmitted", "timestamp": "2026-04-21T13:56:55.416Z", "sessionID": "e88db8a6-1529-4ec9-82c1-25fd1def8df1", "query": "atism"}
{"type": "searchResultGenerated", "timestamp": "2026-04-21T13:56:56.377Z", "sessionID": "e88db8a6-1529-4ec9-82c1-25fd1def8df1", "query": "autism", "docid": "2615", "rank": "1", "page": "1", "url": "https://kids.frontiersin.org/article/10.3389/frym.2019.00129", "windowLocation": "http://localhost:7001/result?query=autism&page=1"}
{"type": "cursorEnteredSnippet", "timestamp": "2026-04-21T13:56:57.124Z", "sessionID": "e88db8a6-1529-4ec9-82c1-25fd1def8df1", "query": "autism", "docid": "2615", "rank": "1", "page": "1", "url": "https://kids.frontiersin.org/article/10.3389/frym.2019.00129", "windowLocation": "http://localhost:7001/result?query=autism&page=1"}
{"type": "cursorLeftSnippet", "timestamp": "2026-04-21T13:56:57.524Z", "sessionID": "e88db8a6-1529-4ec9-82c1-25fd1def8df1", "query": "autism", "docid": "2615", "rank": "1", "page": "1", "url": "https://kids.frontiersin.org/article/10.3389/frym.2019.00129", "windowLocation": "http://localhost:7001/result?query=autism&page=1"}
{"type": "wentBack", "timestamp": "2026-04-21T13:57:19.367Z", "sessionID": "e88db8a6-1529-4ec9-82c1-25fd1def8df1", "query": "autism", "fromURL": "http://localhost:7001/result?query=autism&page=1", "toURL": "http://localhost:7001/result?query=autism&page=1"}
{"type": "searchResultGenerated", "timestamp": "2026-04-21T13:57:27.131Z", "sessionID": "e88db8a6-1529-4ec9-82c1-25fd1def8df1", "query": "autism", "docid": "2615", "rank": "1", "page": "1", "url": "https://kids.frontiersin.org/article/10.3389/frym.2019.00129", "windowLocation": "http://localhost:7001/result?query=autism&page=1"}
{"type": "cursorEnteredSnippet", "timestamp": "2026-04-21T13:57:27.539Z", "sessionID": "e88db8a6-1529-4ec9-82c1-25fd1def8df1", "query": "autism", "docid": "2615", "rank": "1", "page": "1", "url": "https://kids.frontiersin.org/article/10.3389/frym.2019.00129", "windowLocation": "http://localhost:7001/result?query=autism&page=1"}
{"type": "cursorLeftSnippet", "timestamp": "2026-04-21T13:57:27.606Z", "sessionID": "e88db8a6-1529-4ec9-82c1-25fd1def8df1", "query": "autism", "docid": "2615", "rank": "1", "page": "1", "url": "https://kids.frontiersin.org/article/10.3389/frym.2019.00129", "windowLocation": "http://localhost:7001/result?query=autism&page=1"}
{"type": "cursorEnteredSnippet", "timestamp": "2026-04-21T13:57:28.689Z", "sessionID": "e88db8a6-1529-4ec9-82c1-25fd1def8df1", "query": "autism", "docid": "2615", "rank": "1", "page": "1", "url": "https://kids.frontiersin.org/article/10.3389/frym.2019.00129", "windowLocation": "http://localhost:7001/result?query=autism&page=1"}
{"type": "cursorLeftSnippet", "timestamp": "2026-04-21T13:57:28.755Z", "sessionID": "e88db8a6-1529-4ec9-82c1-25fd1def8df1", "query": "autism", "docid": "2615", "rank": "1", "page": "1", "url": "https://kids.frontiersin.org/article/10.3389/frym.2019.00129", "windowLocation": "http://localhost:7001/result?query=autism&page=1"}
{"type": "ClickedEndTask", "timestamp": "2026-04-21T13:57:29.787Z", "sessionID": "e88db8a6-1529-4ec9-82c1-25fd1def8df1"}
{"type": "TaskEndConfirmed", "timestamp": "2026-04-21T13:57:30.616Z", "sessionID": "e88db8a6-1529-4ec9-82c1-25fd1def8df1"}
{"type": "TaskEnded", "timestamp": "2026-04-21T13:57:31.781Z", "sessionID": "e88db8a6-1529-4ec9-82c1-25fd1def8df1", "answer": ""}
