{"type": "TaskStarted", "timestamp": "2026-04-22T11:14:16.422Z", "sessionID": "4f555ce4-3082-4a61-9021-99c422466ab9"}
{"type": "idSubmitted", "timestamp": "2026-04-22T11:14:16.427Z", "sessionID": "4f555ce4-3082-4a61-9021-99c422466ab9", "uid": "Participant6"}
{"type": "queryBoxFocused", "timestamp": "2026-04-22T11:14:18.283Z", "sessionID": "4f555ce4-3082-4a61-9021-99c422466ab9"}
{"type": "queryBoxFocused", "timestamp": "2026-04-22T11:15:10.452Z", "sessionID": "4f555ce4-3082-4a61-9021-99c422466ab9"}
{"type": "queryBoxFocused", "timestamp": "2026-04-22T11:15:18.967Z", "sessionID": "4f555ce4-3082-4a61-9021-99c422466ab9"}
{"type": "queryBoxFocused", "timestamp": "2026-04-22T11:15:19.752Z", "sessionID": "4f555ce4-3082-4a61-9021-99c422466ab9"}
{"type": "queryBoxFocused", "timestamp": "2026-04-22T11:15:28.884Z", "sessionID": "4f555ce4-3082-4a61-9021-99c422466ab9"}
{"type": "queryBoxFocused", "timestamp": "2026-04-22T11:15:30.041Z", "sessionID": "4f555ce4-3082-4a61-9021-99c422466ab9"}
{"type": "queryBoxFocused", "timestamp": "2026-04-22T11:27:30.108Z", "sessionID": "4f555ce4-3082-4a61-9021-99c422466ab9"}
{"type": "querySubmitted", "timestamp": "2026-04-22T11:27:35.680Z", "sessionID": "4f555ce4-3082-4a61-9021-99c422466ab9", "query": "president"}
{"type": "searchResultGenerated", "timestamp": "2026-04-22T11:27:37.552Z", "sessionID": "4f555ce4-3082-4a61-9021-99c422466ab9", "query": "president", "docid": "3052", "rank": "1", "page": "1", "url": "https://www.commonlit.org/texts/who-gets-to-be-president", "windowLocation": "http://localhost:7001/result?query=president&page=1"}
{"type": "searchResultGenerated", "timestamp": "2026-04-22T11:27:37.553Z", "sessionID": "4f555ce4-3082-4a61-9021-99c422466ab9", "query": "president", "docid": "3192", "rank": "2", "page": "1", "url": "https://www.commonlit.org/texts/an-incredible-job-being-america-s-president", "windowLocation": "http://localhost:7001/result?query=president&page=1"}
{"type": "searchResultGenerated", "timestamp": "2026-04-22T11:27:37.554Z", "sessionID": "4f555ce4-3082-4a61-9021-99c422466ab9", "query": "president", "docid": "3053", "rank": "3", "page": "1", "url": "https://www.commonlit.org/texts/getting-to-the-supreme-court", "windowLocation": "http://localhost:7001/result?query=president&page=1"}
{"type": "searchResultGenerated", "timestamp": "2026-04-22T11:27:37.554Z", "sessionID": "4f555ce4-3082-4a61-9021-99c422466ab9", "query": "president", "docid": "3193", "rank": "4", "page": "1", "url": "https://www.commonlit.org/texts/developing-civilization-in-ancient-egypt", "windowLocation": "http://localhost:7001/result?query=president&page=1"}
{"type": "searchResultGenerated", "timestamp": "2026-04-22T11:27:37.555Z", "sessionID": "4f555ce4-3082-4a61-9021-99c422466ab9", "query": "president", "docid": "2687", "rank": "5", "page": "1", "url": "https://www.commonlit.org/texts/celebrating-cinco-de-mayo", "windowLocation": "http://localhost:7001/result?query=president&page=1"}
{"type": "searchResultGenerated", "timestamp": "2026-04-22T11:27:37.556Z", "sessionID": "4f555ce4-3082-4a61-9021-99c422466ab9", "query": "president", "docid": "3930", "rank": "6", "page": "1", "url": "http://www.gutenberg.org/files/26377/26377-h/26377-h.htm#Dr_Meyer-Gerhards_Mission", "windowLocation": "http://localhost:7001/result?query=president&page=1"}
{"type": "searchResultGenerated", "timestamp": "2026-04-22T11:27:37.556Z", "sessionID": "4f555ce4-3082-4a61-9021-99c422466ab9", "query": "president", "docid": "4225", "rank": "7", "page": "1", "url": "http://www.gutenberg.org/files/26377/26377-h/26377-h.htm#Bryan_Idealist_and_Average_Man", "windowLocation": "http://localhost:7001/result?query=president&page=1"}
{"type": "searchResultGenerated", "timestamp": "2026-04-22T11:27:37.557Z", "sessionID": "4f555ce4-3082-4a61-9021-99c422466ab9", "query": "president", "docid": "6315", "rank": "8", "page": "1", "url": "http://www.gutenberg.org/files/3035/3035-h/3035-h.htm#chap02", "windowLocation": "http://localhost:7001/result?query=president&page=1"}
{"type": "searchResultGenerated", "timestamp": "2026-04-22T11:27:37.557Z", "sessionID": "4f555ce4-3082-4a61-9021-99c422466ab9", "query": "president", "docid": "5349", "rank": "9", "page": "1", "url": "http://www.gutenberg.org/files/8408/8408-h/8408-h.htm", "windowLocation": "http://localhost:7001/result?query=president&page=1"}
{"type": "searchResultGenerated", "timestamp": "2026-04-22T11:27:37.558Z", "sessionID": "4f555ce4-3082-4a61-9021-99c422466ab9", "query": "president", "docid": "5139", "rank": "10", "page": "1", "url": "http://www.online-literature.com/h-rider-haggard/cetywayo/", "windowLocation": "http://localhost:7001/result?query=president&page=1"}
{"type": "queryBoxFocused", "timestamp": "2026-04-22T11:27:38.691Z", "sessionID": "4f555ce4-3082-4a61-9021-99c422466ab9"}
{"type": "choseAutoCompleteSuggestion", "timestamp": "2026-04-22T11:27:44.700Z", "sessionID": "4f555ce4-3082-4a61-9021-99c422466ab9", "selectedSuggestion": "presidents day"}
{"type": "cursorEnteredSnippet", "timestamp": "2026-04-22T11:27:44.927Z", "sessionID": "4f555ce4-3082-4a61-9021-99c422466ab9", "query": "president", "docid": "3052", "rank": "1", "page": "1", "url": "https://www.commonlit.org/texts/who-gets-to-be-president", "windowLocation": "http://localhost:7001/result?query=president&page=1"}
{"type": "cursorLeftSnippet", "timestamp": "2026-04-22T11:27:45.953Z", "sessionID": "4f555ce4-3082-4a61-9021-99c422466ab9", "query": "president", "docid": "3052", "rank": "1", "page": "1", "url": "https://www.commonlit.org/texts/who-gets-to-be-president", "windowLocation": "http://localhost:7001/result?query=president&page=1"}
{"type": "querySubmitted", "timestamp": "2026-04-22T11:27:46.742Z", "sessionID": "4f555ce4-3082-4a61-9021-99c422466ab9", "query": "presidents day"}
{"type": "searchResultGenerated", "timestamp": "2026-04-22T11:27:48.147Z", "sessionID": "4f555ce4-3082-4a61-9021-99c422466ab9", "query": "presidents day", "docid": "3052", "rank": "1", "page": "1", "url": "https://www.commonlit.org/texts/who-gets-to-be-president", "windowLocation": "http://localhost:7001/result?query=presidents+day&page=1"}
{"type": "searchResultGenerated", "timestamp": "2026-04-22T11:27:48.148Z", "sessionID": "4f555ce4-3082-4a61-9021-99c422466ab9", "query": "presidents day", "docid": "3192", "rank": "2", "page": "1", "url": "https://www.commonlit.org/texts/an-incredible-job-being-america-s-president", "windowLocation": "http://localhost:7001/result?query=presidents+day&page=1"}
{"type": "searchResultGenerated", "timestamp": "2026-04-22T11:27:48.149Z", "sessionID": "4f555ce4-3082-4a61-9021-99c422466ab9", "query": "presidents day", "docid": "3053", "rank": "3", "page": "1", "url": "https://www.commonlit.org/texts/getting-to-the-supreme-court", "windowLocation": "http://localhost:7001/result?query=presidents+day&page=1"}
{"type": "searchResultGenerated", "timestamp": "2026-04-22T11:27:48.149Z", "sessionID": "4f555ce4-3082-4a61-9021-99c422466ab9", "query": "presidents day", "docid": "3874", "rank": "4", "page": "1", "url": "http://www.gutenberg.org/files/15170/15170-h/15170-h.htm#little-cook", "windowLocation": "http://localhost:7001/result?query=presidents+day&page=1"}
{"type": "searchResultGenerated", "timestamp": "2026-04-22T11:27:48.150Z", "sessionID": "4f555ce4-3082-4a61-9021-99c422466ab9", "query": "presidents day", "docid": "3193", "rank": "5", "page": "1", "url": "https://www.commonlit.org/texts/developing-civilization-in-ancient-egypt", "windowLocation": "http://localhost:7001/result?query=presidents+day&page=1"}
{"type": "searchResultGenerated", "timestamp": "2026-04-22T11:27:48.151Z", "sessionID": "4f555ce4-3082-4a61-9021-99c422466ab9", "query": "presidents day", "docid": "2687", "rank": "6", "page": "1", "url": "https://www.commonlit.org/texts/celebrating-cinco-de-mayo", "windowLocation": "http://localhost:7001/result?query=presidents+day&page=1"}
{"type": "searchResultGenerated", "timestamp": "2026-04-22T11:27:48.151Z", "sessionID": "4f555ce4-3082-4a61-9021-99c422466ab9", "query": "presidents day", "docid": "3930", "rank": "7", "page": "1", "url": "http://www.gutenberg.org/files/26377/26377-h/26377-h.htm#Dr_Meyer-Gerhards_Mission", "windowLocation": "http://localhost:7001/result?query=presidents+day&page=1"}
{"type": "searchResultGenerated", "timestamp": "2026-04-22T11:27:48.152Z", "sessionID": "4f555ce4-3082-4a61-9021-99c422466ab9", "query": "presidents day", "docid": "4225", "rank": "8", "page": "1", "url": "http://www.gutenberg.org/files/26377/26377-h/26377-h.htm#Bryan_Idealist_and_Average_Man", "windowLocation": "http://localhost:7001/result?query=presidents+day&page=1"}
{"type": "searchResultGenerated", "timestamp": "2026-04-22T11:27:48.153Z", "sessionID": "4f555ce4-3082-4a61-9021-99c422466ab9", "query": "presidents day", "docid": "6315", "rank": "9", "page": "1", "url": "http://www.gutenberg.org/files/3035/3035-h/3035-h.htm#chap02", "windowLocation": "http://localhost:7001/result?query=presidents+day&page=1"}
{"type": "searchResultGenerated", "timestamp": "2026-04-22T11:27:48.153Z", "sessionID": "4f555ce4-3082-4a61-9021-99c422466ab9", "query": "presidents day", "docid": "5349", "rank": "10", "page": "1", "url": "http://www.gutenberg.org/files/8408/8408-h/8408-h.htm", "windowLocation": "http://localhost:7001/result?query=presidents+day&page=1"}
{"type": "cursorEnteredSnippet", "timestamp": "2026-04-22T11:27:50.911Z", "sessionID": "4f555ce4-3082-4a61-9021-99c422466ab9", "query": "presidents day", "docid": "3052", "rank": "1", "page": "1", "url": "https://www.commonlit.org/texts/who-gets-to-be-president", "windowLocation": "http://localhost:7001/result?query=presidents+day&page=1"}
{"type": "cursorLeftSnippet", "timestamp": "2026-04-22T11:27:50.940Z", "sessionID": "4f555ce4-3082-4a61-9021-99c422466ab9", "query": "presidents day", "docid": "3052", "rank": "1", "page": "1", "url": "https://www.commonlit.org/texts/who-gets-to-be-president", "windowLocation": "http://localhost:7001/result?query=presidents+day&page=1"}
{"type": "queryBoxFocused", "timestamp": "2026-04-22T11:27:51.298Z", "sessionID": "4f555ce4-3082-4a61-9021-99c422466ab9"}
{"type": "choseAutoCompleteSuggestion", "timestamp": "2026-04-22T11:27:56.042Z", "sessionID": "4f555ce4-3082-4a61-9021-99c422466ab9", "selectedSuggestion": "presidents day"}
{"type": "cursorEnteredSnippet", "timestamp": "2026-04-22T11:27:56.278Z", "sessionID": "4f555ce4-3082-4a61-9021-99c422466ab9", "query": "presidents day", "docid": "3052", "rank": "1", "page": "1", "url": "https://www.commonlit.org/texts/who-gets-to-be-president", "windowLocation": "http://localhost:7001/result?query=presidents+day&page=1"}
{"type": "cursorLeftSnippet", "timestamp": "2026-04-22T11:27:56.491Z", "sessionID": "4f555ce4-3082-4a61-9021-99c422466ab9", "query": "presidents day", "docid": "3052", "rank": "1", "page": "1", "url": "https://www.commonlit.org/texts/who-gets-to-be-president", "windowLocation": "http://localhost:7001/result?query=presidents+day&page=1"}
{"type": "choseAutoCompleteSuggestion", "timestamp": "2026-04-22T11:27:58.571Z", "sessionID": "4f555ce4-3082-4a61-9021-99c422466ab9", "selectedSuggestion": "presidents day 2025"}
{"type": "cursorEnteredSnippet", "timestamp": "2026-04-22T11:27:58.794Z", "sessionID": "4f555ce4-3082-4a61-9021-99c422466ab9", "query": "presidents day", "docid": "3052", "rank": "1", "page": "1", "url": "https://www.commonlit.org/texts/who-gets-to-be-president", "windowLocation": "http://localhost:7001/result?query=presidents+day&page=1"}
{"type": "querySubmitted", "timestamp": "2026-04-22T11:27:59.990Z", "sessionID": "4f555ce4-3082-4a61-9021-99c422466ab9", "query": "presidents day 2025"}
{"type": "searchResultGenerated", "timestamp": "2026-04-22T11:28:01.250Z", "sessionID": "4f555ce4-3082-4a61-9021-99c422466ab9", "query": "presidents day 2025", "docid": "2415", "rank": "1", "page": "1", "url": "https://simple.wikipedia.org/wiki/Technological_singularity", "windowLocation": "http://localhost:7001/result?query=presidents+day+2025&page=1"}
{"type": "searchResultGenerated", "timestamp": "2026-04-22T11:28:01.250Z", "sessionID": "4f555ce4-3082-4a61-9021-99c422466ab9", "query": "presidents day 2025", "docid": "3052", "rank": "2", "page": "1", "url": "https://www.commonlit.org/texts/who-gets-to-be-president", "windowLocation": "http://localhost:7001/result?query=presidents+day+2025&page=1"}
{"type": "searchResultGenerated", "timestamp": "2026-04-22T11:28:01.251Z", "sessionID": "4f555ce4-3082-4a61-9021-99c422466ab9", "query": "presidents day 2025", "docid": "3192", "rank": "3", "page": "1", "url": "https://www.commonlit.org/texts/an-incredible-job-being-america-s-president", "windowLocation": "http://localhost:7001/result?query=presidents+day+2025&page=1"}
{"type": "searchResultGenerated", "timestamp": "2026-04-22T11:28:01.251Z", "sessionID": "4f555ce4-3082-4a61-9021-99c422466ab9", "query": "presidents day 2025", "docid": "3053", "rank": "4", "page": "1", "url": "https://www.commonlit.org/texts/getting-to-the-supreme-court", "windowLocation": "http://localhost:7001/result?query=presidents+day+2025&page=1"}
{"type": "searchResultGenerated", "timestamp": "2026-04-22T11:28:01.252Z", "sessionID": "4f555ce4-3082-4a61-9021-99c422466ab9", "query": "presidents day 2025", "docid": "3874", "rank": "5", "page": "1", "url": "http://www.gutenberg.org/files/15170/15170-h/15170-h.htm#little-cook", "windowLocation": "http://localhost:7001/result?query=presidents+day+2025&page=1"}
{"type": "searchResultGenerated", "timestamp": "2026-04-22T11:28:01.252Z", "sessionID": "4f555ce4-3082-4a61-9021-99c422466ab9", "query": "presidents day 2025", "docid": "3193", "rank": "6", "page": "1", "url": "https://www.commonlit.org/texts/developing-civilization-in-ancient-egypt", "windowLocation": "http://localhost:7001/result?query=presidents+day+2025&page=1"}
{"type": "searchResultGenerated", "timestamp": "2026-04-22T11:28:01.252Z", "sessionID": "4f555ce4-3082-4a61-9021-99c422466ab9", "query": "presidents day 2025", "docid": "2687", "rank": "7", "page": "1", "url": "https://www.commonlit.org/texts/celebrating-cinco-de-mayo", "windowLocation": "http://localhost:7001/result?query=presidents+day+2025&page=1"}
{"type": "searchResultGenerated", "timestamp": "2026-04-22T11:28:01.253Z", "sessionID": "4f555ce4-3082-4a61-9021-99c422466ab9", "query": "presidents day 2025", "docid": "3930", "rank": "8", "page": "1", "url": "http://www.gutenberg.org/files/26377/26377-h/26377-h.htm#Dr_Meyer-Gerhards_Mission", "windowLocation": "http://localhost:7001/result?query=presidents+day+2025&page=1"}
{"type": "searchResultGenerated", "timestamp": "2026-04-22T11:28:01.253Z", "sessionID": "4f555ce4-3082-4a61-9021-99c422466ab9", "query": "presidents day 2025", "docid": "4225", "rank": "9", "page": "1", "url": "http://www.gutenberg.org/files/26377/26377-h/26377-h.htm#Bryan_Idealist_and_Average_Man", "windowLocation": "http://localhost:7001/result?query=presidents+day+2025&page=1"}
{"type": "searchResultGenerated", "timestamp": "2026-04-22T11:28:01.254Z", "sessionID": "4f555ce4-3082-4a61-9021-99c422466ab9", "query": "presidents day 2025", "docid": "6315", "rank": "10", "page": "1", "url": "http://www.gutenberg.org/files/3035/3035-h/3035-h.htm#chap02", "windowLocation": "http://localhost:7001/result?query=presidents+day+2025&page=1"}
{"type": "cursorEnteredSnippet", "timestamp": "2026-04-22T11:28:01.646Z", "sessionID": "4f555ce4-3082-4a61-9021-99c422466ab9", "query": "presidents day 2025", "docid": "2415", "rank": "1", "page": "1", "url": "https://simple.wikipedia.org/wiki/Technological_singularity", "windowLocation": "http://localhost:7001/result?query=presidents+day+2025&page=1"}
{"type": "cursorLeftSnippet", "timestamp": "2026-04-22T11:28:01.908Z", "sessionID": "4f555ce4-3082-4a61-9021-99c422466ab9", "query": "presidents day 2025", "docid": "2415", "rank": "1", "page": "1", "url": "https://simple.wikipedia.org/wiki/Technological_singularity", "windowLocation": "http://localhost:7001/result?query=presidents+day+2025&page=1"}
{"type": "ClickedEndTask", "timestamp": "2026-04-22T11:28:03.385Z", "sessionID": "4f555ce4-3082-4a61-9021-99c422466ab9"}
{"type": "TaskEndConfirmed", "timestamp": "2026-04-22T11:28:04.088Z", "sessionID": "4f555ce4-3082-4a61-9021-99c422466ab9"}
{"type": "TaskEnded", "timestamp": "2026-04-22T11:28:04.728Z", "sessionID": "4f555ce4-3082-4a61-9021-99c422466ab9", "answer": ""}
