{"type": "TaskStarted", "timestamp": "2026-04-23T10:55:25.585Z", "sessionID": "5273d919-c55a-4dad-83ac-c4440e5a0ac9"}
{"type": "idSubmitted", "timestamp": "2026-04-23T10:55:25.590Z", "sessionID": "5273d919-c55a-4dad-83ac-c4440e5a0ac9", "uid": "Participant3"}
{"type": "queryBoxFocused", "timestamp": "2026-04-23T10:55:26.970Z", "sessionID": "5273d919-c55a-4dad-83ac-c4440e5a0ac9"}
{"type": "choseAutoCompleteSuggestion", "timestamp": "2026-04-23T10:55:52.378Z", "sessionID": "5273d919-c55a-4dad-83ac-c4440e5a0ac9", "selectedSuggestion": "duck dynasty"}
{"type": "querySubmitted", "timestamp": "2026-04-23T10:55:58.157Z", "sessionID": "5273d919-c55a-4dad-83ac-c4440e5a0ac9", "query": "duck dynasty"}
{"type": "searchResultGenerated", "timestamp": "2026-04-23T10:55:59.188Z", "sessionID": "5273d919-c55a-4dad-83ac-c4440e5a0ac9", "query": "duck dynasty", "docid": "2007", "rank": "1", "page": "1", "url": "https://en.wikipedia.org/wiki/Dynasty", "windowLocation": "http://localhost:7001/result?query=duck+dynasty&page=1"}
{"type": "searchResultGenerated", "timestamp": "2026-04-23T10:55:59.189Z", "sessionID": "5273d919-c55a-4dad-83ac-c4440e5a0ac9", "query": "duck dynasty", "docid": "2304", "rank": "2", "page": "1", "url": "https://simple.wikipedia.org/wiki/Pharaoh", "windowLocation": "http://localhost:7001/result?query=duck+dynasty&page=1"}
{"type": "searchResultGenerated", "timestamp": "2026-04-23T10:55:59.189Z", "sessionID": "5273d919-c55a-4dad-83ac-c4440e5a0ac9", "query": "duck dynasty", "docid": "2938", "rank": "3", "page": "1", "url": "https://www.africanstorybook.org/#", "windowLocation": "http://localhost:7001/result?query=duck+dynasty&page=1"}
{"type": "searchResultGenerated", "timestamp": "2026-04-23T10:55:59.189Z", "sessionID": "5273d919-c55a-4dad-83ac-c4440e5a0ac9", "query": "duck dynasty", "docid": "5607", "rank": "4", "page": "1", "url": "http://www.gutenberg.org/files/15170/15170-h/15170-h.htm#mirror", "windowLocation": "http://localhost:7001/result?query=duck+dynasty&page=1"}
{"type": "searchResultGenerated", "timestamp": "2026-04-23T10:55:59.189Z", "sessionID": "5273d919-c55a-4dad-83ac-c4440e5a0ac9", "query": "duck dynasty", "docid": "5292", "rank": "5", "page": "1", "url": "http://www.gutenberg.org/files/40756/40756-h/40756-h.htm#Page_135", "windowLocation": "http://localhost:7001/result?query=duck+dynasty&page=1"}
{"type": "searchResultGenerated", "timestamp": "2026-04-23T10:55:59.189Z", "sessionID": "5273d919-c55a-4dad-83ac-c4440e5a0ac9", "query": "duck dynasty", "docid": "5499", "rank": "6", "page": "1", "url": "http://www.gutenberg.org/files/28130/28130-h/28130-h.htm#Page_57", "windowLocation": "http://localhost:7001/result?query=duck+dynasty&page=1"}
{"type": "searchResultGenerated", "timestamp": "2026-04-23T10:55:59.189Z", "sessionID": "5273d919-c55a-4dad-83ac-c4440e5a0ac9", "query": "duck dynasty", "docid": "5642", "rank": "7", "page": "1", "url": "http://www.gutenberg.org/files/16522/16522-h/16522-h.htm#ELSIES_DUCKS", "windowLocation": "http://localhost:7001/result?query=duck+dynasty&page=1"}
{"type": "searchResultGenerated", "timestamp": "2026-04-23T10:55:59.189Z", "sessionID": "5273d919-c55a-4dad-83ac-c4440e5a0ac9", "query": "duck dynasty", "docid": "4817", "rank": "8", "page": "1", "url": "http://www.gutenberg.org/files/902/902-h/902-h.htm", "windowLocation": "http://localhost:7001/result?query=duck+dynasty&page=1"}
{"type": "searchResultGenerated", "timestamp": "2026-04-23T10:55:59.189Z", "sessionID": "5273d919-c55a-4dad-83ac-c4440e5a0ac9", "query": "duck dynasty", "docid": "4970", "rank": "9", "page": "1", "url": "http://www.gutenberg.org/files/8950/8950-h/8950-h.htm", "windowLocation": "http://localhost:7001/result?query=duck+dynasty&page=1"}
{"type": "searchResultGenerated", "timestamp": "2026-04-23T10:55:59.190Z", "sessionID": "5273d919-c55a-4dad-83ac-c4440e5a0ac9", "query": "duck dynasty", "docid": "1966", "rank": "10", "page": "1", "url": "https://en.wikipedia.org/wiki/Compass", "windowLocation": "http://localhost:7001/result?query=duck+dynasty&page=1"}
{"type": "queryBoxFocused", "timestamp": "2026-04-23T10:56:05.585Z", "sessionID": "5273d919-c55a-4dad-83ac-c4440e5a0ac9"}
{"type": "querySubmitted", "timestamp": "2026-04-23T10:56:22.752Z", "sessionID": "5273d919-c55a-4dad-83ac-c4440e5a0ac9", "query": "duck"}
{"type": "searchResultGenerated", "timestamp": "2026-04-23T10:56:23.078Z", "sessionID": "5273d919-c55a-4dad-83ac-c4440e5a0ac9", "query": "duck", "docid": "2938", "rank": "1", "page": "1", "url": "https://www.africanstorybook.org/#", "windowLocation": "http://localhost:7001/result?query=duck&page=1"}
{"type": "searchResultGenerated", "timestamp": "2026-04-23T10:56:23.078Z", "sessionID": "5273d919-c55a-4dad-83ac-c4440e5a0ac9", "query": "duck", "docid": "5607", "rank": "2", "page": "1", "url": "http://www.gutenberg.org/files/15170/15170-h/15170-h.htm#mirror", "windowLocation": "http://localhost:7001/result?query=duck&page=1"}
{"type": "searchResultGenerated", "timestamp": "2026-04-23T10:56:23.078Z", "sessionID": "5273d919-c55a-4dad-83ac-c4440e5a0ac9", "query": "duck", "docid": "5292", "rank": "3", "page": "1", "url": "http://www.gutenberg.org/files/40756/40756-h/40756-h.htm#Page_135", "windowLocation": "http://localhost:7001/result?query=duck&page=1"}
{"type": "searchResultGenerated", "timestamp": "2026-04-23T10:56:23.078Z", "sessionID": "5273d919-c55a-4dad-83ac-c4440e5a0ac9", "query": "duck", "docid": "5499", "rank": "4", "page": "1", "url": "http://www.gutenberg.org/files/28130/28130-h/28130-h.htm#Page_57", "windowLocation": "http://localhost:7001/result?query=duck&page=1"}
{"type": "searchResultGenerated", "timestamp": "2026-04-23T10:56:23.079Z", "sessionID": "5273d919-c55a-4dad-83ac-c4440e5a0ac9", "query": "duck", "docid": "5642", "rank": "5", "page": "1", "url": "http://www.gutenberg.org/files/16522/16522-h/16522-h.htm#ELSIES_DUCKS", "windowLocation": "http://localhost:7001/result?query=duck&page=1"}
{"type": "searchResultGenerated", "timestamp": "2026-04-23T10:56:23.079Z", "sessionID": "5273d919-c55a-4dad-83ac-c4440e5a0ac9", "query": "duck", "docid": "4817", "rank": "6", "page": "1", "url": "http://www.gutenberg.org/files/902/902-h/902-h.htm", "windowLocation": "http://localhost:7001/result?query=duck&page=1"}
{"type": "searchResultGenerated", "timestamp": "2026-04-23T10:56:23.079Z", "sessionID": "5273d919-c55a-4dad-83ac-c4440e5a0ac9", "query": "duck", "docid": "4970", "rank": "7", "page": "1", "url": "http://www.gutenberg.org/files/8950/8950-h/8950-h.htm", "windowLocation": "http://localhost:7001/result?query=duck&page=1"}
{"type": "searchResultGenerated", "timestamp": "2026-04-23T10:56:23.079Z", "sessionID": "5273d919-c55a-4dad-83ac-c4440e5a0ac9", "query": "duck", "docid": "6202", "rank": "8", "page": "1", "url": "http://www.gutenberg.org/files/16891/16891-h/16891-h.htm", "windowLocation": "http://localhost:7001/result?query=duck&page=1"}
{"type": "searchResultGenerated", "timestamp": "2026-04-23T10:56:23.079Z", "sessionID": "5273d919-c55a-4dad-83ac-c4440e5a0ac9", "query": "duck", "docid": "5714", "rank": "9", "page": "1", "url": "http://www.gutenberg.org/files/24940/24940-h/24940-h.htm#Page_69", "windowLocation": "http://localhost:7001/result?query=duck&page=1"}
{"type": "searchResultGenerated", "timestamp": "2026-04-23T10:56:23.079Z", "sessionID": "5273d919-c55a-4dad-83ac-c4440e5a0ac9", "query": "duck", "docid": "5589", "rank": "10", "page": "1", "url": "http://www.gutenberg.org/files/28133/28133-h/28133-h.htm#Page_139", "windowLocation": "http://localhost:7001/result?query=duck&page=1"}
{"type": "hoverOverSnippet", "timestamp": "2026-04-23T10:56:23.969Z", "sessionID": "5273d919-c55a-4dad-83ac-c4440e5a0ac9", "query": "duck", "docid": "2938", "rank": "1", "page": "1", "url": "https://www.africanstorybook.org/#", "windowLocation": "http://localhost:7001/result?query=duck&page=1"}
{"type": "ClickedEndTask", "timestamp": "2026-04-23T10:56:24.622Z", "sessionID": "5273d919-c55a-4dad-83ac-c4440e5a0ac9"}
{"type": "TaskEndConfirmed", "timestamp": "2026-04-23T10:56:25.284Z", "sessionID": "5273d919-c55a-4dad-83ac-c4440e5a0ac9"}
{"type": "TaskEnded", "timestamp": "2026-04-23T10:56:25.754Z", "sessionID": "5273d919-c55a-4dad-83ac-c4440e5a0ac9", "answer": ""}
