{"type": "TaskStarted", "timestamp": "2026-04-23T11:28:24.240Z", "sessionID": "778a5dab-6aef-48d9-858e-3f5256956cfd"}
{"type": "idSubmitted", "timestamp": "2026-04-23T11:28:24.243Z", "sessionID": "778a5dab-6aef-48d9-858e-3f5256956cfd", "uid": "Participant3"}
{"type": "queryBoxFocused", "timestamp": "2026-04-23T11:28:25.181Z", "sessionID": "778a5dab-6aef-48d9-858e-3f5256956cfd"}
{"type": "hoverOverQuerySuggestions", "timestamp": "2026-04-23T11:28:30.282Z", "sessionID": "778a5dab-6aef-48d9-858e-3f5256956cfd", "query": "ducks", "hoveredSuggestion": "ducks vs oilers"}
{"type": "hoverOverQuerySuggestions", "timestamp": "2026-04-23T11:28:31.332Z", "sessionID": "778a5dab-6aef-48d9-858e-3f5256956cfd", "query": "ducks", "hoveredSuggestion": "ducks game"}
{"type": "hoverOverQuerySuggestions", "timestamp": "2026-04-23T11:28:32.015Z", "sessionID": "778a5dab-6aef-48d9-858e-3f5256956cfd", "query": "ducks", "hoveredSuggestion": "ducks hockey"}
{"type": "hoverOverQuerySuggestions", "timestamp": "2026-04-23T11:28:32.182Z", "sessionID": "778a5dab-6aef-48d9-858e-3f5256956cfd", "query": "ducks", "hoveredSuggestion": "ducks score"}
{"type": "hoverOverQuerySuggestions", "timestamp": "2026-04-23T11:28:34.715Z", "sessionID": "778a5dab-6aef-48d9-858e-3f5256956cfd", "query": "ducks", "hoveredSuggestion": "ducks standings"}
{"type": "hoverOverQuerySuggestions", "timestamp": "2026-04-23T11:28:34.798Z", "sessionID": "778a5dab-6aef-48d9-858e-3f5256956cfd", "query": "ducks", "hoveredSuggestion": "ducks hockey"}
{"type": "choseAutoCompleteSuggestion", "timestamp": "2026-04-23T11:28:35.132Z", "sessionID": "778a5dab-6aef-48d9-858e-3f5256956cfd", "selectedSuggestion": "ducks hockey"}
{"type": "querySubmitted", "timestamp": "2026-04-23T11:28:36.401Z", "sessionID": "778a5dab-6aef-48d9-858e-3f5256956cfd", "query": "ducks hockey"}
{"type": "searchResultGenerated", "timestamp": "2026-04-23T11:28:37.628Z", "sessionID": "778a5dab-6aef-48d9-858e-3f5256956cfd", "query": "ducks hockey", "docid": "2938", "rank": "1", "page": "1", "url": "https://www.africanstorybook.org/#", "windowLocation": "http://localhost:7001/result?query=ducks+hockey&page=1"}
{"type": "searchResultGenerated", "timestamp": "2026-04-23T11:28:37.629Z", "sessionID": "778a5dab-6aef-48d9-858e-3f5256956cfd", "query": "ducks hockey", "docid": "5607", "rank": "2", "page": "1", "url": "http://www.gutenberg.org/files/15170/15170-h/15170-h.htm#mirror", "windowLocation": "http://localhost:7001/result?query=ducks+hockey&page=1"}
{"type": "searchResultGenerated", "timestamp": "2026-04-23T11:28:37.629Z", "sessionID": "778a5dab-6aef-48d9-858e-3f5256956cfd", "query": "ducks hockey", "docid": "5292", "rank": "3", "page": "1", "url": "http://www.gutenberg.org/files/40756/40756-h/40756-h.htm#Page_135", "windowLocation": "http://localhost:7001/result?query=ducks+hockey&page=1"}
{"type": "searchResultGenerated", "timestamp": "2026-04-23T11:28:37.629Z", "sessionID": "778a5dab-6aef-48d9-858e-3f5256956cfd", "query": "ducks hockey", "docid": "5499", "rank": "4", "page": "1", "url": "http://www.gutenberg.org/files/28130/28130-h/28130-h.htm#Page_57", "windowLocation": "http://localhost:7001/result?query=ducks+hockey&page=1"}
{"type": "searchResultGenerated", "timestamp": "2026-04-23T11:28:37.629Z", "sessionID": "778a5dab-6aef-48d9-858e-3f5256956cfd", "query": "ducks hockey", "docid": "5642", "rank": "5", "page": "1", "url": "http://www.gutenberg.org/files/16522/16522-h/16522-h.htm#ELSIES_DUCKS", "windowLocation": "http://localhost:7001/result?query=ducks+hockey&page=1"}
{"type": "searchResultGenerated", "timestamp": "2026-04-23T11:28:37.629Z", "sessionID": "778a5dab-6aef-48d9-858e-3f5256956cfd", "query": "ducks hockey", "docid": "4817", "rank": "6", "page": "1", "url": "http://www.gutenberg.org/files/902/902-h/902-h.htm", "windowLocation": "http://localhost:7001/result?query=ducks+hockey&page=1"}
{"type": "searchResultGenerated", "timestamp": "2026-04-23T11:28:37.629Z", "sessionID": "778a5dab-6aef-48d9-858e-3f5256956cfd", "query": "ducks hockey", "docid": "4970", "rank": "7", "page": "1", "url": "http://www.gutenberg.org/files/8950/8950-h/8950-h.htm", "windowLocation": "http://localhost:7001/result?query=ducks+hockey&page=1"}
{"type": "searchResultGenerated", "timestamp": "2026-04-23T11:28:37.630Z", "sessionID": "778a5dab-6aef-48d9-858e-3f5256956cfd", "query": "ducks hockey", "docid": "6202", "rank": "8", "page": "1", "url": "http://www.gutenberg.org/files/16891/16891-h/16891-h.htm", "windowLocation": "http://localhost:7001/result?query=ducks+hockey&page=1"}
{"type": "searchResultGenerated", "timestamp": "2026-04-23T11:28:37.630Z", "sessionID": "778a5dab-6aef-48d9-858e-3f5256956cfd", "query": "ducks hockey", "docid": "2135", "rank": "9", "page": "1", "url": "https://en.wikipedia.org/wiki/Instant_replay", "windowLocation": "http://localhost:7001/result?query=ducks+hockey&page=1"}
{"type": "searchResultGenerated", "timestamp": "2026-04-23T11:28:37.630Z", "sessionID": "778a5dab-6aef-48d9-858e-3f5256956cfd", "query": "ducks hockey", "docid": "5714", "rank": "10", "page": "1", "url": "http://www.gutenberg.org/files/24940/24940-h/24940-h.htm#Page_69", "windowLocation": "http://localhost:7001/result?query=ducks+hockey&page=1"}
{"type": "hoverOverSnippet", "timestamp": "2026-04-23T11:28:38.053Z", "sessionID": "778a5dab-6aef-48d9-858e-3f5256956cfd", "query": "ducks hockey", "docid": "2938", "rank": "1", "page": "1", "url": "https://www.africanstorybook.org/#", "windowLocation": "http://localhost:7001/result?query=ducks+hockey&page=1"}
{"type": "hoverOverSnippet", "timestamp": "2026-04-23T11:28:39.981Z", "sessionID": "778a5dab-6aef-48d9-858e-3f5256956cfd", "query": "ducks hockey", "docid": "2938", "rank": "1", "page": "1", "url": "https://www.africanstorybook.org/#", "windowLocation": "http://localhost:7001/result?query=ducks+hockey&page=1"}
{"type": "hoverOverSnippet", "timestamp": "2026-04-23T11:28:41.281Z", "sessionID": "778a5dab-6aef-48d9-858e-3f5256956cfd", "query": "ducks hockey", "docid": "5607", "rank": "2", "page": "1", "url": "http://www.gutenberg.org/files/15170/15170-h/15170-h.htm#mirror", "windowLocation": "http://localhost:7001/result?query=ducks+hockey&page=1"}
{"type": "hoverOverSnippet", "timestamp": "2026-04-23T11:28:45.947Z", "sessionID": "778a5dab-6aef-48d9-858e-3f5256956cfd", "query": "ducks hockey", "docid": "2135", "rank": "9", "page": "1", "url": "https://en.wikipedia.org/wiki/Instant_replay", "windowLocation": "http://localhost:7001/result?query=ducks+hockey&page=1"}
{"type": "hoverOverSnippet", "timestamp": "2026-04-23T11:28:50.066Z", "sessionID": "778a5dab-6aef-48d9-858e-3f5256956cfd", "query": "ducks hockey", "docid": "5607", "rank": "2", "page": "1", "url": "http://www.gutenberg.org/files/15170/15170-h/15170-h.htm#mirror", "windowLocation": "http://localhost:7001/result?query=ducks+hockey&page=1"}
{"type": "clickedResult", "timestamp": "2026-04-23T11:28:52.631Z", "sessionID": "778a5dab-6aef-48d9-858e-3f5256956cfd", "query": "ducks hockey", "docid": "5607", "rank": "2", "page": "1", "url": "http://www.gutenberg.org/files/15170/15170-h/15170-h.htm#mirror", "windowLocation": "http://www.gutenberg.org/files/15170/15170-h/15170-h.htm#mirror"}
{"type": "wentBack", "timestamp": "2026-04-23T11:28:57.161Z", "sessionID": "778a5dab-6aef-48d9-858e-3f5256956cfd", "query": "ducks hockey", "fromURL": "http://www.gutenberg.org/files/15170/15170-h/15170-h.htm#mirror", "toURL": "http://localhost:7001/result?query=ducks+hockey&page=1"}
{"type": "hoverOverSnippet", "timestamp": "2026-04-23T11:29:02.830Z", "sessionID": "778a5dab-6aef-48d9-858e-3f5256956cfd", "query": "ducks hockey", "docid": "2938", "rank": "1", "page": "1", "url": "https://www.africanstorybook.org/#", "windowLocation": "http://localhost:7001/result?query=ducks+hockey&page=1"}
{"type": "queryBoxFocused", "timestamp": "2026-04-23T11:29:03.920Z", "sessionID": "778a5dab-6aef-48d9-858e-3f5256956cfd"}
{"type": "querySubmitted", "timestamp": "2026-04-23T11:29:05.310Z", "sessionID": "778a5dab-6aef-48d9-858e-3f5256956cfd", "query": "dcks"}
{"type": "queryBoxFocused", "timestamp": "2026-04-23T11:29:09.818Z", "sessionID": "778a5dab-6aef-48d9-858e-3f5256956cfd"}
{"type": "querySubmitted", "timestamp": "2026-04-23T11:29:12.878Z", "sessionID": "778a5dab-6aef-48d9-858e-3f5256956cfd", "query": "dcks and eggs"}
{"type": "generatedDidYouMean", "timestamp": "2026-04-23T11:29:13.247Z", "sessionID": "778a5dab-6aef-48d9-858e-3f5256956cfd", "user query": "dcks and eggs", "suggested query": "ducks and eggs"}
{"type": "searchResultGenerated", "timestamp": "2026-04-23T11:29:13.247Z", "sessionID": "778a5dab-6aef-48d9-858e-3f5256956cfd", "query": "dcks and eggs", "docid": "2938", "rank": "1", "page": "1", "url": "https://www.africanstorybook.org/#", "windowLocation": "http://localhost:7001/result?query=dcks+and+eggs&page=1"}
{"type": "searchResultGenerated", "timestamp": "2026-04-23T11:29:13.247Z", "sessionID": "778a5dab-6aef-48d9-858e-3f5256956cfd", "query": "dcks and eggs", "docid": "2127", "rank": "2", "page": "1", "url": "https://en.wikipedia.org/wiki/Incubator_(egg)", "windowLocation": "http://localhost:7001/result?query=dcks+and+eggs&page=1"}
{"type": "searchResultGenerated", "timestamp": "2026-04-23T11:29:13.248Z", "sessionID": "778a5dab-6aef-48d9-858e-3f5256956cfd", "query": "dcks and eggs", "docid": "3071", "rank": "3", "page": "1", "url": "https://www.africanstorybook.org/", "windowLocation": "http://localhost:7001/result?query=dcks+and+eggs&page=1"}
{"type": "searchResultGenerated", "timestamp": "2026-04-23T11:29:13.248Z", "sessionID": "778a5dab-6aef-48d9-858e-3f5256956cfd", "query": "dcks and eggs", "docid": "2036", "rank": "4", "page": "1", "url": "https://kids.frontiersin.org/article/10.3389/frym.2020.00032", "windowLocation": "http://localhost:7001/result?query=dcks+and+eggs&page=1"}
{"type": "searchResultGenerated", "timestamp": "2026-04-23T11:29:13.248Z", "sessionID": "778a5dab-6aef-48d9-858e-3f5256956cfd", "query": "dcks and eggs", "docid": "5613", "rank": "5", "page": "1", "url": "http://www.gutenberg.org/files/14170/14170-h/14170-h.htm#HUNTING_FOR_EASTER_EGGS", "windowLocation": "http://localhost:7001/result?query=dcks+and+eggs&page=1"}
{"type": "searchResultGenerated", "timestamp": "2026-04-23T11:29:13.249Z", "sessionID": "778a5dab-6aef-48d9-858e-3f5256956cfd", "query": "dcks and eggs", "docid": "7438", "rank": "6", "page": "1", "url": "https://www.digitallibrary.io/en/books/details/1383", "windowLocation": "http://localhost:7001/result?query=dcks+and+eggs&page=1"}
{"type": "searchResultGenerated", "timestamp": "2026-04-23T11:29:13.249Z", "sessionID": "778a5dab-6aef-48d9-858e-3f5256956cfd", "query": "dcks and eggs", "docid": "3395", "rank": "7", "page": "1", "url": "https://www.africanstorybook.org/", "windowLocation": "http://localhost:7001/result?query=dcks+and+eggs&page=1"}
{"type": "searchResultGenerated", "timestamp": "2026-04-23T11:29:13.249Z", "sessionID": "778a5dab-6aef-48d9-858e-3f5256956cfd", "query": "dcks and eggs", "docid": "2884", "rank": "8", "page": "1", "url": "https://kids.frontiersin.org/article/10.3389/frym.2016.00024", "windowLocation": "http://localhost:7001/result?query=dcks+and+eggs&page=1"}
{"type": "searchResultGenerated", "timestamp": "2026-04-23T11:29:13.250Z", "sessionID": "778a5dab-6aef-48d9-858e-3f5256956cfd", "query": "dcks and eggs", "docid": "4527", "rank": "9", "page": "1", "url": "http://www.gutenberg.org/files/15170/15170-h/15170-h.htm#bird-life", "windowLocation": "http://localhost:7001/result?query=dcks+and+eggs&page=1"}
{"type": "searchResultGenerated", "timestamp": "2026-04-23T11:29:13.250Z", "sessionID": "778a5dab-6aef-48d9-858e-3f5256956cfd", "query": "dcks and eggs", "docid": "3285", "rank": "10", "page": "1", "url": "https://www.digitallibrary.io/en/books/details/3739", "windowLocation": "http://localhost:7001/result?query=dcks+and+eggs&page=1"}
{"type": "hoverOverSnippet", "timestamp": "2026-04-23T11:29:14.130Z", "sessionID": "778a5dab-6aef-48d9-858e-3f5256956cfd", "query": "dcks and eggs", "docid": "2938", "rank": "1", "page": "1", "url": "https://www.africanstorybook.org/#", "windowLocation": "http://localhost:7001/result?query=dcks+and+eggs&page=1"}
{"type": "hoverOverSnippet", "timestamp": "2026-04-23T11:29:15.196Z", "sessionID": "778a5dab-6aef-48d9-858e-3f5256956cfd", "query": "dcks and eggs", "docid": "2938", "rank": "1", "page": "1", "url": "https://www.africanstorybook.org/#", "windowLocation": "http://localhost:7001/result?query=dcks+and+eggs&page=1"}
{"type": "hoverOverSnippet", "timestamp": "2026-04-23T11:29:18.429Z", "sessionID": "778a5dab-6aef-48d9-858e-3f5256956cfd", "query": "dcks and eggs", "docid": "3285", "rank": "10", "page": "1", "url": "https://www.digitallibrary.io/en/books/details/3739", "windowLocation": "http://localhost:7001/result?query=dcks+and+eggs&page=1"}
{"type": "pageNavigationClicked", "timestamp": "2026-04-23T11:29:19.993Z", "sessionID": "778a5dab-6aef-48d9-858e-3f5256956cfd", "clicked": "2", "fromPage": 1, "toPage": 2}
{"type": "searchResultGenerated", "timestamp": "2026-04-23T11:29:20.392Z", "sessionID": "778a5dab-6aef-48d9-858e-3f5256956cfd", "query": "dcks and eggs", "docid": "5589", "rank": "1", "page": "2", "url": "http://www.gutenberg.org/files/28133/28133-h/28133-h.htm#Page_139", "windowLocation": "http://localhost:7001/result?query=dcks+and+eggs&page=2"}
{"type": "searchResultGenerated", "timestamp": "2026-04-23T11:29:20.393Z", "sessionID": "778a5dab-6aef-48d9-858e-3f5256956cfd", "query": "dcks and eggs", "docid": "5405", "rank": "2", "page": "2", "url": "http://www.gutenberg.org/files/14493/14493-h/14493-h.htm#A_DAY_ON_GRANDPAS_FARM", "windowLocation": "http://localhost:7001/result?query=dcks+and+eggs&page=2"}
{"type": "searchResultGenerated", "timestamp": "2026-04-23T11:29:20.393Z", "sessionID": "778a5dab-6aef-48d9-858e-3f5256956cfd", "query": "dcks and eggs", "docid": "3895", "rank": "3", "page": "2", "url": "http://www.gutenberg.org/cache/epub/6328/pg6328-images.html", "windowLocation": "http://localhost:7001/result?query=dcks+and+eggs&page=2"}
{"type": "searchResultGenerated", "timestamp": "2026-04-23T11:29:20.394Z", "sessionID": "778a5dab-6aef-48d9-858e-3f5256956cfd", "query": "dcks and eggs", "docid": "8012", "rank": "4", "page": "2", "url": "https://en.wikibooks.org/wiki/Wikijunior:Bugs/Moth", "windowLocation": "http://localhost:7001/result?query=dcks+and+eggs&page=2"}
{"type": "searchResultGenerated", "timestamp": "2026-04-23T11:29:20.394Z", "sessionID": "778a5dab-6aef-48d9-858e-3f5256956cfd", "query": "dcks and eggs", "docid": "6887", "rank": "5", "page": "2", "url": "http://www.gutenberg.org/files/4979/4979-h/4979-h.htm", "windowLocation": "http://localhost:7001/result?query=dcks+and+eggs&page=2"}
{"type": "searchResultGenerated", "timestamp": "2026-04-23T11:29:20.395Z", "sessionID": "778a5dab-6aef-48d9-858e-3f5256956cfd", "query": "dcks and eggs", "docid": "7083", "rank": "6", "page": "2", "url": "http://www.gutenberg.org/cache/epub/5902/pg5902-images.html", "windowLocation": "http://localhost:7001/result?query=dcks+and+eggs&page=2"}
{"type": "searchResultGenerated", "timestamp": "2026-04-23T11:29:20.395Z", "sessionID": "778a5dab-6aef-48d9-858e-3f5256956cfd", "query": "dcks and eggs", "docid": "4873", "rank": "7", "page": "2", "url": "http://www.gutenberg.org/files/9076/9076-h/9076-h.htm#24", "windowLocation": "http://localhost:7001/result?query=dcks+and+eggs&page=2"}
{"type": "searchResultGenerated", "timestamp": "2026-04-23T11:29:20.396Z", "sessionID": "778a5dab-6aef-48d9-858e-3f5256956cfd", "query": "dcks and eggs", "docid": "1249", "rank": "8", "page": "2", "url": "http://www.gutenberg.org/files/19909/19909-h/19909-h.htm#AND_FROZE_TO_DEATH", "windowLocation": "http://localhost:7001/result?query=dcks+and+eggs&page=2"}
{"type": "searchResultGenerated", "timestamp": "2026-04-23T11:29:20.397Z", "sessionID": "778a5dab-6aef-48d9-858e-3f5256956cfd", "query": "dcks and eggs", "docid": "1235", "rank": "9", "page": "2", "url": "http://www.gutenberg.org/files/19909/19909-h/19909-h.htm#THE_WHITE_TURKEYS_WING", "windowLocation": "http://localhost:7001/result?query=dcks+and+eggs&page=2"}
{"type": "searchResultGenerated", "timestamp": "2026-04-23T11:29:20.397Z", "sessionID": "778a5dab-6aef-48d9-858e-3f5256956cfd", "query": "dcks and eggs", "docid": "2746", "rank": "10", "page": "2", "url": "https://kids.frontiersin.org/article/10.3389/frym.2018.00068", "windowLocation": "http://localhost:7001/result?query=dcks+and+eggs&page=2"}
{"type": "hoverOverSnippet", "timestamp": "2026-04-23T11:29:20.402Z", "sessionID": "778a5dab-6aef-48d9-858e-3f5256956cfd", "query": "dcks and eggs", "docid": "3895", "rank": "3", "page": "2", "url": "http://www.gutenberg.org/cache/epub/6328/pg6328-images.html", "windowLocation": "http://localhost:7001/result?query=dcks+and+eggs&page=2"}
{"type": "pageNavigationClicked", "timestamp": "2026-04-23T11:29:28.612Z", "sessionID": "778a5dab-6aef-48d9-858e-3f5256956cfd", "clicked": "1", "fromPage": 2, "toPage": 1}
{"type": "wentBack", "timestamp": "2026-04-23T11:29:28.943Z", "sessionID": "778a5dab-6aef-48d9-858e-3f5256956cfd", "query": "dcks and eggs", "fromURL": "http://localhost:7001/result?query=dcks+and+eggs&page=2", "toURL": "http://localhost:7001/result?query=dcks+and+eggs&page=1"}
{"type": "hoverOverSnippet", "timestamp": "2026-04-23T11:29:33.271Z", "sessionID": "778a5dab-6aef-48d9-858e-3f5256956cfd", "query": "dcks and eggs", "docid": "3071", "rank": "3", "page": "1", "url": "https://www.africanstorybook.org/", "windowLocation": "http://localhost:7001/result?query=dcks+and+eggs&page=1"}
{"type": "hoverOverSnippet", "timestamp": "2026-04-23T11:29:33.362Z", "sessionID": "778a5dab-6aef-48d9-858e-3f5256956cfd", "query": "dcks and eggs", "docid": "2127", "rank": "2", "page": "1", "url": "https://en.wikipedia.org/wiki/Incubator_(egg)", "windowLocation": "http://localhost:7001/result?query=dcks+and+eggs&page=1"}
{"type": "hoverOverSnippet", "timestamp": "2026-04-23T11:29:34.029Z", "sessionID": "778a5dab-6aef-48d9-858e-3f5256956cfd", "query": "dcks and eggs", "docid": "2938", "rank": "1", "page": "1", "url": "https://www.africanstorybook.org/#", "windowLocation": "http://localhost:7001/result?query=dcks+and+eggs&page=1"}
{"type": "hoverOverDidYouMean", "timestamp": "2026-04-23T11:29:35.779Z", "sessionID": "778a5dab-6aef-48d9-858e-3f5256956cfd", "user query": "dcks and eggs", "suggested query": "ducks and eggs"}
{"type": "clickedDidYouMeanSuggestion", "timestamp": "2026-04-23T11:29:36.248Z", "sessionID": "778a5dab-6aef-48d9-858e-3f5256956cfd", "user query": "dcks and eggs", "suggested query": "ducks and eggs"}
{"type": "searchResultGenerated", "timestamp": "2026-04-23T11:29:36.611Z", "sessionID": "778a5dab-6aef-48d9-858e-3f5256956cfd", "query": "ducks and eggs", "docid": "2938", "rank": "1", "page": "1", "url": "https://www.africanstorybook.org/#", "windowLocation": "http://localhost:7001/result?query=ducks+and+eggs&page=1"}
{"type": "searchResultGenerated", "timestamp": "2026-04-23T11:29:36.611Z", "sessionID": "778a5dab-6aef-48d9-858e-3f5256956cfd", "query": "ducks and eggs", "docid": "5589", "rank": "2", "page": "1", "url": "http://www.gutenberg.org/files/28133/28133-h/28133-h.htm#Page_139", "windowLocation": "http://localhost:7001/result?query=ducks+and+eggs&page=1"}
{"type": "searchResultGenerated", "timestamp": "2026-04-23T11:29:36.612Z", "sessionID": "778a5dab-6aef-48d9-858e-3f5256956cfd", "query": "ducks and eggs", "docid": "3071", "rank": "3", "page": "1", "url": "https://www.africanstorybook.org/", "windowLocation": "http://localhost:7001/result?query=ducks+and+eggs&page=1"}
{"type": "searchResultGenerated", "timestamp": "2026-04-23T11:29:36.612Z", "sessionID": "778a5dab-6aef-48d9-858e-3f5256956cfd", "query": "ducks and eggs", "docid": "5405", "rank": "4", "page": "1", "url": "http://www.gutenberg.org/files/14493/14493-h/14493-h.htm#A_DAY_ON_GRANDPAS_FARM", "windowLocation": "http://localhost:7001/result?query=ducks+and+eggs&page=1"}
{"type": "searchResultGenerated", "timestamp": "2026-04-23T11:29:36.613Z", "sessionID": "778a5dab-6aef-48d9-858e-3f5256956cfd", "query": "ducks and eggs", "docid": "4970", "rank": "5", "page": "1", "url": "http://www.gutenberg.org/files/8950/8950-h/8950-h.htm", "windowLocation": "http://localhost:7001/result?query=ducks+and+eggs&page=1"}
{"type": "searchResultGenerated", "timestamp": "2026-04-23T11:29:36.614Z", "sessionID": "778a5dab-6aef-48d9-858e-3f5256956cfd", "query": "ducks and eggs", "docid": "5234", "rank": "6", "page": "1", "url": "http://www.gutenberg.org/files/42159/42159-h/42159-h.htm#Page_308", "windowLocation": "http://localhost:7001/result?query=ducks+and+eggs&page=1"}
{"type": "searchResultGenerated", "timestamp": "2026-04-23T11:29:36.614Z", "sessionID": "778a5dab-6aef-48d9-858e-3f5256956cfd", "query": "ducks and eggs", "docid": "5607", "rank": "7", "page": "1", "url": "http://www.gutenberg.org/files/15170/15170-h/15170-h.htm#mirror", "windowLocation": "http://localhost:7001/result?query=ducks+and+eggs&page=1"}
{"type": "searchResultGenerated", "timestamp": "2026-04-23T11:29:36.615Z", "sessionID": "778a5dab-6aef-48d9-858e-3f5256956cfd", "query": "ducks and eggs", "docid": "5292", "rank": "8", "page": "1", "url": "http://www.gutenberg.org/files/40756/40756-h/40756-h.htm#Page_135", "windowLocation": "http://localhost:7001/result?query=ducks+and+eggs&page=1"}
{"type": "searchResultGenerated", "timestamp": "2026-04-23T11:29:36.615Z", "sessionID": "778a5dab-6aef-48d9-858e-3f5256956cfd", "query": "ducks and eggs", "docid": "5499", "rank": "9", "page": "1", "url": "http://www.gutenberg.org/files/28130/28130-h/28130-h.htm#Page_57", "windowLocation": "http://localhost:7001/result?query=ducks+and+eggs&page=1"}
{"type": "searchResultGenerated", "timestamp": "2026-04-23T11:29:36.616Z", "sessionID": "778a5dab-6aef-48d9-858e-3f5256956cfd", "query": "ducks and eggs", "docid": "5642", "rank": "10", "page": "1", "url": "http://www.gutenberg.org/files/16522/16522-h/16522-h.htm#ELSIES_DUCKS", "windowLocation": "http://localhost:7001/result?query=ducks+and+eggs&page=1"}
{"type": "hoverOverSnippet", "timestamp": "2026-04-23T11:29:37.129Z", "sessionID": "778a5dab-6aef-48d9-858e-3f5256956cfd", "query": "ducks and eggs", "docid": "2938", "rank": "1", "page": "1", "url": "https://www.africanstorybook.org/#", "windowLocation": "http://localhost:7001/result?query=ducks+and+eggs&page=1"}
{"type": "ClickedEndTask", "timestamp": "2026-04-23T11:29:39.100Z", "sessionID": "778a5dab-6aef-48d9-858e-3f5256956cfd"}
{"type": "TaskEndConfirmed", "timestamp": "2026-04-23T11:29:41.563Z", "sessionID": "778a5dab-6aef-48d9-858e-3f5256956cfd"}
{"type": "TaskEnded", "timestamp": "2026-04-23T11:30:03.469Z", "sessionID": "778a5dab-6aef-48d9-858e-3f5256956cfd", "answer": "ducks are cool, geese are evil"}
