{"type": "TaskStarted", "timestamp": "2026-04-23T10:46:51.290Z", "sessionID": "9f78ad7d-dc5f-46b4-a4d5-7714dc52462a"}
{"type": "idSubmitted", "timestamp": "2026-04-23T10:46:51.293Z", "sessionID": "9f78ad7d-dc5f-46b4-a4d5-7714dc52462a", "uid": "Participant4"}
{"type": "queryBoxFocused", "timestamp": "2026-04-23T10:46:52.264Z", "sessionID": "9f78ad7d-dc5f-46b4-a4d5-7714dc52462a"}
{"type": "choseAutoCompleteSuggestion", "timestamp": "2026-04-23T10:47:08.086Z", "sessionID": "9f78ad7d-dc5f-46b4-a4d5-7714dc52462a", "selectedSuggestion": "ducks hockey"}
{"type": "querySubmitted", "timestamp": "2026-04-23T10:47:10.982Z", "sessionID": "9f78ad7d-dc5f-46b4-a4d5-7714dc52462a", "query": "ducks hockey"}
{"type": "searchResultGenerated", "timestamp": "2026-04-23T10:47:11.910Z", "sessionID": "9f78ad7d-dc5f-46b4-a4d5-7714dc52462a", "query": "ducks hockey", "docid": "2938", "rank": "1", "page": "1", "url": "https://www.africanstorybook.org/#", "windowLocation": "http://localhost:7001/result?query=ducks+hockey&page=1"}
{"type": "searchResultGenerated", "timestamp": "2026-04-23T10:47:11.910Z", "sessionID": "9f78ad7d-dc5f-46b4-a4d5-7714dc52462a", "query": "ducks hockey", "docid": "5607", "rank": "2", "page": "1", "url": "http://www.gutenberg.org/files/15170/15170-h/15170-h.htm#mirror", "windowLocation": "http://localhost:7001/result?query=ducks+hockey&page=1"}
{"type": "searchResultGenerated", "timestamp": "2026-04-23T10:47:11.910Z", "sessionID": "9f78ad7d-dc5f-46b4-a4d5-7714dc52462a", "query": "ducks hockey", "docid": "5292", "rank": "3", "page": "1", "url": "http://www.gutenberg.org/files/40756/40756-h/40756-h.htm#Page_135", "windowLocation": "http://localhost:7001/result?query=ducks+hockey&page=1"}
{"type": "searchResultGenerated", "timestamp": "2026-04-23T10:47:11.910Z", "sessionID": "9f78ad7d-dc5f-46b4-a4d5-7714dc52462a", "query": "ducks hockey", "docid": "5499", "rank": "4", "page": "1", "url": "http://www.gutenberg.org/files/28130/28130-h/28130-h.htm#Page_57", "windowLocation": "http://localhost:7001/result?query=ducks+hockey&page=1"}
{"type": "searchResultGenerated", "timestamp": "2026-04-23T10:47:11.910Z", "sessionID": "9f78ad7d-dc5f-46b4-a4d5-7714dc52462a", "query": "ducks hockey", "docid": "5642", "rank": "5", "page": "1", "url": "http://www.gutenberg.org/files/16522/16522-h/16522-h.htm#ELSIES_DUCKS", "windowLocation": "http://localhost:7001/result?query=ducks+hockey&page=1"}
{"type": "searchResultGenerated", "timestamp": "2026-04-23T10:47:11.910Z", "sessionID": "9f78ad7d-dc5f-46b4-a4d5-7714dc52462a", "query": "ducks hockey", "docid": "4817", "rank": "6", "page": "1", "url": "http://www.gutenberg.org/files/902/902-h/902-h.htm", "windowLocation": "http://localhost:7001/result?query=ducks+hockey&page=1"}
{"type": "searchResultGenerated", "timestamp": "2026-04-23T10:47:11.910Z", "sessionID": "9f78ad7d-dc5f-46b4-a4d5-7714dc52462a", "query": "ducks hockey", "docid": "4970", "rank": "7", "page": "1", "url": "http://www.gutenberg.org/files/8950/8950-h/8950-h.htm", "windowLocation": "http://localhost:7001/result?query=ducks+hockey&page=1"}
{"type": "searchResultGenerated", "timestamp": "2026-04-23T10:47:11.910Z", "sessionID": "9f78ad7d-dc5f-46b4-a4d5-7714dc52462a", "query": "ducks hockey", "docid": "6202", "rank": "8", "page": "1", "url": "http://www.gutenberg.org/files/16891/16891-h/16891-h.htm", "windowLocation": "http://localhost:7001/result?query=ducks+hockey&page=1"}
{"type": "searchResultGenerated", "timestamp": "2026-04-23T10:47:11.911Z", "sessionID": "9f78ad7d-dc5f-46b4-a4d5-7714dc52462a", "query": "ducks hockey", "docid": "2135", "rank": "9", "page": "1", "url": "https://en.wikipedia.org/wiki/Instant_replay", "windowLocation": "http://localhost:7001/result?query=ducks+hockey&page=1"}
{"type": "searchResultGenerated", "timestamp": "2026-04-23T10:47:11.911Z", "sessionID": "9f78ad7d-dc5f-46b4-a4d5-7714dc52462a", "query": "ducks hockey", "docid": "5714", "rank": "10", "page": "1", "url": "http://www.gutenberg.org/files/24940/24940-h/24940-h.htm#Page_69", "windowLocation": "http://localhost:7001/result?query=ducks+hockey&page=1"}
{"type": "hoverOverSnippet", "timestamp": "2026-04-23T10:47:13.958Z", "sessionID": "9f78ad7d-dc5f-46b4-a4d5-7714dc52462a", "query": "ducks hockey", "docid": "2938", "rank": "1", "page": "1", "url": "https://www.africanstorybook.org/#", "windowLocation": "http://localhost:7001/result?query=ducks+hockey&page=1"}
{"type": "clickedResult", "timestamp": "2026-04-23T10:47:14.362Z", "sessionID": "9f78ad7d-dc5f-46b4-a4d5-7714dc52462a", "query": "ducks hockey", "docid": "2938", "rank": "1", "page": "1", "url": "https://www.africanstorybook.org/#", "windowLocation": "https://www.africanstorybook.org/#"}
{"type": "wentBack", "timestamp": "2026-04-23T10:47:19.561Z", "sessionID": "9f78ad7d-dc5f-46b4-a4d5-7714dc52462a", "query": "ducks hockey", "fromURL": "https://www.africanstorybook.org/#", "toURL": "http://localhost:7001/result?query=ducks+hockey&page=1"}
{"type": "hoverOverSnippet", "timestamp": "2026-04-23T10:47:20.957Z", "sessionID": "9f78ad7d-dc5f-46b4-a4d5-7714dc52462a", "query": "ducks hockey", "docid": "5607", "rank": "2", "page": "1", "url": "http://www.gutenberg.org/files/15170/15170-h/15170-h.htm#mirror", "windowLocation": "http://localhost:7001/result?query=ducks+hockey&page=1"}
{"type": "hoverOverSnippet", "timestamp": "2026-04-23T10:47:24.024Z", "sessionID": "9f78ad7d-dc5f-46b4-a4d5-7714dc52462a", "query": "ducks hockey", "docid": "5292", "rank": "3", "page": "1", "url": "http://www.gutenberg.org/files/40756/40756-h/40756-h.htm#Page_135", "windowLocation": "http://localhost:7001/result?query=ducks+hockey&page=1"}
{"type": "queryBoxFocused", "timestamp": "2026-04-23T10:47:27.743Z", "sessionID": "9f78ad7d-dc5f-46b4-a4d5-7714dc52462a"}
{"type": "querySubmitted", "timestamp": "2026-04-23T10:47:50.432Z", "sessionID": "9f78ad7d-dc5f-46b4-a4d5-7714dc52462a", "query": "ducks & "}
{"type": "generatedDidYouMean", "timestamp": "2026-04-23T10:47:50.773Z", "sessionID": "9f78ad7d-dc5f-46b4-a4d5-7714dc52462a", "user query": "ducks  ", "suggested query": "ducks"}
{"type": "searchResultGenerated", "timestamp": "2026-04-23T10:47:50.773Z", "sessionID": "9f78ad7d-dc5f-46b4-a4d5-7714dc52462a", "query": "ducks  ", "docid": "2938", "rank": "1", "page": "1", "url": "https://www.africanstorybook.org/#", "windowLocation": "http://localhost:7001/result?query=ducks++&page=1"}
{"type": "searchResultGenerated", "timestamp": "2026-04-23T10:47:50.773Z", "sessionID": "9f78ad7d-dc5f-46b4-a4d5-7714dc52462a", "query": "ducks  ", "docid": "5607", "rank": "2", "page": "1", "url": "http://www.gutenberg.org/files/15170/15170-h/15170-h.htm#mirror", "windowLocation": "http://localhost:7001/result?query=ducks++&page=1"}
{"type": "searchResultGenerated", "timestamp": "2026-04-23T10:47:50.773Z", "sessionID": "9f78ad7d-dc5f-46b4-a4d5-7714dc52462a", "query": "ducks  ", "docid": "5292", "rank": "3", "page": "1", "url": "http://www.gutenberg.org/files/40756/40756-h/40756-h.htm#Page_135", "windowLocation": "http://localhost:7001/result?query=ducks++&page=1"}
{"type": "searchResultGenerated", "timestamp": "2026-04-23T10:47:50.773Z", "sessionID": "9f78ad7d-dc5f-46b4-a4d5-7714dc52462a", "query": "ducks  ", "docid": "5499", "rank": "4", "page": "1", "url": "http://www.gutenberg.org/files/28130/28130-h/28130-h.htm#Page_57", "windowLocation": "http://localhost:7001/result?query=ducks++&page=1"}
{"type": "searchResultGenerated", "timestamp": "2026-04-23T10:47:50.773Z", "sessionID": "9f78ad7d-dc5f-46b4-a4d5-7714dc52462a", "query": "ducks  ", "docid": "5642", "rank": "5", "page": "1", "url": "http://www.gutenberg.org/files/16522/16522-h/16522-h.htm#ELSIES_DUCKS", "windowLocation": "http://localhost:7001/result?query=ducks++&page=1"}
{"type": "searchResultGenerated", "timestamp": "2026-04-23T10:47:50.773Z", "sessionID": "9f78ad7d-dc5f-46b4-a4d5-7714dc52462a", "query": "ducks  ", "docid": "4817", "rank": "6", "page": "1", "url": "http://www.gutenberg.org/files/902/902-h/902-h.htm", "windowLocation": "http://localhost:7001/result?query=ducks++&page=1"}
{"type": "searchResultGenerated", "timestamp": "2026-04-23T10:47:50.774Z", "sessionID": "9f78ad7d-dc5f-46b4-a4d5-7714dc52462a", "query": "ducks  ", "docid": "4970", "rank": "7", "page": "1", "url": "http://www.gutenberg.org/files/8950/8950-h/8950-h.htm", "windowLocation": "http://localhost:7001/result?query=ducks++&page=1"}
{"type": "searchResultGenerated", "timestamp": "2026-04-23T10:47:50.774Z", "sessionID": "9f78ad7d-dc5f-46b4-a4d5-7714dc52462a", "query": "ducks  ", "docid": "6202", "rank": "8", "page": "1", "url": "http://www.gutenberg.org/files/16891/16891-h/16891-h.htm", "windowLocation": "http://localhost:7001/result?query=ducks++&page=1"}
{"type": "searchResultGenerated", "timestamp": "2026-04-23T10:47:50.774Z", "sessionID": "9f78ad7d-dc5f-46b4-a4d5-7714dc52462a", "query": "ducks  ", "docid": "5714", "rank": "9", "page": "1", "url": "http://www.gutenberg.org/files/24940/24940-h/24940-h.htm#Page_69", "windowLocation": "http://localhost:7001/result?query=ducks++&page=1"}
{"type": "searchResultGenerated", "timestamp": "2026-04-23T10:47:50.774Z", "sessionID": "9f78ad7d-dc5f-46b4-a4d5-7714dc52462a", "query": "ducks  ", "docid": "5589", "rank": "10", "page": "1", "url": "http://www.gutenberg.org/files/28133/28133-h/28133-h.htm#Page_139", "windowLocation": "http://localhost:7001/result?query=ducks++&page=1"}
{"type": "hoverOverDidYouMean", "timestamp": "2026-04-23T10:48:02.557Z", "sessionID": "9f78ad7d-dc5f-46b4-a4d5-7714dc52462a", "user query": "ducks  ", "suggested query": "ducks"}
{"type": "hoverOverDidYouMean", "timestamp": "2026-04-23T10:48:04.980Z", "sessionID": "9f78ad7d-dc5f-46b4-a4d5-7714dc52462a", "user query": "ducks  ", "suggested query": "ducks"}
{"type": "clickedDidYouMeanSuggestion", "timestamp": "2026-04-23T10:48:07.514Z", "sessionID": "9f78ad7d-dc5f-46b4-a4d5-7714dc52462a", "user query": "ducks  ", "suggested query": "ducks"}
{"type": "searchResultGenerated", "timestamp": "2026-04-23T10:48:07.831Z", "sessionID": "9f78ad7d-dc5f-46b4-a4d5-7714dc52462a", "query": "ducks", "docid": "2938", "rank": "1", "page": "1", "url": "https://www.africanstorybook.org/#", "windowLocation": "http://localhost:7001/result?query=ducks&page=1"}
{"type": "searchResultGenerated", "timestamp": "2026-04-23T10:48:07.831Z", "sessionID": "9f78ad7d-dc5f-46b4-a4d5-7714dc52462a", "query": "ducks", "docid": "5607", "rank": "2", "page": "1", "url": "http://www.gutenberg.org/files/15170/15170-h/15170-h.htm#mirror", "windowLocation": "http://localhost:7001/result?query=ducks&page=1"}
{"type": "searchResultGenerated", "timestamp": "2026-04-23T10:48:07.831Z", "sessionID": "9f78ad7d-dc5f-46b4-a4d5-7714dc52462a", "query": "ducks", "docid": "5292", "rank": "3", "page": "1", "url": "http://www.gutenberg.org/files/40756/40756-h/40756-h.htm#Page_135", "windowLocation": "http://localhost:7001/result?query=ducks&page=1"}
{"type": "searchResultGenerated", "timestamp": "2026-04-23T10:48:07.831Z", "sessionID": "9f78ad7d-dc5f-46b4-a4d5-7714dc52462a", "query": "ducks", "docid": "5499", "rank": "4", "page": "1", "url": "http://www.gutenberg.org/files/28130/28130-h/28130-h.htm#Page_57", "windowLocation": "http://localhost:7001/result?query=ducks&page=1"}
{"type": "searchResultGenerated", "timestamp": "2026-04-23T10:48:07.831Z", "sessionID": "9f78ad7d-dc5f-46b4-a4d5-7714dc52462a", "query": "ducks", "docid": "5642", "rank": "5", "page": "1", "url": "http://www.gutenberg.org/files/16522/16522-h/16522-h.htm#ELSIES_DUCKS", "windowLocation": "http://localhost:7001/result?query=ducks&page=1"}
{"type": "searchResultGenerated", "timestamp": "2026-04-23T10:48:07.832Z", "sessionID": "9f78ad7d-dc5f-46b4-a4d5-7714dc52462a", "query": "ducks", "docid": "4817", "rank": "6", "page": "1", "url": "http://www.gutenberg.org/files/902/902-h/902-h.htm", "windowLocation": "http://localhost:7001/result?query=ducks&page=1"}
{"type": "searchResultGenerated", "timestamp": "2026-04-23T10:48:07.832Z", "sessionID": "9f78ad7d-dc5f-46b4-a4d5-7714dc52462a", "query": "ducks", "docid": "4970", "rank": "7", "page": "1", "url": "http://www.gutenberg.org/files/8950/8950-h/8950-h.htm", "windowLocation": "http://localhost:7001/result?query=ducks&page=1"}
{"type": "searchResultGenerated", "timestamp": "2026-04-23T10:48:07.832Z", "sessionID": "9f78ad7d-dc5f-46b4-a4d5-7714dc52462a", "query": "ducks", "docid": "6202", "rank": "8", "page": "1", "url": "http://www.gutenberg.org/files/16891/16891-h/16891-h.htm", "windowLocation": "http://localhost:7001/result?query=ducks&page=1"}
{"type": "searchResultGenerated", "timestamp": "2026-04-23T10:48:07.832Z", "sessionID": "9f78ad7d-dc5f-46b4-a4d5-7714dc52462a", "query": "ducks", "docid": "5714", "rank": "9", "page": "1", "url": "http://www.gutenberg.org/files/24940/24940-h/24940-h.htm#Page_69", "windowLocation": "http://localhost:7001/result?query=ducks&page=1"}
{"type": "searchResultGenerated", "timestamp": "2026-04-23T10:48:07.832Z", "sessionID": "9f78ad7d-dc5f-46b4-a4d5-7714dc52462a", "query": "ducks", "docid": "5589", "rank": "10", "page": "1", "url": "http://www.gutenberg.org/files/28133/28133-h/28133-h.htm#Page_139", "windowLocation": "http://localhost:7001/result?query=ducks&page=1"}
{"type": "ClickedEndTask", "timestamp": "2026-04-23T10:48:10.934Z", "sessionID": "9f78ad7d-dc5f-46b4-a4d5-7714dc52462a"}
{"type": "TaskEndConfirmed", "timestamp": "2026-04-23T10:48:11.788Z", "sessionID": "9f78ad7d-dc5f-46b4-a4d5-7714dc52462a"}
{"type": "TaskEnded", "timestamp": "2026-04-23T10:48:12.319Z", "sessionID": "9f78ad7d-dc5f-46b4-a4d5-7714dc52462a", "answer": ""}
