{"type": "TaskStarted", "timestamp": "2026-04-21T07:25:03.784Z", "sessionID": "bedec071-ff20-47aa-ab67-605c9ff12d28"}
{"type": "idSubmitted", "timestamp": "2026-04-21T07:25:03.788Z", "sessionID": "bedec071-ff20-47aa-ab67-605c9ff12d28", "uid": "Participant7"}
{"type": "queryBoxFocused", "timestamp": "2026-04-21T07:25:04.842Z", "sessionID": "bedec071-ff20-47aa-ab67-605c9ff12d28"}
{"type": "querySubmitted", "timestamp": "2026-04-21T07:25:10.784Z", "sessionID": "bedec071-ff20-47aa-ab67-605c9ff12d28", "query": "batman"}
{"type": "searchResultGenerated", "timestamp": "2026-04-21T07:25:12.802Z", "sessionID": "bedec071-ff20-47aa-ab67-605c9ff12d28", "query": "batman", "docid": "3222", "rank": "1", "page": "1", "url": "https://www.commonlit.org/texts/superman-s-secret-identity", "windowLocation": "http://localhost:7001/result?query=batman&page=1"}
{"type": "queryBoxFocused", "timestamp": "2026-04-21T07:25:15.458Z", "sessionID": "bedec071-ff20-47aa-ab67-605c9ff12d28"}
{"type": "querySubmitted", "timestamp": "2026-04-21T07:25:17.141Z", "sessionID": "bedec071-ff20-47aa-ab67-605c9ff12d28", "query": "kent"}
{"type": "searchResultGenerated", "timestamp": "2026-04-21T07:25:19.642Z", "sessionID": "bedec071-ff20-47aa-ab67-605c9ff12d28", "query": "kent", "docid": "3222", "rank": "1", "page": "1", "url": "https://www.commonlit.org/texts/superman-s-secret-identity", "windowLocation": "http://localhost:7001/result?query=kent&page=1"}
{"type": "searchResultGenerated", "timestamp": "2026-04-21T07:25:19.642Z", "sessionID": "bedec071-ff20-47aa-ab67-605c9ff12d28", "query": "kent", "docid": "7473", "rank": "2", "page": "1", "url": "https://simple.wikipedia.org/wiki/Anglo-Saxons", "windowLocation": "http://localhost:7001/result?query=kent&page=1"}
{"type": "searchResultGenerated", "timestamp": "2026-04-21T07:25:19.642Z", "sessionID": "bedec071-ff20-47aa-ab67-605c9ff12d28", "query": "kent", "docid": "4321", "rank": "3", "page": "1", "url": "http://www.gutenberg.org/files/1265/1265-h/1265-h.htm", "windowLocation": "http://localhost:7001/result?query=kent&page=1"}
{"type": "searchResultGenerated", "timestamp": "2026-04-21T07:25:19.642Z", "sessionID": "bedec071-ff20-47aa-ab67-605c9ff12d28", "query": "kent", "docid": "6212", "rank": "4", "page": "1", "url": "http://www.gutenberg.org/files/4769/4769-h/4769-h.htm", "windowLocation": "http://localhost:7001/result?query=kent&page=1"}
{"type": "queryBoxFocused", "timestamp": "2026-04-21T07:25:22.872Z", "sessionID": "bedec071-ff20-47aa-ab67-605c9ff12d28"}
{"type": "querySubmitted", "timestamp": "2026-04-21T07:25:24.931Z", "sessionID": "bedec071-ff20-47aa-ab67-605c9ff12d28", "query": "ducks"}
{"type": "searchResultGenerated", "timestamp": "2026-04-21T07:25:41.786Z", "sessionID": "bedec071-ff20-47aa-ab67-605c9ff12d28", "query": "ducks", "docid": "4817", "rank": "1", "page": "1", "url": "http://www.gutenberg.org/files/902/902-h/902-h.htm", "windowLocation": "http://localhost:7001/result?query=ducks&page=1"}
{"type": "searchResultGenerated", "timestamp": "2026-04-21T07:25:41.786Z", "sessionID": "bedec071-ff20-47aa-ab67-605c9ff12d28", "query": "ducks", "docid": "5589", "rank": "2", "page": "1", "url": "http://www.gutenberg.org/files/28133/28133-h/28133-h.htm#Page_139", "windowLocation": "http://localhost:7001/result?query=ducks&page=1"}
{"type": "searchResultGenerated", "timestamp": "2026-04-21T07:25:41.786Z", "sessionID": "bedec071-ff20-47aa-ab67-605c9ff12d28", "query": "ducks", "docid": "2967", "rank": "3", "page": "1", "url": "https://kids.frontiersin.org/article/10.3389/frym.2017.00007", "windowLocation": "http://localhost:7001/result?query=ducks&page=1"}
{"type": "searchResultGenerated", "timestamp": "2026-04-21T07:25:41.787Z", "sessionID": "bedec071-ff20-47aa-ab67-605c9ff12d28", "query": "ducks", "docid": "6202", "rank": "4", "page": "1", "url": "http://www.gutenberg.org/files/16891/16891-h/16891-h.htm", "windowLocation": "http://localhost:7001/result?query=ducks&page=1"}
{"type": "searchResultGenerated", "timestamp": "2026-04-21T07:25:41.787Z", "sessionID": "bedec071-ff20-47aa-ab67-605c9ff12d28", "query": "ducks", "docid": "5292", "rank": "5", "page": "1", "url": "http://www.gutenberg.org/files/40756/40756-h/40756-h.htm#Page_135", "windowLocation": "http://localhost:7001/result?query=ducks&page=1"}
{"type": "searchResultGenerated", "timestamp": "2026-04-21T07:25:41.787Z", "sessionID": "bedec071-ff20-47aa-ab67-605c9ff12d28", "query": "ducks", "docid": "5565", "rank": "6", "page": "1", "url": "http://www.gutenberg.org/files/28131/28131-h/28131-h.htm#Page_94", "windowLocation": "http://localhost:7001/result?query=ducks&page=1"}
{"type": "searchResultGenerated", "timestamp": "2026-04-21T07:25:41.787Z", "sessionID": "bedec071-ff20-47aa-ab67-605c9ff12d28", "query": "ducks", "docid": "4970", "rank": "7", "page": "1", "url": "http://www.gutenberg.org/files/8950/8950-h/8950-h.htm", "windowLocation": "http://localhost:7001/result?query=ducks&page=1"}
{"type": "searchResultGenerated", "timestamp": "2026-04-21T07:25:41.787Z", "sessionID": "bedec071-ff20-47aa-ab67-605c9ff12d28", "query": "ducks", "docid": "5607", "rank": "8", "page": "1", "url": "http://www.gutenberg.org/files/15170/15170-h/15170-h.htm#mirror", "windowLocation": "http://localhost:7001/result?query=ducks&page=1"}
{"type": "searchResultGenerated", "timestamp": "2026-04-21T07:25:41.788Z", "sessionID": "bedec071-ff20-47aa-ab67-605c9ff12d28", "query": "ducks", "docid": "5499", "rank": "9", "page": "1", "url": "http://www.gutenberg.org/files/28130/28130-h/28130-h.htm#Page_57", "windowLocation": "http://localhost:7001/result?query=ducks&page=1"}
{"type": "searchResultGenerated", "timestamp": "2026-04-21T07:25:41.788Z", "sessionID": "bedec071-ff20-47aa-ab67-605c9ff12d28", "query": "ducks", "docid": "2047", "rank": "10", "page": "1", "url": "https://kids.frontiersin.org/article/10.3389/frym.2020.00083", "windowLocation": "http://localhost:7001/result?query=ducks&page=1"}
{"type": "queryBoxFocused", "timestamp": "2026-04-21T07:25:50.731Z", "sessionID": "bedec071-ff20-47aa-ab67-605c9ff12d28"}
{"type": "querySubmitted", "timestamp": "2026-04-21T07:25:54.867Z", "sessionID": "bedec071-ff20-47aa-ab67-605c9ff12d28", "query": "book"}
{"type": "ClickedEndTask", "timestamp": "2026-04-21T07:27:08.659Z", "sessionID": "bedec071-ff20-47aa-ab67-605c9ff12d28"}
{"type": "TaskEndConfirmed", "timestamp": "2026-04-21T07:27:09.960Z", "sessionID": "bedec071-ff20-47aa-ab67-605c9ff12d28"}
{"type": "TaskEnded", "timestamp": "2026-04-21T07:27:14.521Z", "sessionID": "bedec071-ff20-47aa-ab67-605c9ff12d28", "answer": "took too long"}
