{"type": "TaskStarted", "timestamp": "2026-04-23T11:43:25.793Z", "sessionID": "37d31e79-c70f-4999-942e-6949dea0b4c0"}
{"type": "idSubmitted", "timestamp": "2026-04-23T11:43:25.794Z", "sessionID": "37d31e79-c70f-4999-942e-6949dea0b4c0", "uid": "Participant1"}
{"type": "queryBoxFocused", "timestamp": "2026-04-23T11:43:27.163Z", "sessionID": "37d31e79-c70f-4999-942e-6949dea0b4c0"}
{"type": "hoverOverQuerySuggestions", "timestamp": "2026-04-23T11:43:34.319Z", "sessionID": "37d31e79-c70f-4999-942e-6949dea0b4c0", "query": "duck", "hoveredSuggestion": "duckduckgo"}
{"type": "hoverOverQuerySuggestions", "timestamp": "2026-04-23T11:43:35.352Z", "sessionID": "37d31e79-c70f-4999-942e-6949dea0b4c0", "query": "duck", "hoveredSuggestion": "https://duckduckgo.com/"}
{"type": "hoverOverQuerySuggestions", "timestamp": "2026-04-23T11:43:36.102Z", "sessionID": "37d31e79-c70f-4999-942e-6949dea0b4c0", "query": "duck", "hoveredSuggestion": "ducks"}
{"type": "querySubmitted", "timestamp": "2026-04-23T11:43:42.078Z", "sessionID": "37d31e79-c70f-4999-942e-6949dea0b4c0", "query": "ducks"}
{"type": "searchResultGenerated", "timestamp": "2026-04-23T11:43:43.277Z", "sessionID": "37d31e79-c70f-4999-942e-6949dea0b4c0", "query": "ducks", "docid": "2938", "rank": "1", "page": "1", "url": "https://www.africanstorybook.org/#", "windowLocation": "http://localhost:7001/result?query=ducks&page=1"}
{"type": "searchResultGenerated", "timestamp": "2026-04-23T11:43:43.277Z", "sessionID": "37d31e79-c70f-4999-942e-6949dea0b4c0", "query": "ducks", "docid": "5607", "rank": "2", "page": "1", "url": "http://www.gutenberg.org/files/15170/15170-h/15170-h.htm#mirror", "windowLocation": "http://localhost:7001/result?query=ducks&page=1"}
{"type": "searchResultGenerated", "timestamp": "2026-04-23T11:43:43.277Z", "sessionID": "37d31e79-c70f-4999-942e-6949dea0b4c0", "query": "ducks", "docid": "5292", "rank": "3", "page": "1", "url": "http://www.gutenberg.org/files/40756/40756-h/40756-h.htm#Page_135", "windowLocation": "http://localhost:7001/result?query=ducks&page=1"}
{"type": "searchResultGenerated", "timestamp": "2026-04-23T11:43:43.277Z", "sessionID": "37d31e79-c70f-4999-942e-6949dea0b4c0", "query": "ducks", "docid": "5499", "rank": "4", "page": "1", "url": "http://www.gutenberg.org/files/28130/28130-h/28130-h.htm#Page_57", "windowLocation": "http://localhost:7001/result?query=ducks&page=1"}
{"type": "searchResultGenerated", "timestamp": "2026-04-23T11:43:43.278Z", "sessionID": "37d31e79-c70f-4999-942e-6949dea0b4c0", "query": "ducks", "docid": "5642", "rank": "5", "page": "1", "url": "http://www.gutenberg.org/files/16522/16522-h/16522-h.htm#ELSIES_DUCKS", "windowLocation": "http://localhost:7001/result?query=ducks&page=1"}
{"type": "searchResultGenerated", "timestamp": "2026-04-23T11:43:43.278Z", "sessionID": "37d31e79-c70f-4999-942e-6949dea0b4c0", "query": "ducks", "docid": "4817", "rank": "6", "page": "1", "url": "http://www.gutenberg.org/files/902/902-h/902-h.htm", "windowLocation": "http://localhost:7001/result?query=ducks&page=1"}
{"type": "searchResultGenerated", "timestamp": "2026-04-23T11:43:43.278Z", "sessionID": "37d31e79-c70f-4999-942e-6949dea0b4c0", "query": "ducks", "docid": "4970", "rank": "7", "page": "1", "url": "http://www.gutenberg.org/files/8950/8950-h/8950-h.htm", "windowLocation": "http://localhost:7001/result?query=ducks&page=1"}
{"type": "searchResultGenerated", "timestamp": "2026-04-23T11:43:43.278Z", "sessionID": "37d31e79-c70f-4999-942e-6949dea0b4c0", "query": "ducks", "docid": "6202", "rank": "8", "page": "1", "url": "http://www.gutenberg.org/files/16891/16891-h/16891-h.htm", "windowLocation": "http://localhost:7001/result?query=ducks&page=1"}
{"type": "searchResultGenerated", "timestamp": "2026-04-23T11:43:43.278Z", "sessionID": "37d31e79-c70f-4999-942e-6949dea0b4c0", "query": "ducks", "docid": "5714", "rank": "9", "page": "1", "url": "http://www.gutenberg.org/files/24940/24940-h/24940-h.htm#Page_69", "windowLocation": "http://localhost:7001/result?query=ducks&page=1"}
{"type": "searchResultGenerated", "timestamp": "2026-04-23T11:43:43.278Z", "sessionID": "37d31e79-c70f-4999-942e-6949dea0b4c0", "query": "ducks", "docid": "5589", "rank": "10", "page": "1", "url": "http://www.gutenberg.org/files/28133/28133-h/28133-h.htm#Page_139", "windowLocation": "http://localhost:7001/result?query=ducks&page=1"}
{"type": "hoverOverSnippet", "timestamp": "2026-04-23T11:43:44.102Z", "sessionID": "37d31e79-c70f-4999-942e-6949dea0b4c0", "query": "ducks", "docid": "2938", "rank": "1", "page": "1", "url": "https://www.africanstorybook.org/#", "windowLocation": "http://localhost:7001/result?query=ducks&page=1"}
{"type": "ClickedEndTask", "timestamp": "2026-04-23T11:43:55.758Z", "sessionID": "37d31e79-c70f-4999-942e-6949dea0b4c0"}
{"type": "TaskEndConfirmed", "timestamp": "2026-04-23T11:43:56.489Z", "sessionID": "37d31e79-c70f-4999-942e-6949dea0b4c0"}
{"type": "TaskEnded", "timestamp": "2026-04-23T11:43:57.566Z", "sessionID": "37d31e79-c70f-4999-942e-6949dea0b4c0", "answer": ""}
