{"type": "TaskStarted", "timestamp": "2026-04-22T07:35:24.241Z", "sessionID": "e58b7c8d-90a2-446f-b6e0-968b8d359cd8"}
{"type": "idSubmitted", "timestamp": "2026-04-22T07:35:24.245Z", "sessionID": "e58b7c8d-90a2-446f-b6e0-968b8d359cd8", "uid": "Participant8"}
{"type": "queryBoxFocused", "timestamp": "2026-04-22T07:35:25.443Z", "sessionID": "e58b7c8d-90a2-446f-b6e0-968b8d359cd8"}
{"type": "querySubmitted", "timestamp": "2026-04-22T07:35:34.351Z", "sessionID": "e58b7c8d-90a2-446f-b6e0-968b8d359cd8", "query": "dzcks"}
{"type": "Query suggestion generated", "timestamp": "2026-04-22T07:35:35.408Z", "sessionID": "e58b7c8d-90a2-446f-b6e0-968b8d359cd8", "user query": "dzcks", "suggested query": "ducks"}
{"type": "searchResultGenerated", "timestamp": "2026-04-22T07:35:35.409Z", "sessionID": "e58b7c8d-90a2-446f-b6e0-968b8d359cd8", "query": "dzcks", "docid": "2938", "rank": "1", "page": "1", "url": "https://www.africanstorybook.org/#", "windowLocation": "http://localhost:7001/result?query=dzcks&page=1"}
{"type": "searchResultGenerated", "timestamp": "2026-04-22T07:35:35.409Z", "sessionID": "e58b7c8d-90a2-446f-b6e0-968b8d359cd8", "query": "dzcks", "docid": "5607", "rank": "2", "page": "1", "url": "http://www.gutenberg.org/files/15170/15170-h/15170-h.htm#mirror", "windowLocation": "http://localhost:7001/result?query=dzcks&page=1"}
{"type": "searchResultGenerated", "timestamp": "2026-04-22T07:35:35.409Z", "sessionID": "e58b7c8d-90a2-446f-b6e0-968b8d359cd8", "query": "dzcks", "docid": "5292", "rank": "3", "page": "1", "url": "http://www.gutenberg.org/files/40756/40756-h/40756-h.htm#Page_135", "windowLocation": "http://localhost:7001/result?query=dzcks&page=1"}
{"type": "searchResultGenerated", "timestamp": "2026-04-22T07:35:35.410Z", "sessionID": "e58b7c8d-90a2-446f-b6e0-968b8d359cd8", "query": "dzcks", "docid": "5499", "rank": "4", "page": "1", "url": "http://www.gutenberg.org/files/28130/28130-h/28130-h.htm#Page_57", "windowLocation": "http://localhost:7001/result?query=dzcks&page=1"}
{"type": "searchResultGenerated", "timestamp": "2026-04-22T07:35:35.410Z", "sessionID": "e58b7c8d-90a2-446f-b6e0-968b8d359cd8", "query": "dzcks", "docid": "5642", "rank": "5", "page": "1", "url": "http://www.gutenberg.org/files/16522/16522-h/16522-h.htm#ELSIES_DUCKS", "windowLocation": "http://localhost:7001/result?query=dzcks&page=1"}
{"type": "searchResultGenerated", "timestamp": "2026-04-22T07:35:35.410Z", "sessionID": "e58b7c8d-90a2-446f-b6e0-968b8d359cd8", "query": "dzcks", "docid": "4817", "rank": "6", "page": "1", "url": "http://www.gutenberg.org/files/902/902-h/902-h.htm", "windowLocation": "http://localhost:7001/result?query=dzcks&page=1"}
{"type": "searchResultGenerated", "timestamp": "2026-04-22T07:35:35.411Z", "sessionID": "e58b7c8d-90a2-446f-b6e0-968b8d359cd8", "query": "dzcks", "docid": "4970", "rank": "7", "page": "1", "url": "http://www.gutenberg.org/files/8950/8950-h/8950-h.htm", "windowLocation": "http://localhost:7001/result?query=dzcks&page=1"}
{"type": "searchResultGenerated", "timestamp": "2026-04-22T07:35:35.411Z", "sessionID": "e58b7c8d-90a2-446f-b6e0-968b8d359cd8", "query": "dzcks", "docid": "6202", "rank": "8", "page": "1", "url": "http://www.gutenberg.org/files/16891/16891-h/16891-h.htm", "windowLocation": "http://localhost:7001/result?query=dzcks&page=1"}
{"type": "searchResultGenerated", "timestamp": "2026-04-22T07:35:35.411Z", "sessionID": "e58b7c8d-90a2-446f-b6e0-968b8d359cd8", "query": "dzcks", "docid": "5714", "rank": "9", "page": "1", "url": "http://www.gutenberg.org/files/24940/24940-h/24940-h.htm#Page_69", "windowLocation": "http://localhost:7001/result?query=dzcks&page=1"}
{"type": "searchResultGenerated", "timestamp": "2026-04-22T07:35:35.411Z", "sessionID": "e58b7c8d-90a2-446f-b6e0-968b8d359cd8", "query": "dzcks", "docid": "5589", "rank": "10", "page": "1", "url": "http://www.gutenberg.org/files/28133/28133-h/28133-h.htm#Page_139", "windowLocation": "http://localhost:7001/result?query=dzcks&page=1"}
{"type": "queryBoxFocused", "timestamp": "2026-04-22T07:35:38.042Z", "sessionID": "e58b7c8d-90a2-446f-b6e0-968b8d359cd8"}
{"type": "querySubmitted", "timestamp": "2026-04-22T07:35:39.582Z", "sessionID": "e58b7c8d-90a2-446f-b6e0-968b8d359cd8", "query": "atism"}
{"type": "Query suggestion generated", "timestamp": "2026-04-22T07:35:39.896Z", "sessionID": "e58b7c8d-90a2-446f-b6e0-968b8d359cd8", "user query": "atism", "suggested query": "autism"}
{"type": "searchResultGenerated", "timestamp": "2026-04-22T07:35:39.896Z", "sessionID": "e58b7c8d-90a2-446f-b6e0-968b8d359cd8", "query": "atism", "docid": "2615", "rank": "1", "page": "1", "url": "https://kids.frontiersin.org/article/10.3389/frym.2019.00129", "windowLocation": "http://localhost:7001/result?query=atism&page=1"}
{"type": "queryBoxFocused", "timestamp": "2026-04-22T07:35:41.464Z", "sessionID": "e58b7c8d-90a2-446f-b6e0-968b8d359cd8"}
{"type": "querySubmitted", "timestamp": "2026-04-22T07:35:44.728Z", "sessionID": "e58b7c8d-90a2-446f-b6e0-968b8d359cd8", "query": "trs"}
{"type": "Query suggestion generated", "timestamp": "2026-04-22T07:35:45.231Z", "sessionID": "e58b7c8d-90a2-446f-b6e0-968b8d359cd8", "user query": "trs", "suggested query": "try"}
{"type": "searchResultGenerated", "timestamp": "2026-04-22T07:35:45.231Z", "sessionID": "e58b7c8d-90a2-446f-b6e0-968b8d359cd8", "query": "trs", "docid": "7007", "rank": "1", "page": "1", "url": "http://www.gutenberg.org/files/25359/25359-h/25359-h.htm#Page_90", "windowLocation": "http://localhost:7001/result?query=trs&page=1"}
{"type": "searchResultGenerated", "timestamp": "2026-04-22T07:35:45.231Z", "sessionID": "e58b7c8d-90a2-446f-b6e0-968b8d359cd8", "query": "trs", "docid": "1926", "rank": "2", "page": "1", "url": "https://www.africanstorybook.org/", "windowLocation": "http://localhost:7001/result?query=trs&page=1"}
{"type": "searchResultGenerated", "timestamp": "2026-04-22T07:35:45.232Z", "sessionID": "e58b7c8d-90a2-446f-b6e0-968b8d359cd8", "query": "trs", "docid": "2345", "rank": "3", "page": "1", "url": "https://simple.wikipedia.org/wiki/Realism", "windowLocation": "http://localhost:7001/result?query=trs&page=1"}
{"type": "searchResultGenerated", "timestamp": "2026-04-22T07:35:45.232Z", "sessionID": "e58b7c8d-90a2-446f-b6e0-968b8d359cd8", "query": "trs", "docid": "5667", "rank": "4", "page": "1", "url": "http://www.gutenberg.org/files/24475/24475-h/24475-h.htm#Page_57", "windowLocation": "http://localhost:7001/result?query=trs&page=1"}
{"type": "searchResultGenerated", "timestamp": "2026-04-22T07:35:45.232Z", "sessionID": "e58b7c8d-90a2-446f-b6e0-968b8d359cd8", "query": "trs", "docid": "2514", "rank": "5", "page": "1", "url": "https://kids.frontiersin.org/article/10.3389/frym.2019.00034", "windowLocation": "http://localhost:7001/result?query=trs&page=1"}
{"type": "searchResultGenerated", "timestamp": "2026-04-22T07:35:45.232Z", "sessionID": "e58b7c8d-90a2-446f-b6e0-968b8d359cd8", "query": "trs", "docid": "1923", "rank": "6", "page": "1", "url": "https://kids.frontiersin.org/article/10.3389/frym.2020.00015", "windowLocation": "http://localhost:7001/result?query=trs&page=1"}
{"type": "searchResultGenerated", "timestamp": "2026-04-22T07:35:45.233Z", "sessionID": "e58b7c8d-90a2-446f-b6e0-968b8d359cd8", "query": "trs", "docid": "6526", "rank": "7", "page": "1", "url": "http://www.gutenberg.org/cache/epub/12775/pg12775-images.html", "windowLocation": "http://localhost:7001/result?query=trs&page=1"}
{"type": "searchResultGenerated", "timestamp": "2026-04-22T07:35:45.233Z", "sessionID": "e58b7c8d-90a2-446f-b6e0-968b8d359cd8", "query": "trs", "docid": "2059", "rank": "8", "page": "1", "url": "https://en.wikipedia.org/wiki/Free_market", "windowLocation": "http://localhost:7001/result?query=trs&page=1"}
{"type": "searchResultGenerated", "timestamp": "2026-04-22T07:35:45.233Z", "sessionID": "e58b7c8d-90a2-446f-b6e0-968b8d359cd8", "query": "trs", "docid": "5494", "rank": "9", "page": "1", "url": "http://www.gutenberg.org/files/28137/28137-h/28137-h.htm#Page_85", "windowLocation": "http://localhost:7001/result?query=trs&page=1"}
{"type": "searchResultGenerated", "timestamp": "2026-04-22T07:35:45.233Z", "sessionID": "e58b7c8d-90a2-446f-b6e0-968b8d359cd8", "query": "trs", "docid": "1903", "rank": "10", "page": "1", "url": "https://kids.frontiersin.org/article/10.3389/frym.2019.00155", "windowLocation": "http://localhost:7001/result?query=trs&page=1"}
{"type": "queryBoxFocused", "timestamp": "2026-04-22T07:35:47.646Z", "sessionID": "e58b7c8d-90a2-446f-b6e0-968b8d359cd8"}
{"type": "querySubmitted", "timestamp": "2026-04-22T07:35:50.478Z", "sessionID": "e58b7c8d-90a2-446f-b6e0-968b8d359cd8", "query": "tres"}
{"type": "queryBoxFocused", "timestamp": "2026-04-22T07:35:57.497Z", "sessionID": "e58b7c8d-90a2-446f-b6e0-968b8d359cd8"}
{"type": "querySubmitted", "timestamp": "2026-04-22T07:36:01.782Z", "sessionID": "e58b7c8d-90a2-446f-b6e0-968b8d359cd8", "query": "trese"}
{"type": "queryBoxFocused", "timestamp": "2026-04-22T07:36:06.708Z", "sessionID": "e58b7c8d-90a2-446f-b6e0-968b8d359cd8"}
{"type": "querySubmitted", "timestamp": "2026-04-22T07:36:09.037Z", "sessionID": "e58b7c8d-90a2-446f-b6e0-968b8d359cd8", "query": "pyton"}
{"type": "Query suggestion generated", "timestamp": "2026-04-22T07:36:09.317Z", "sessionID": "e58b7c8d-90a2-446f-b6e0-968b8d359cd8", "user query": "pyton", "suggested query": "python"}
{"type": "searchResultGenerated", "timestamp": "2026-04-22T07:36:09.317Z", "sessionID": "e58b7c8d-90a2-446f-b6e0-968b8d359cd8", "query": "pyton", "docid": "3379", "rank": "1", "page": "1", "url": "https://www.africanstorybook.org/", "windowLocation": "http://localhost:7001/result?query=pyton&page=1"}
{"type": "clickedQuerySuggestion", "timestamp": "2026-04-22T07:36:15.242Z", "sessionID": "e58b7c8d-90a2-446f-b6e0-968b8d359cd8", "user query": "pyton", "suggested query": "python"}
{"type": "searchResultGenerated", "timestamp": "2026-04-22T07:36:15.510Z", "sessionID": "e58b7c8d-90a2-446f-b6e0-968b8d359cd8", "query": "python", "docid": "3379", "rank": "1", "page": "1", "url": "https://www.africanstorybook.org/", "windowLocation": "http://localhost:7001/result?query=python&page=1"}
{"type": "cursorEnteredSnippet", "timestamp": "2026-04-22T07:36:24.158Z", "sessionID": "e58b7c8d-90a2-446f-b6e0-968b8d359cd8", "query": "python", "docid": "3379", "rank": "1", "page": "1", "url": "https://www.africanstorybook.org/", "windowLocation": "http://localhost:7001/result?query=python&page=1"}
{"type": "cursorLeftSnippet", "timestamp": "2026-04-22T07:36:24.240Z", "sessionID": "e58b7c8d-90a2-446f-b6e0-968b8d359cd8", "query": "python", "docid": "3379", "rank": "1", "page": "1", "url": "https://www.africanstorybook.org/", "windowLocation": "http://localhost:7001/result?query=python&page=1"}
{"type": "wentBack", "timestamp": "2026-04-22T07:36:26.448Z", "sessionID": "e58b7c8d-90a2-446f-b6e0-968b8d359cd8", "query": "pyton", "fromURL": "http://localhost:7001/result?query=python&page=1", "toURL": "http://localhost:7001/result?query=pyton&page=1"}
{"type": "ClickedEndTask", "timestamp": "2026-04-22T07:36:29.554Z", "sessionID": "e58b7c8d-90a2-446f-b6e0-968b8d359cd8"}
{"type": "TaskEndConfirmed", "timestamp": "2026-04-22T07:36:30.176Z", "sessionID": "e58b7c8d-90a2-446f-b6e0-968b8d359cd8"}
{"type": "TaskEnded", "timestamp": "2026-04-22T07:36:30.753Z", "sessionID": "e58b7c8d-90a2-446f-b6e0-968b8d359cd8", "answer": ""}
