{"type": "TaskStarted", "timestamp": "2026-04-14T13:31:57.816Z", "sessionID": "7d42ea52-43fb-4b51-a14c-7f7ee757fedc"}
{"type": "idSubmitted", "timestamp": "2026-04-14T13:31:57.817Z", "sessionID": "7d42ea52-43fb-4b51-a14c-7f7ee757fedc", "uid": "Participant8"}
{"type": "queryBoxFocused", "timestamp": "2026-04-14T13:31:59.234Z", "sessionID": "7d42ea52-43fb-4b51-a14c-7f7ee757fedc"}
{"type": "querySubmitted", "timestamp": "2026-04-14T13:32:02.884Z", "sessionID": "7d42ea52-43fb-4b51-a14c-7f7ee757fedc", "query": "capybaras"}
{"type": "queryBoxFocused", "timestamp": "2026-04-14T14:11:16.161Z", "sessionID": "7d42ea52-43fb-4b51-a14c-7f7ee757fedc"}
{"type": "querySubmitted", "timestamp": "2026-04-14T14:11:18.874Z", "sessionID": "7d42ea52-43fb-4b51-a14c-7f7ee757fedc", "query": "capybara"}
{"type": "TaskStarted", "timestamp": "2026-04-15T11:15:46.727Z", "sessionID": "7d42ea52-43fb-4b51-a14c-7f7ee757fedc"}
{"type": "idSubmitted", "timestamp": "2026-04-15T11:15:46.730Z", "sessionID": "7d42ea52-43fb-4b51-a14c-7f7ee757fedc", "uid": "Participant8"}
{"type": "queryBoxFocused", "timestamp": "2026-04-15T11:15:52.852Z", "sessionID": "7d42ea52-43fb-4b51-a14c-7f7ee757fedc"}
{"type": "querySubmitted", "timestamp": "2026-04-15T11:15:55.152Z", "sessionID": "7d42ea52-43fb-4b51-a14c-7f7ee757fedc", "query": "ducks"}
{"type": "searchResultGenerated", "timestamp": "2026-04-15T11:15:56.273Z", "sessionID": "7d42ea52-43fb-4b51-a14c-7f7ee757fedc", "query": "ducks", "docid": "2938", "rank": "1", "page": "1", "url": "https://www.africanstorybook.org/#", "windowLocation": "http://localhost:7001/result?query=ducks&page=1"}
{"type": "searchResultGenerated", "timestamp": "2026-04-15T11:15:56.273Z", "sessionID": "7d42ea52-43fb-4b51-a14c-7f7ee757fedc", "query": "ducks", "docid": "5607", "rank": "2", "page": "1", "url": "http://www.gutenberg.org/files/15170/15170-h/15170-h.htm#mirror", "windowLocation": "http://localhost:7001/result?query=ducks&page=1"}
{"type": "searchResultGenerated", "timestamp": "2026-04-15T11:15:56.274Z", "sessionID": "7d42ea52-43fb-4b51-a14c-7f7ee757fedc", "query": "ducks", "docid": "5292", "rank": "3", "page": "1", "url": "http://www.gutenberg.org/files/40756/40756-h/40756-h.htm#Page_135", "windowLocation": "http://localhost:7001/result?query=ducks&page=1"}
{"type": "searchResultGenerated", "timestamp": "2026-04-15T11:15:56.274Z", "sessionID": "7d42ea52-43fb-4b51-a14c-7f7ee757fedc", "query": "ducks", "docid": "5499", "rank": "4", "page": "1", "url": "http://www.gutenberg.org/files/28130/28130-h/28130-h.htm#Page_57", "windowLocation": "http://localhost:7001/result?query=ducks&page=1"}
{"type": "searchResultGenerated", "timestamp": "2026-04-15T11:15:56.274Z", "sessionID": "7d42ea52-43fb-4b51-a14c-7f7ee757fedc", "query": "ducks", "docid": "5642", "rank": "5", "page": "1", "url": "http://www.gutenberg.org/files/16522/16522-h/16522-h.htm#ELSIES_DUCKS", "windowLocation": "http://localhost:7001/result?query=ducks&page=1"}
{"type": "searchResultGenerated", "timestamp": "2026-04-15T11:15:56.274Z", "sessionID": "7d42ea52-43fb-4b51-a14c-7f7ee757fedc", "query": "ducks", "docid": "4817", "rank": "6", "page": "1", "url": "http://www.gutenberg.org/files/902/902-h/902-h.htm", "windowLocation": "http://localhost:7001/result?query=ducks&page=1"}
{"type": "searchResultGenerated", "timestamp": "2026-04-15T11:15:56.274Z", "sessionID": "7d42ea52-43fb-4b51-a14c-7f7ee757fedc", "query": "ducks", "docid": "4970", "rank": "7", "page": "1", "url": "http://www.gutenberg.org/files/8950/8950-h/8950-h.htm", "windowLocation": "http://localhost:7001/result?query=ducks&page=1"}
{"type": "searchResultGenerated", "timestamp": "2026-04-15T11:15:56.275Z", "sessionID": "7d42ea52-43fb-4b51-a14c-7f7ee757fedc", "query": "ducks", "docid": "6202", "rank": "8", "page": "1", "url": "http://www.gutenberg.org/files/16891/16891-h/16891-h.htm", "windowLocation": "http://localhost:7001/result?query=ducks&page=1"}
{"type": "searchResultGenerated", "timestamp": "2026-04-15T11:15:56.275Z", "sessionID": "7d42ea52-43fb-4b51-a14c-7f7ee757fedc", "query": "ducks", "docid": "5714", "rank": "9", "page": "1", "url": "http://www.gutenberg.org/files/24940/24940-h/24940-h.htm#Page_69", "windowLocation": "http://localhost:7001/result?query=ducks&page=1"}
{"type": "searchResultGenerated", "timestamp": "2026-04-15T11:15:56.275Z", "sessionID": "7d42ea52-43fb-4b51-a14c-7f7ee757fedc", "query": "ducks", "docid": "5589", "rank": "10", "page": "1", "url": "http://www.gutenberg.org/files/28133/28133-h/28133-h.htm#Page_139", "windowLocation": "http://localhost:7001/result?query=ducks&page=1"}
{"type": "cursorEnteredSnippet", "timestamp": "2026-04-15T11:15:56.631Z", "sessionID": "7d42ea52-43fb-4b51-a14c-7f7ee757fedc", "query": "ducks", "docid": "2938", "rank": "1", "page": "1", "url": "https://www.africanstorybook.org/#", "windowLocation": "http://localhost:7001/result?query=ducks&page=1"}
{"type": "cursorLeftSnippet", "timestamp": "2026-04-15T11:15:56.964Z", "sessionID": "7d42ea52-43fb-4b51-a14c-7f7ee757fedc", "query": "ducks", "docid": "2938", "rank": "1", "page": "1", "url": "https://www.africanstorybook.org/#", "windowLocation": "http://localhost:7001/result?query=ducks&page=1"}
{"type": "cursorEnteredSnippet", "timestamp": "2026-04-15T11:15:58.714Z", "sessionID": "7d42ea52-43fb-4b51-a14c-7f7ee757fedc", "query": "ducks", "docid": "2938", "rank": "1", "page": "1", "url": "https://www.africanstorybook.org/#", "windowLocation": "http://localhost:7001/result?query=ducks&page=1"}
{"type": "cursorLeftSnippet", "timestamp": "2026-04-15T11:15:58.731Z", "sessionID": "7d42ea52-43fb-4b51-a14c-7f7ee757fedc", "query": "ducks", "docid": "2938", "rank": "1", "page": "1", "url": "https://www.africanstorybook.org/#", "windowLocation": "http://localhost:7001/result?query=ducks&page=1"}
{"type": "ClickedEndTask", "timestamp": "2026-04-15T11:15:59.527Z", "sessionID": "7d42ea52-43fb-4b51-a14c-7f7ee757fedc"}
{"type": "TaskEndConfirmed", "timestamp": "2026-04-15T11:16:00.658Z", "sessionID": "7d42ea52-43fb-4b51-a14c-7f7ee757fedc"}
