{"type": "TaskStarted", "timestamp": "2026-04-20T15:24:46.437Z", "sessionID": "ef80a992-c8be-4db3-ac5c-d785a0edeb1b"}
{"type": "idSubmitted", "timestamp": "2026-04-20T15:24:46.442Z", "sessionID": "ef80a992-c8be-4db3-ac5c-d785a0edeb1b", "uid": "Participant7"}
{"type": "queryBoxFocused", "timestamp": "2026-04-20T15:24:48.652Z", "sessionID": "ef80a992-c8be-4db3-ac5c-d785a0edeb1b"}
{"type": "querySubmitted", "timestamp": "2026-04-20T15:24:50.289Z", "sessionID": "ef80a992-c8be-4db3-ac5c-d785a0edeb1b", "query": "ducks"}
{"type": "queryBoxFocused", "timestamp": "2026-04-20T15:25:41.004Z", "sessionID": "ef80a992-c8be-4db3-ac5c-d785a0edeb1b"}
{"type": "querySubmitted", "timestamp": "2026-04-20T15:25:45.600Z", "sessionID": "ef80a992-c8be-4db3-ac5c-d785a0edeb1b", "query": "ducks"}
{"type": "queryBoxFocused", "timestamp": "2026-04-21T07:19:05.874Z", "sessionID": "ef80a992-c8be-4db3-ac5c-d785a0edeb1b"}
{"type": "querySubmitted", "timestamp": "2026-04-21T07:19:07.928Z", "sessionID": "ef80a992-c8be-4db3-ac5c-d785a0edeb1b", "query": "ducks"}
{"type": "searchResultGenerated", "timestamp": "2026-04-21T07:19:34.715Z", "sessionID": "ef80a992-c8be-4db3-ac5c-d785a0edeb1b", "query": "ducks", "docid": "4817", "rank": "1", "page": "1", "url": "http://www.gutenberg.org/files/902/902-h/902-h.htm", "windowLocation": "http://localhost:7001/result?query=ducks&page=1"}
{"type": "searchResultGenerated", "timestamp": "2026-04-21T07:19:34.715Z", "sessionID": "ef80a992-c8be-4db3-ac5c-d785a0edeb1b", "query": "ducks", "docid": "5589", "rank": "2", "page": "1", "url": "http://www.gutenberg.org/files/28133/28133-h/28133-h.htm#Page_139", "windowLocation": "http://localhost:7001/result?query=ducks&page=1"}
{"type": "searchResultGenerated", "timestamp": "2026-04-21T07:19:34.715Z", "sessionID": "ef80a992-c8be-4db3-ac5c-d785a0edeb1b", "query": "ducks", "docid": "2967", "rank": "3", "page": "1", "url": "https://kids.frontiersin.org/article/10.3389/frym.2017.00007", "windowLocation": "http://localhost:7001/result?query=ducks&page=1"}
{"type": "searchResultGenerated", "timestamp": "2026-04-21T07:19:34.716Z", "sessionID": "ef80a992-c8be-4db3-ac5c-d785a0edeb1b", "query": "ducks", "docid": "6202", "rank": "4", "page": "1", "url": "http://www.gutenberg.org/files/16891/16891-h/16891-h.htm", "windowLocation": "http://localhost:7001/result?query=ducks&page=1"}
{"type": "searchResultGenerated", "timestamp": "2026-04-21T07:19:34.716Z", "sessionID": "ef80a992-c8be-4db3-ac5c-d785a0edeb1b", "query": "ducks", "docid": "5292", "rank": "5", "page": "1", "url": "http://www.gutenberg.org/files/40756/40756-h/40756-h.htm#Page_135", "windowLocation": "http://localhost:7001/result?query=ducks&page=1"}
{"type": "searchResultGenerated", "timestamp": "2026-04-21T07:19:34.716Z", "sessionID": "ef80a992-c8be-4db3-ac5c-d785a0edeb1b", "query": "ducks", "docid": "5565", "rank": "6", "page": "1", "url": "http://www.gutenberg.org/files/28131/28131-h/28131-h.htm#Page_94", "windowLocation": "http://localhost:7001/result?query=ducks&page=1"}
{"type": "searchResultGenerated", "timestamp": "2026-04-21T07:19:34.716Z", "sessionID": "ef80a992-c8be-4db3-ac5c-d785a0edeb1b", "query": "ducks", "docid": "4970", "rank": "7", "page": "1", "url": "http://www.gutenberg.org/files/8950/8950-h/8950-h.htm", "windowLocation": "http://localhost:7001/result?query=ducks&page=1"}
{"type": "searchResultGenerated", "timestamp": "2026-04-21T07:19:34.716Z", "sessionID": "ef80a992-c8be-4db3-ac5c-d785a0edeb1b", "query": "ducks", "docid": "5607", "rank": "8", "page": "1", "url": "http://www.gutenberg.org/files/15170/15170-h/15170-h.htm#mirror", "windowLocation": "http://localhost:7001/result?query=ducks&page=1"}
{"type": "searchResultGenerated", "timestamp": "2026-04-21T07:19:34.716Z", "sessionID": "ef80a992-c8be-4db3-ac5c-d785a0edeb1b", "query": "ducks", "docid": "5499", "rank": "9", "page": "1", "url": "http://www.gutenberg.org/files/28130/28130-h/28130-h.htm#Page_57", "windowLocation": "http://localhost:7001/result?query=ducks&page=1"}
{"type": "searchResultGenerated", "timestamp": "2026-04-21T07:19:34.717Z", "sessionID": "ef80a992-c8be-4db3-ac5c-d785a0edeb1b", "query": "ducks", "docid": "2047", "rank": "10", "page": "1", "url": "https://kids.frontiersin.org/article/10.3389/frym.2020.00083", "windowLocation": "http://localhost:7001/result?query=ducks&page=1"}
{"type": "cursorEnteredSnippet", "timestamp": "2026-04-21T07:19:37.191Z", "sessionID": "ef80a992-c8be-4db3-ac5c-d785a0edeb1b", "query": "ducks", "docid": "4817", "rank": "1", "page": "1", "url": "http://www.gutenberg.org/files/902/902-h/902-h.htm", "windowLocation": "http://localhost:7001/result?query=ducks&page=1"}
{"type": "cursorLeftSnippet", "timestamp": "2026-04-21T07:19:37.246Z", "sessionID": "ef80a992-c8be-4db3-ac5c-d785a0edeb1b", "query": "ducks", "docid": "4817", "rank": "1", "page": "1", "url": "http://www.gutenberg.org/files/902/902-h/902-h.htm", "windowLocation": "http://localhost:7001/result?query=ducks&page=1"}
{"type": "queryBoxFocused", "timestamp": "2026-04-21T07:19:37.893Z", "sessionID": "ef80a992-c8be-4db3-ac5c-d785a0edeb1b"}
{"type": "querySubmitted", "timestamp": "2026-04-21T07:19:44.245Z", "sessionID": "ef80a992-c8be-4db3-ac5c-d785a0edeb1b", "query": "koalas"}
{"type": "searchResultGenerated", "timestamp": "2026-04-21T07:19:45.170Z", "sessionID": "ef80a992-c8be-4db3-ac5c-d785a0edeb1b", "query": "koalas", "docid": "2761", "rank": "1", "page": "1", "url": "https://kids.frontiersin.org/article/10.3389/frym.2018.00050", "windowLocation": "http://localhost:7001/result?query=koalas&page=1"}
{"type": "queryBoxFocused", "timestamp": "2026-04-21T07:19:47.201Z", "sessionID": "ef80a992-c8be-4db3-ac5c-d785a0edeb1b"}
{"type": "querySubmitted", "timestamp": "2026-04-21T07:19:50.134Z", "sessionID": "ef80a992-c8be-4db3-ac5c-d785a0edeb1b", "query": "peter"}
{"type": "searchResultGenerated", "timestamp": "2026-04-21T07:20:02.703Z", "sessionID": "ef80a992-c8be-4db3-ac5c-d785a0edeb1b", "query": "peter", "docid": "6880", "rank": "1", "page": "1", "url": "http://www.gutenberg.org/files/21015/21015-h/21015-h.htm", "windowLocation": "http://localhost:7001/result?query=peter&page=1"}
{"type": "searchResultGenerated", "timestamp": "2026-04-21T07:20:02.703Z", "sessionID": "ef80a992-c8be-4db3-ac5c-d785a0edeb1b", "query": "peter", "docid": "4564", "rank": "2", "page": "1", "url": "http://www.gutenberg.org/files/14838/14838-h/14838-h.htm", "windowLocation": "http://localhost:7001/result?query=peter&page=1"}
{"type": "searchResultGenerated", "timestamp": "2026-04-21T07:20:02.703Z", "sessionID": "ef80a992-c8be-4db3-ac5c-d785a0edeb1b", "query": "peter", "docid": "3817", "rank": "3", "page": "1", "url": "http://www.gutenberg.org/cache/epub/8075/pg8075-images.html", "windowLocation": "http://localhost:7001/result?query=peter&page=1"}
{"type": "searchResultGenerated", "timestamp": "2026-04-21T07:20:02.703Z", "sessionID": "ef80a992-c8be-4db3-ac5c-d785a0edeb1b", "query": "peter", "docid": "6890", "rank": "4", "page": "1", "url": "http://www.gutenberg.org/files/5791/5791-h/5791-h.htm", "windowLocation": "http://localhost:7001/result?query=peter&page=1"}
{"type": "searchResultGenerated", "timestamp": "2026-04-21T07:20:02.704Z", "sessionID": "ef80a992-c8be-4db3-ac5c-d785a0edeb1b", "query": "peter", "docid": "4808", "rank": "5", "page": "1", "url": "https://www.commonlit.org/texts/how-boots-befooled-the-king", "windowLocation": "http://localhost:7001/result?query=peter&page=1"}
{"type": "searchResultGenerated", "timestamp": "2026-04-21T07:20:02.704Z", "sessionID": "ef80a992-c8be-4db3-ac5c-d785a0edeb1b", "query": "peter", "docid": "426", "rank": "6", "page": "1", "url": "http://www.gutenberg.org/files/1874/1874-h/1874-h.htm#link2HCH0001", "windowLocation": "http://localhost:7001/result?query=peter&page=1"}
{"type": "searchResultGenerated", "timestamp": "2026-04-21T07:20:02.704Z", "sessionID": "ef80a992-c8be-4db3-ac5c-d785a0edeb1b", "query": "peter", "docid": "4419", "rank": "7", "page": "1", "url": "http://www.gutenberg.org/files/16/16-h/16-h.htm", "windowLocation": "http://localhost:7001/result?query=peter&page=1"}
{"type": "searchResultGenerated", "timestamp": "2026-04-21T07:20:02.704Z", "sessionID": "ef80a992-c8be-4db3-ac5c-d785a0edeb1b", "query": "peter", "docid": "6160", "rank": "8", "page": "1", "url": "http://www.gutenberg.org/files/19079/19079-h/19079-h.htm", "windowLocation": "http://localhost:7001/result?query=peter&page=1"}
{"type": "searchResultGenerated", "timestamp": "2026-04-21T07:20:02.704Z", "sessionID": "ef80a992-c8be-4db3-ac5c-d785a0edeb1b", "query": "peter", "docid": "6334", "rank": "9", "page": "1", "url": "http://www.gutenberg.org/files/19084/19084-h/19084-h.htm#Page_167", "windowLocation": "http://localhost:7001/result?query=peter&page=1"}
{"type": "searchResultGenerated", "timestamp": "2026-04-21T07:20:02.704Z", "sessionID": "ef80a992-c8be-4db3-ac5c-d785a0edeb1b", "query": "peter", "docid": "6809", "rank": "10", "page": "1", "url": "http://www.gutenberg.org/files/19644/19644-h/19644-h.htm#DANDELION_CLOCKS", "windowLocation": "http://localhost:7001/result?query=peter&page=1"}
{"type": "queryBoxFocused", "timestamp": "2026-04-21T07:20:07.921Z", "sessionID": "ef80a992-c8be-4db3-ac5c-d785a0edeb1b"}
{"type": "querySubmitted", "timestamp": "2026-04-21T07:20:10.052Z", "sessionID": "ef80a992-c8be-4db3-ac5c-d785a0edeb1b", "query": "robin"}
{"type": "cursorEnteredSnippet", "timestamp": "2026-04-21T07:20:20.766Z", "sessionID": "ef80a992-c8be-4db3-ac5c-d785a0edeb1b", "query": "peter", "docid": "4808", "rank": "5", "page": "1", "url": "https://www.commonlit.org/texts/how-boots-befooled-the-king", "windowLocation": "http://localhost:7001/result?query=peter&page=1"}
{"type": "cursorLeftSnippet", "timestamp": "2026-04-21T07:20:20.777Z", "sessionID": "ef80a992-c8be-4db3-ac5c-d785a0edeb1b", "query": "peter", "docid": "4808", "rank": "5", "page": "1", "url": "https://www.commonlit.org/texts/how-boots-befooled-the-king", "windowLocation": "http://localhost:7001/result?query=peter&page=1"}
{"type": "cursorEnteredSnippet", "timestamp": "2026-04-21T07:20:20.778Z", "sessionID": "ef80a992-c8be-4db3-ac5c-d785a0edeb1b", "query": "peter", "docid": "6890", "rank": "4", "page": "1", "url": "http://www.gutenberg.org/files/5791/5791-h/5791-h.htm", "windowLocation": "http://localhost:7001/result?query=peter&page=1"}
{"type": "cursorLeftSnippet", "timestamp": "2026-04-21T07:20:20.828Z", "sessionID": "ef80a992-c8be-4db3-ac5c-d785a0edeb1b", "query": "peter", "docid": "6890", "rank": "4", "page": "1", "url": "http://www.gutenberg.org/files/5791/5791-h/5791-h.htm", "windowLocation": "http://localhost:7001/result?query=peter&page=1"}
{"type": "cursorEnteredSnippet", "timestamp": "2026-04-21T07:20:20.844Z", "sessionID": "ef80a992-c8be-4db3-ac5c-d785a0edeb1b", "query": "peter", "docid": "3817", "rank": "3", "page": "1", "url": "http://www.gutenberg.org/cache/epub/8075/pg8075-images.html", "windowLocation": "http://localhost:7001/result?query=peter&page=1"}
{"type": "cursorLeftSnippet", "timestamp": "2026-04-21T07:20:21.189Z", "sessionID": "ef80a992-c8be-4db3-ac5c-d785a0edeb1b", "query": "peter", "docid": "3817", "rank": "3", "page": "1", "url": "http://www.gutenberg.org/cache/epub/8075/pg8075-images.html", "windowLocation": "http://localhost:7001/result?query=peter&page=1"}
{"type": "cursorEnteredSnippet", "timestamp": "2026-04-21T07:20:21.189Z", "sessionID": "ef80a992-c8be-4db3-ac5c-d785a0edeb1b", "query": "peter", "docid": "4564", "rank": "2", "page": "1", "url": "http://www.gutenberg.org/files/14838/14838-h/14838-h.htm", "windowLocation": "http://localhost:7001/result?query=peter&page=1"}
{"type": "cursorLeftSnippet", "timestamp": "2026-04-21T07:20:21.264Z", "sessionID": "ef80a992-c8be-4db3-ac5c-d785a0edeb1b", "query": "peter", "docid": "4564", "rank": "2", "page": "1", "url": "http://www.gutenberg.org/files/14838/14838-h/14838-h.htm", "windowLocation": "http://localhost:7001/result?query=peter&page=1"}
{"type": "cursorEnteredSnippet", "timestamp": "2026-04-21T07:20:21.277Z", "sessionID": "ef80a992-c8be-4db3-ac5c-d785a0edeb1b", "query": "peter", "docid": "6880", "rank": "1", "page": "1", "url": "http://www.gutenberg.org/files/21015/21015-h/21015-h.htm", "windowLocation": "http://localhost:7001/result?query=peter&page=1"}
{"type": "cursorLeftSnippet", "timestamp": "2026-04-21T07:20:21.418Z", "sessionID": "ef80a992-c8be-4db3-ac5c-d785a0edeb1b", "query": "peter", "docid": "6880", "rank": "1", "page": "1", "url": "http://www.gutenberg.org/files/21015/21015-h/21015-h.htm", "windowLocation": "http://localhost:7001/result?query=peter&page=1"}
{"type": "cursorEnteredSnippet", "timestamp": "2026-04-21T07:20:21.444Z", "sessionID": "ef80a992-c8be-4db3-ac5c-d785a0edeb1b", "query": "peter", "docid": "4564", "rank": "2", "page": "1", "url": "http://www.gutenberg.org/files/14838/14838-h/14838-h.htm", "windowLocation": "http://localhost:7001/result?query=peter&page=1"}
{"type": "cursorLeftSnippet", "timestamp": "2026-04-21T07:20:21.484Z", "sessionID": "ef80a992-c8be-4db3-ac5c-d785a0edeb1b", "query": "peter", "docid": "4564", "rank": "2", "page": "1", "url": "http://www.gutenberg.org/files/14838/14838-h/14838-h.htm", "windowLocation": "http://localhost:7001/result?query=peter&page=1"}
{"type": "searchResultGenerated", "timestamp": "2026-04-21T07:20:23.005Z", "sessionID": "ef80a992-c8be-4db3-ac5c-d785a0edeb1b", "query": "robin", "docid": "1260", "rank": "1", "page": "1", "url": "http://www.gutenberg.org/cache/epub/4265/pg4265-images.html", "windowLocation": "http://localhost:7001/result?query=robin&page=1"}
{"type": "searchResultGenerated", "timestamp": "2026-04-21T07:20:23.005Z", "sessionID": "ef80a992-c8be-4db3-ac5c-d785a0edeb1b", "query": "robin", "docid": "5795", "rank": "2", "page": "1", "url": "http://www.gutenberg.org/files/19923/19923-h/19923-h.htm#lxxxviii", "windowLocation": "http://localhost:7001/result?query=robin&page=1"}
{"type": "searchResultGenerated", "timestamp": "2026-04-21T07:20:23.005Z", "sessionID": "ef80a992-c8be-4db3-ac5c-d785a0edeb1b", "query": "robin", "docid": "1555", "rank": "3", "page": "1", "url": "http://www.gutenberg.org/cache/epub/6323/pg6323-images.html", "windowLocation": "http://localhost:7001/result?query=robin&page=1"}
{"type": "searchResultGenerated", "timestamp": "2026-04-21T07:20:23.005Z", "sessionID": "ef80a992-c8be-4db3-ac5c-d785a0edeb1b", "query": "robin", "docid": "1551", "rank": "4", "page": "1", "url": "http://www.gutenberg.org/cache/epub/6323/pg6323-images.html", "windowLocation": "http://localhost:7001/result?query=robin&page=1"}
{"type": "searchResultGenerated", "timestamp": "2026-04-21T07:20:23.005Z", "sessionID": "ef80a992-c8be-4db3-ac5c-d785a0edeb1b", "query": "robin", "docid": "1558", "rank": "5", "page": "1", "url": "http://www.gutenberg.org/cache/epub/6323/pg6323-images.html", "windowLocation": "http://localhost:7001/result?query=robin&page=1"}
{"type": "searchResultGenerated", "timestamp": "2026-04-21T07:20:23.005Z", "sessionID": "ef80a992-c8be-4db3-ac5c-d785a0edeb1b", "query": "robin", "docid": "1554", "rank": "6", "page": "1", "url": "http://www.gutenberg.org/cache/epub/6323/pg6323-images.html", "windowLocation": "http://localhost:7001/result?query=robin&page=1"}
{"type": "searchResultGenerated", "timestamp": "2026-04-21T07:20:23.005Z", "sessionID": "ef80a992-c8be-4db3-ac5c-d785a0edeb1b", "query": "robin", "docid": "1553", "rank": "7", "page": "1", "url": "http://www.gutenberg.org/cache/epub/6323/pg6323-images.html", "windowLocation": "http://localhost:7001/result?query=robin&page=1"}
{"type": "searchResultGenerated", "timestamp": "2026-04-21T07:20:23.006Z", "sessionID": "ef80a992-c8be-4db3-ac5c-d785a0edeb1b", "query": "robin", "docid": "1556", "rank": "8", "page": "1", "url": "http://www.gutenberg.org/cache/epub/6323/pg6323-images.html", "windowLocation": "http://localhost:7001/result?query=robin&page=1"}
{"type": "searchResultGenerated", "timestamp": "2026-04-21T07:20:23.006Z", "sessionID": "ef80a992-c8be-4db3-ac5c-d785a0edeb1b", "query": "robin", "docid": "5590", "rank": "9", "page": "1", "url": "http://www.gutenberg.org/files/28140/28140-h/28140-h.htm#Page_181", "windowLocation": "http://localhost:7001/result?query=robin&page=1"}
{"type": "searchResultGenerated", "timestamp": "2026-04-21T07:20:23.006Z", "sessionID": "ef80a992-c8be-4db3-ac5c-d785a0edeb1b", "query": "robin", "docid": "1557", "rank": "10", "page": "1", "url": "http://www.gutenberg.org/cache/epub/6323/pg6323-images.html", "windowLocation": "http://localhost:7001/result?query=robin&page=1"}
{"type": "cursorEnteredSnippet", "timestamp": "2026-04-21T07:20:30.244Z", "sessionID": "ef80a992-c8be-4db3-ac5c-d785a0edeb1b", "query": "robin", "docid": "1260", "rank": "1", "page": "1", "url": "http://www.gutenberg.org/cache/epub/4265/pg4265-images.html", "windowLocation": "http://localhost:7001/result?query=robin&page=1"}
{"type": "cursorLeftSnippet", "timestamp": "2026-04-21T07:20:30.544Z", "sessionID": "ef80a992-c8be-4db3-ac5c-d785a0edeb1b", "query": "robin", "docid": "1260", "rank": "1", "page": "1", "url": "http://www.gutenberg.org/cache/epub/4265/pg4265-images.html", "windowLocation": "http://localhost:7001/result?query=robin&page=1"}
{"type": "cursorEnteredSnippet", "timestamp": "2026-04-21T07:20:40.345Z", "sessionID": "ef80a992-c8be-4db3-ac5c-d785a0edeb1b", "query": "robin", "docid": "1551", "rank": "4", "page": "1", "url": "http://www.gutenberg.org/cache/epub/6323/pg6323-images.html", "windowLocation": "http://localhost:7001/result?query=robin&page=1"}
{"type": "cursorLeftSnippet", "timestamp": "2026-04-21T07:20:40.660Z", "sessionID": "ef80a992-c8be-4db3-ac5c-d785a0edeb1b", "query": "robin", "docid": "1551", "rank": "4", "page": "1", "url": "http://www.gutenberg.org/cache/epub/6323/pg6323-images.html", "windowLocation": "http://localhost:7001/result?query=robin&page=1"}
{"type": "cursorEnteredSnippet", "timestamp": "2026-04-21T07:20:40.661Z", "sessionID": "ef80a992-c8be-4db3-ac5c-d785a0edeb1b", "query": "robin", "docid": "1555", "rank": "3", "page": "1", "url": "http://www.gutenberg.org/cache/epub/6323/pg6323-images.html", "windowLocation": "http://localhost:7001/result?query=robin&page=1"}
{"type": "cursorLeftSnippet", "timestamp": "2026-04-21T07:20:40.676Z", "sessionID": "ef80a992-c8be-4db3-ac5c-d785a0edeb1b", "query": "robin", "docid": "1555", "rank": "3", "page": "1", "url": "http://www.gutenberg.org/cache/epub/6323/pg6323-images.html", "windowLocation": "http://localhost:7001/result?query=robin&page=1"}
{"type": "cursorEnteredSnippet", "timestamp": "2026-04-21T07:20:45.076Z", "sessionID": "ef80a992-c8be-4db3-ac5c-d785a0edeb1b", "query": "robin", "docid": "5590", "rank": "9", "page": "1", "url": "http://www.gutenberg.org/files/28140/28140-h/28140-h.htm#Page_181", "windowLocation": "http://localhost:7001/result?query=robin&page=1"}
{"type": "cursorLeftSnippet", "timestamp": "2026-04-21T07:20:45.501Z", "sessionID": "ef80a992-c8be-4db3-ac5c-d785a0edeb1b", "query": "robin", "docid": "5590", "rank": "9", "page": "1", "url": "http://www.gutenberg.org/files/28140/28140-h/28140-h.htm#Page_181", "windowLocation": "http://localhost:7001/result?query=robin&page=1"}
{"type": "cursorEnteredSnippet", "timestamp": "2026-04-21T07:21:18.258Z", "sessionID": "ef80a992-c8be-4db3-ac5c-d785a0edeb1b", "query": "robin", "docid": "1557", "rank": "10", "page": "1", "url": "http://www.gutenberg.org/cache/epub/6323/pg6323-images.html", "windowLocation": "http://localhost:7001/result?query=robin&page=1"}
{"type": "cursorLeftSnippet", "timestamp": "2026-04-21T07:21:18.808Z", "sessionID": "ef80a992-c8be-4db3-ac5c-d785a0edeb1b", "query": "robin", "docid": "1557", "rank": "10", "page": "1", "url": "http://www.gutenberg.org/cache/epub/6323/pg6323-images.html", "windowLocation": "http://localhost:7001/result?query=robin&page=1"}
{"type": "cursorEnteredSnippet", "timestamp": "2026-04-21T07:21:18.808Z", "sessionID": "ef80a992-c8be-4db3-ac5c-d785a0edeb1b", "query": "robin", "docid": "5590", "rank": "9", "page": "1", "url": "http://www.gutenberg.org/files/28140/28140-h/28140-h.htm#Page_181", "windowLocation": "http://localhost:7001/result?query=robin&page=1"}
{"type": "cursorLeftSnippet", "timestamp": "2026-04-21T07:21:19.074Z", "sessionID": "ef80a992-c8be-4db3-ac5c-d785a0edeb1b", "query": "robin", "docid": "5590", "rank": "9", "page": "1", "url": "http://www.gutenberg.org/files/28140/28140-h/28140-h.htm#Page_181", "windowLocation": "http://localhost:7001/result?query=robin&page=1"}
{"type": "cursorEnteredSnippet", "timestamp": "2026-04-21T07:21:23.841Z", "sessionID": "ef80a992-c8be-4db3-ac5c-d785a0edeb1b", "query": "robin", "docid": "5590", "rank": "9", "page": "1", "url": "http://www.gutenberg.org/files/28140/28140-h/28140-h.htm#Page_181", "windowLocation": "http://localhost:7001/result?query=robin&page=1"}
{"type": "cursorLeftSnippet", "timestamp": "2026-04-21T07:21:23.858Z", "sessionID": "ef80a992-c8be-4db3-ac5c-d785a0edeb1b", "query": "robin", "docid": "5590", "rank": "9", "page": "1", "url": "http://www.gutenberg.org/files/28140/28140-h/28140-h.htm#Page_181", "windowLocation": "http://localhost:7001/result?query=robin&page=1"}
{"type": "cursorEnteredSnippet", "timestamp": "2026-04-21T07:21:23.874Z", "sessionID": "ef80a992-c8be-4db3-ac5c-d785a0edeb1b", "query": "robin", "docid": "1557", "rank": "10", "page": "1", "url": "http://www.gutenberg.org/cache/epub/6323/pg6323-images.html", "windowLocation": "http://localhost:7001/result?query=robin&page=1"}
{"type": "cursorLeftSnippet", "timestamp": "2026-04-21T07:21:24.174Z", "sessionID": "ef80a992-c8be-4db3-ac5c-d785a0edeb1b", "query": "robin", "docid": "1557", "rank": "10", "page": "1", "url": "http://www.gutenberg.org/cache/epub/6323/pg6323-images.html", "windowLocation": "http://localhost:7001/result?query=robin&page=1"}
{"type": "pageNavigationClicked", "timestamp": "2026-04-21T07:21:24.610Z", "sessionID": "ef80a992-c8be-4db3-ac5c-d785a0edeb1b", "clicked": "2", "fromPage": 1, "toPage": 2}
{"type": "cursorEnteredSnippet", "timestamp": "2026-04-21T07:21:24.891Z", "sessionID": "ef80a992-c8be-4db3-ac5c-d785a0edeb1b", "query": "robin", "docid": "1557", "rank": "10", "page": "1", "url": "http://www.gutenberg.org/cache/epub/6323/pg6323-images.html", "windowLocation": "http://localhost:7001/result?query=robin&page=1"}
{"type": "cursorLeftSnippet", "timestamp": "2026-04-21T07:21:24.974Z", "sessionID": "ef80a992-c8be-4db3-ac5c-d785a0edeb1b", "query": "robin", "docid": "1557", "rank": "10", "page": "1", "url": "http://www.gutenberg.org/cache/epub/6323/pg6323-images.html", "windowLocation": "http://localhost:7001/result?query=robin&page=1"}
{"type": "searchResultGenerated", "timestamp": "2026-04-21T07:21:36.061Z", "sessionID": "ef80a992-c8be-4db3-ac5c-d785a0edeb1b", "query": "robin", "docid": "5839", "rank": "1", "page": "2", "url": "http://www.gutenberg.org/cache/epub/6577/pg6577-images.html", "windowLocation": "http://localhost:7001/result?query=robin&page=2"}
{"type": "searchResultGenerated", "timestamp": "2026-04-21T07:21:36.061Z", "sessionID": "ef80a992-c8be-4db3-ac5c-d785a0edeb1b", "query": "robin", "docid": "5550", "rank": "2", "page": "2", "url": "http://www.gutenberg.org/files/28134/28134-h/28134-h.htm#Page_164", "windowLocation": "http://localhost:7001/result?query=robin&page=2"}
{"type": "searchResultGenerated", "timestamp": "2026-04-21T07:21:36.061Z", "sessionID": "ef80a992-c8be-4db3-ac5c-d785a0edeb1b", "query": "robin", "docid": "7024", "rank": "3", "page": "2", "url": "http://www.gutenberg.org/files/25359/25359-h/25359-h.htm#WEEROBIN", "windowLocation": "http://localhost:7001/result?query=robin&page=2"}
{"type": "searchResultGenerated", "timestamp": "2026-04-21T07:21:36.062Z", "sessionID": "ef80a992-c8be-4db3-ac5c-d785a0edeb1b", "query": "robin", "docid": "1289", "rank": "4", "page": "2", "url": "http://www.gutenberg.org/cache/epub/11250/pg11250.html", "windowLocation": "http://localhost:7001/result?query=robin&page=2"}
{"type": "searchResultGenerated", "timestamp": "2026-04-21T07:21:36.062Z", "sessionID": "ef80a992-c8be-4db3-ac5c-d785a0edeb1b", "query": "robin", "docid": "1559", "rank": "5", "page": "2", "url": "http://www.gutenberg.org/cache/epub/6323/pg6323-images.html", "windowLocation": "http://localhost:7001/result?query=robin&page=2"}
{"type": "searchResultGenerated", "timestamp": "2026-04-21T07:21:36.062Z", "sessionID": "ef80a992-c8be-4db3-ac5c-d785a0edeb1b", "query": "robin", "docid": "6729", "rank": "6", "page": "2", "url": "http://www.gutenberg.org/cache/epub/10316/pg10316-images.html", "windowLocation": "http://localhost:7001/result?query=robin&page=2"}
{"type": "searchResultGenerated", "timestamp": "2026-04-21T07:21:36.062Z", "sessionID": "ef80a992-c8be-4db3-ac5c-d785a0edeb1b", "query": "robin", "docid": "3826", "rank": "7", "page": "2", "url": "http://www.gutenberg.org/cache/epub/6328/pg6328-images.html", "windowLocation": "http://localhost:7001/result?query=robin&page=2"}
{"type": "searchResultGenerated", "timestamp": "2026-04-21T07:21:36.062Z", "sessionID": "ef80a992-c8be-4db3-ac5c-d785a0edeb1b", "query": "robin", "docid": "451", "rank": "8", "page": "2", "url": "http://www.gutenberg.org/files/22420/22420-h/22420-h.htm#Page_23", "windowLocation": "http://localhost:7001/result?query=robin&page=2"}
{"type": "searchResultGenerated", "timestamp": "2026-04-21T07:21:36.063Z", "sessionID": "ef80a992-c8be-4db3-ac5c-d785a0edeb1b", "query": "robin", "docid": "6494", "rank": "9", "page": "2", "url": "http://www.gutenberg.org/files/21203/21203-h/21203-h.htm", "windowLocation": "http://localhost:7001/result?query=robin&page=2"}
{"type": "searchResultGenerated", "timestamp": "2026-04-21T07:21:36.063Z", "sessionID": "ef80a992-c8be-4db3-ac5c-d785a0edeb1b", "query": "robin", "docid": "5707", "rank": "10", "page": "2", "url": "http://www.gutenberg.org/files/24476/24476-h/24476-h.htm#Page_69", "windowLocation": "http://localhost:7001/result?query=robin&page=2"}
{"type": "cursorEnteredSnippet", "timestamp": "2026-04-21T07:21:56.589Z", "sessionID": "ef80a992-c8be-4db3-ac5c-d785a0edeb1b", "query": "robin", "docid": "6494", "rank": "9", "page": "2", "url": "http://www.gutenberg.org/files/21203/21203-h/21203-h.htm", "windowLocation": "http://localhost:7001/result?query=robin&page=2"}
{"type": "cursorLeftSnippet", "timestamp": "2026-04-21T07:21:56.606Z", "sessionID": "ef80a992-c8be-4db3-ac5c-d785a0edeb1b", "query": "robin", "docid": "6494", "rank": "9", "page": "2", "url": "http://www.gutenberg.org/files/21203/21203-h/21203-h.htm", "windowLocation": "http://localhost:7001/result?query=robin&page=2"}
{"type": "cursorEnteredSnippet", "timestamp": "2026-04-21T07:21:56.606Z", "sessionID": "ef80a992-c8be-4db3-ac5c-d785a0edeb1b", "query": "robin", "docid": "5707", "rank": "10", "page": "2", "url": "http://www.gutenberg.org/files/24476/24476-h/24476-h.htm#Page_69", "windowLocation": "http://localhost:7001/result?query=robin&page=2"}
{"type": "cursorLeftSnippet", "timestamp": "2026-04-21T07:21:56.672Z", "sessionID": "ef80a992-c8be-4db3-ac5c-d785a0edeb1b", "query": "robin", "docid": "5707", "rank": "10", "page": "2", "url": "http://www.gutenberg.org/files/24476/24476-h/24476-h.htm#Page_69", "windowLocation": "http://localhost:7001/result?query=robin&page=2"}
{"type": "pageNavigationClicked", "timestamp": "2026-04-21T07:21:57.566Z", "sessionID": "ef80a992-c8be-4db3-ac5c-d785a0edeb1b", "clicked": "3", "fromPage": 2, "toPage": 3}
{"type": "cursorEnteredSnippet", "timestamp": "2026-04-21T07:21:57.806Z", "sessionID": "ef80a992-c8be-4db3-ac5c-d785a0edeb1b", "query": "robin", "docid": "5707", "rank": "10", "page": "2", "url": "http://www.gutenberg.org/files/24476/24476-h/24476-h.htm#Page_69", "windowLocation": "http://localhost:7001/result?query=robin&page=2"}
{"type": "cursorLeftSnippet", "timestamp": "2026-04-21T07:21:57.872Z", "sessionID": "ef80a992-c8be-4db3-ac5c-d785a0edeb1b", "query": "robin", "docid": "5707", "rank": "10", "page": "2", "url": "http://www.gutenberg.org/files/24476/24476-h/24476-h.htm#Page_69", "windowLocation": "http://localhost:7001/result?query=robin&page=2"}
{"type": "searchResultGenerated", "timestamp": "2026-04-21T07:22:08.145Z", "sessionID": "ef80a992-c8be-4db3-ac5c-d785a0edeb1b", "query": "robin", "docid": "4970", "rank": "1", "page": "3", "url": "http://www.gutenberg.org/files/8950/8950-h/8950-h.htm", "windowLocation": "http://localhost:7001/result?query=robin&page=3"}
{"type": "searchResultGenerated", "timestamp": "2026-04-21T07:22:08.145Z", "sessionID": "ef80a992-c8be-4db3-ac5c-d785a0edeb1b", "query": "robin", "docid": "6499", "rank": "2", "page": "3", "url": "http://www.gutenberg.org/cache/epub/14402/pg14402-images.html", "windowLocation": "http://localhost:7001/result?query=robin&page=3"}
{"type": "cursorEnteredSnippet", "timestamp": "2026-04-21T07:22:19.071Z", "sessionID": "ef80a992-c8be-4db3-ac5c-d785a0edeb1b", "query": "robin", "docid": "6499", "rank": "2", "page": "3", "url": "http://www.gutenberg.org/cache/epub/14402/pg14402-images.html", "windowLocation": "http://localhost:7001/result?query=robin&page=3"}
{"type": "cursorLeftSnippet", "timestamp": "2026-04-21T07:22:19.175Z", "sessionID": "ef80a992-c8be-4db3-ac5c-d785a0edeb1b", "query": "robin", "docid": "6499", "rank": "2", "page": "3", "url": "http://www.gutenberg.org/cache/epub/14402/pg14402-images.html", "windowLocation": "http://localhost:7001/result?query=robin&page=3"}
{"type": "cursorEnteredSnippet", "timestamp": "2026-04-21T07:22:19.175Z", "sessionID": "ef80a992-c8be-4db3-ac5c-d785a0edeb1b", "query": "robin", "docid": "4970", "rank": "1", "page": "3", "url": "http://www.gutenberg.org/files/8950/8950-h/8950-h.htm", "windowLocation": "http://localhost:7001/result?query=robin&page=3"}
{"type": "cursorLeftSnippet", "timestamp": "2026-04-21T07:22:19.421Z", "sessionID": "ef80a992-c8be-4db3-ac5c-d785a0edeb1b", "query": "robin", "docid": "4970", "rank": "1", "page": "3", "url": "http://www.gutenberg.org/files/8950/8950-h/8950-h.htm", "windowLocation": "http://localhost:7001/result?query=robin&page=3"}
{"type": "ClickedEndTask", "timestamp": "2026-04-21T07:22:20.144Z", "sessionID": "ef80a992-c8be-4db3-ac5c-d785a0edeb1b"}
{"type": "TaskEndConfirmed", "timestamp": "2026-04-21T07:22:21.222Z", "sessionID": "ef80a992-c8be-4db3-ac5c-d785a0edeb1b"}
{"type": "TaskEnded", "timestamp": "2026-04-21T07:22:22.470Z", "sessionID": "ef80a992-c8be-4db3-ac5c-d785a0edeb1b", "answer": ""}
{"type": "cursorEnteredSnippet", "timestamp": "2026-04-21T07:22:27.735Z", "sessionID": "ef80a992-c8be-4db3-ac5c-d785a0edeb1b", "query": "robin", "docid": "6499", "rank": "2", "page": "3", "url": "http://www.gutenberg.org/cache/epub/14402/pg14402-images.html", "windowLocation": "http://localhost:7001/result?query=robin&page=3"}
{"type": "cursorLeftSnippet", "timestamp": "2026-04-21T07:22:28.304Z", "sessionID": "ef80a992-c8be-4db3-ac5c-d785a0edeb1b", "query": "robin", "docid": "6499", "rank": "2", "page": "3", "url": "http://www.gutenberg.org/cache/epub/14402/pg14402-images.html", "windowLocation": "http://localhost:7001/result?query=robin&page=3"}
{"type": "cursorEnteredSnippet", "timestamp": "2026-04-21T07:24:20.732Z", "sessionID": "ef80a992-c8be-4db3-ac5c-d785a0edeb1b", "query": "robin", "docid": "6499", "rank": "2", "page": "3", "url": "http://www.gutenberg.org/cache/epub/14402/pg14402-images.html", "windowLocation": "http://localhost:7001/result?query=robin&page=3"}
{"type": "cursorLeftSnippet", "timestamp": "2026-04-21T07:24:20.882Z", "sessionID": "ef80a992-c8be-4db3-ac5c-d785a0edeb1b", "query": "robin", "docid": "6499", "rank": "2", "page": "3", "url": "http://www.gutenberg.org/cache/epub/14402/pg14402-images.html", "windowLocation": "http://localhost:7001/result?query=robin&page=3"}
{"type": "cursorEnteredSnippet", "timestamp": "2026-04-21T07:24:21.198Z", "sessionID": "ef80a992-c8be-4db3-ac5c-d785a0edeb1b", "query": "robin", "docid": "6499", "rank": "2", "page": "3", "url": "http://www.gutenberg.org/cache/epub/14402/pg14402-images.html", "windowLocation": "http://localhost:7001/result?query=robin&page=3"}
{"type": "cursorLeftSnippet", "timestamp": "2026-04-21T07:24:21.349Z", "sessionID": "ef80a992-c8be-4db3-ac5c-d785a0edeb1b", "query": "robin", "docid": "6499", "rank": "2", "page": "3", "url": "http://www.gutenberg.org/cache/epub/14402/pg14402-images.html", "windowLocation": "http://localhost:7001/result?query=robin&page=3"}
{"type": "cursorEnteredSnippet", "timestamp": "2026-04-21T07:24:21.365Z", "sessionID": "ef80a992-c8be-4db3-ac5c-d785a0edeb1b", "query": "robin", "docid": "4970", "rank": "1", "page": "3", "url": "http://www.gutenberg.org/files/8950/8950-h/8950-h.htm", "windowLocation": "http://localhost:7001/result?query=robin&page=3"}
{"type": "cursorLeftSnippet", "timestamp": "2026-04-21T07:24:21.432Z", "sessionID": "ef80a992-c8be-4db3-ac5c-d785a0edeb1b", "query": "robin", "docid": "4970", "rank": "1", "page": "3", "url": "http://www.gutenberg.org/files/8950/8950-h/8950-h.htm", "windowLocation": "http://localhost:7001/result?query=robin&page=3"}
{"type": "ClickedEndTask", "timestamp": "2026-04-21T07:24:22.195Z", "sessionID": "ef80a992-c8be-4db3-ac5c-d785a0edeb1b"}
{"type": "TaskEndConfirmed", "timestamp": "2026-04-21T07:24:23.451Z", "sessionID": "ef80a992-c8be-4db3-ac5c-d785a0edeb1b"}
{"type": "TaskEnded", "timestamp": "2026-04-21T07:24:30.564Z", "sessionID": "ef80a992-c8be-4db3-ac5c-d785a0edeb1b", "answer": "robin sings well"}
