{"type": "TaskStarted", "timestamp": "2026-04-15T11:44:51.966Z", "sessionID": "e5597179-c369-4a10-bb13-b7f08219c44a"}
{"type": "idSubmitted", "timestamp": "2026-04-15T11:44:51.971Z", "sessionID": "e5597179-c369-4a10-bb13-b7f08219c44a", "uid": "Participant7"}
{"type": "queryBoxFocused", "timestamp": "2026-04-15T11:44:53.257Z", "sessionID": "e5597179-c369-4a10-bb13-b7f08219c44a"}
{"type": "querySubmitted", "timestamp": "2026-04-15T11:44:55.732Z", "sessionID": "e5597179-c369-4a10-bb13-b7f08219c44a", "query": "ducks"}
{"type": "searchResultGenerated", "timestamp": "2026-04-15T11:44:56.753Z", "sessionID": "e5597179-c369-4a10-bb13-b7f08219c44a", "query": "ducks", "docid": "2938", "rank": "1", "page": "1", "url": "https://www.africanstorybook.org/#", "windowLocation": "http://localhost:7001/result?query=ducks&page=1"}
{"type": "searchResultGenerated", "timestamp": "2026-04-15T11:44:56.754Z", "sessionID": "e5597179-c369-4a10-bb13-b7f08219c44a", "query": "ducks", "docid": "5607", "rank": "2", "page": "1", "url": "http://www.gutenberg.org/files/15170/15170-h/15170-h.htm#mirror", "windowLocation": "http://localhost:7001/result?query=ducks&page=1"}
{"type": "searchResultGenerated", "timestamp": "2026-04-15T11:44:56.754Z", "sessionID": "e5597179-c369-4a10-bb13-b7f08219c44a", "query": "ducks", "docid": "5292", "rank": "3", "page": "1", "url": "http://www.gutenberg.org/files/40756/40756-h/40756-h.htm#Page_135", "windowLocation": "http://localhost:7001/result?query=ducks&page=1"}
{"type": "searchResultGenerated", "timestamp": "2026-04-15T11:44:56.754Z", "sessionID": "e5597179-c369-4a10-bb13-b7f08219c44a", "query": "ducks", "docid": "5499", "rank": "4", "page": "1", "url": "http://www.gutenberg.org/files/28130/28130-h/28130-h.htm#Page_57", "windowLocation": "http://localhost:7001/result?query=ducks&page=1"}
{"type": "searchResultGenerated", "timestamp": "2026-04-15T11:44:56.754Z", "sessionID": "e5597179-c369-4a10-bb13-b7f08219c44a", "query": "ducks", "docid": "5642", "rank": "5", "page": "1", "url": "http://www.gutenberg.org/files/16522/16522-h/16522-h.htm#ELSIES_DUCKS", "windowLocation": "http://localhost:7001/result?query=ducks&page=1"}
{"type": "searchResultGenerated", "timestamp": "2026-04-15T11:44:56.754Z", "sessionID": "e5597179-c369-4a10-bb13-b7f08219c44a", "query": "ducks", "docid": "4817", "rank": "6", "page": "1", "url": "http://www.gutenberg.org/files/902/902-h/902-h.htm", "windowLocation": "http://localhost:7001/result?query=ducks&page=1"}
{"type": "searchResultGenerated", "timestamp": "2026-04-15T11:44:56.754Z", "sessionID": "e5597179-c369-4a10-bb13-b7f08219c44a", "query": "ducks", "docid": "4970", "rank": "7", "page": "1", "url": "http://www.gutenberg.org/files/8950/8950-h/8950-h.htm", "windowLocation": "http://localhost:7001/result?query=ducks&page=1"}
{"type": "searchResultGenerated", "timestamp": "2026-04-15T11:44:56.754Z", "sessionID": "e5597179-c369-4a10-bb13-b7f08219c44a", "query": "ducks", "docid": "6202", "rank": "8", "page": "1", "url": "http://www.gutenberg.org/files/16891/16891-h/16891-h.htm", "windowLocation": "http://localhost:7001/result?query=ducks&page=1"}
{"type": "searchResultGenerated", "timestamp": "2026-04-15T11:44:56.754Z", "sessionID": "e5597179-c369-4a10-bb13-b7f08219c44a", "query": "ducks", "docid": "5714", "rank": "9", "page": "1", "url": "http://www.gutenberg.org/files/24940/24940-h/24940-h.htm#Page_69", "windowLocation": "http://localhost:7001/result?query=ducks&page=1"}
{"type": "searchResultGenerated", "timestamp": "2026-04-15T11:44:56.754Z", "sessionID": "e5597179-c369-4a10-bb13-b7f08219c44a", "query": "ducks", "docid": "5589", "rank": "10", "page": "1", "url": "http://www.gutenberg.org/files/28133/28133-h/28133-h.htm#Page_139", "windowLocation": "http://localhost:7001/result?query=ducks&page=1"}
{"type": "queryBoxFocused", "timestamp": "2026-04-15T11:44:57.775Z", "sessionID": "e5597179-c369-4a10-bb13-b7f08219c44a"}
{"type": "querySubmitted", "timestamp": "2026-04-15T11:45:01.097Z", "sessionID": "e5597179-c369-4a10-bb13-b7f08219c44a", "query": "duck ponds"}
{"type": "searchResultGenerated", "timestamp": "2026-04-15T11:45:01.403Z", "sessionID": "e5597179-c369-4a10-bb13-b7f08219c44a", "query": "duck ponds", "docid": "5499", "rank": "1", "page": "1", "url": "http://www.gutenberg.org/files/28130/28130-h/28130-h.htm#Page_57", "windowLocation": "http://localhost:7001/result?query=duck+ponds&page=1"}
{"type": "searchResultGenerated", "timestamp": "2026-04-15T11:45:01.404Z", "sessionID": "e5597179-c369-4a10-bb13-b7f08219c44a", "query": "duck ponds", "docid": "5292", "rank": "2", "page": "1", "url": "http://www.gutenberg.org/files/40756/40756-h/40756-h.htm#Page_135", "windowLocation": "http://localhost:7001/result?query=duck+ponds&page=1"}
{"type": "searchResultGenerated", "timestamp": "2026-04-15T11:45:01.404Z", "sessionID": "e5597179-c369-4a10-bb13-b7f08219c44a", "query": "duck ponds", "docid": "4817", "rank": "3", "page": "1", "url": "http://www.gutenberg.org/files/902/902-h/902-h.htm", "windowLocation": "http://localhost:7001/result?query=duck+ponds&page=1"}
{"type": "searchResultGenerated", "timestamp": "2026-04-15T11:45:01.404Z", "sessionID": "e5597179-c369-4a10-bb13-b7f08219c44a", "query": "duck ponds", "docid": "5511", "rank": "4", "page": "1", "url": "http://www.gutenberg.org/files/28138/28138-h/28138-h.htm#Page_100", "windowLocation": "http://localhost:7001/result?query=duck+ponds&page=1"}
{"type": "searchResultGenerated", "timestamp": "2026-04-15T11:45:01.404Z", "sessionID": "e5597179-c369-4a10-bb13-b7f08219c44a", "query": "duck ponds", "docid": "5405", "rank": "5", "page": "1", "url": "http://www.gutenberg.org/files/14493/14493-h/14493-h.htm#A_DAY_ON_GRANDPAS_FARM", "windowLocation": "http://localhost:7001/result?query=duck+ponds&page=1"}
{"type": "searchResultGenerated", "timestamp": "2026-04-15T11:45:01.405Z", "sessionID": "e5597179-c369-4a10-bb13-b7f08219c44a", "query": "duck ponds", "docid": "2938", "rank": "6", "page": "1", "url": "https://www.africanstorybook.org/#", "windowLocation": "http://localhost:7001/result?query=duck+ponds&page=1"}
{"type": "searchResultGenerated", "timestamp": "2026-04-15T11:45:01.405Z", "sessionID": "e5597179-c369-4a10-bb13-b7f08219c44a", "query": "duck ponds", "docid": "5607", "rank": "7", "page": "1", "url": "http://www.gutenberg.org/files/15170/15170-h/15170-h.htm#mirror", "windowLocation": "http://localhost:7001/result?query=duck+ponds&page=1"}
{"type": "searchResultGenerated", "timestamp": "2026-04-15T11:45:01.405Z", "sessionID": "e5597179-c369-4a10-bb13-b7f08219c44a", "query": "duck ponds", "docid": "5684", "rank": "8", "page": "1", "url": "http://www.gutenberg.org/files/24941/24941-h/24941-h.htm#Page_112", "windowLocation": "http://localhost:7001/result?query=duck+ponds&page=1"}
{"type": "searchResultGenerated", "timestamp": "2026-04-15T11:45:01.405Z", "sessionID": "e5597179-c369-4a10-bb13-b7f08219c44a", "query": "duck ponds", "docid": "7402", "rank": "9", "page": "1", "url": "https://www.digitallibrary.io/en/books/details/1016", "windowLocation": "http://localhost:7001/result?query=duck+ponds&page=1"}
{"type": "searchResultGenerated", "timestamp": "2026-04-15T11:45:01.405Z", "sessionID": "e5597179-c369-4a10-bb13-b7f08219c44a", "query": "duck ponds", "docid": "5642", "rank": "10", "page": "1", "url": "http://www.gutenberg.org/files/16522/16522-h/16522-h.htm#ELSIES_DUCKS", "windowLocation": "http://localhost:7001/result?query=duck+ponds&page=1"}
{"type": "wentBack", "timestamp": "2026-04-15T11:45:06.278Z", "sessionID": "e5597179-c369-4a10-bb13-b7f08219c44a", "query": "ducks", "fromURL": "http://localhost:7001/result?query=duck+ponds&page=1", "toURL": "http://localhost:7001/result?query=ducks&page=1"}
{"type": "ClickedEndTask", "timestamp": "2026-04-15T11:45:08.697Z", "sessionID": "e5597179-c369-4a10-bb13-b7f08219c44a"}
{"type": "TaskEndConfirmed", "timestamp": "2026-04-15T11:45:09.751Z", "sessionID": "e5597179-c369-4a10-bb13-b7f08219c44a"}
{"type": "TaskEnded", "timestamp": "2026-04-15T11:45:22.215Z", "sessionID": "e5597179-c369-4a10-bb13-b7f08219c44a", "answer": "duck ponds are full of water"}
