{"type": "TaskStarted", "timestamp": "2026-04-23T08:13:35.917Z", "sessionID": "82ca2e0c-96e4-4f4f-90fb-2d2cb00ccfc4"}
{"type": "idSubmitted", "timestamp": "2026-04-23T08:13:35.920Z", "sessionID": "82ca2e0c-96e4-4f4f-90fb-2d2cb00ccfc4", "uid": "Participant6"}
{"type": "queryBoxFocused", "timestamp": "2026-04-23T08:13:37.700Z", "sessionID": "82ca2e0c-96e4-4f4f-90fb-2d2cb00ccfc4"}
{"type": "choseAutoCompleteSuggestion", "timestamp": "2026-04-23T08:14:01.665Z", "sessionID": "82ca2e0c-96e4-4f4f-90fb-2d2cb00ccfc4", "selectedSuggestion": "ducks unlimited"}
{"type": "querySubmitted", "timestamp": "2026-04-23T08:14:17.303Z", "sessionID": "82ca2e0c-96e4-4f4f-90fb-2d2cb00ccfc4", "query": "ducks unlimited"}
{"type": "searchResultGenerated", "timestamp": "2026-04-23T08:14:18.418Z", "sessionID": "82ca2e0c-96e4-4f4f-90fb-2d2cb00ccfc4", "query": "ducks unlimited", "docid": "2938", "rank": "1", "page": "1", "url": "https://www.africanstorybook.org/#", "windowLocation": "http://localhost:7001/result?query=ducks+unlimited&page=1"}
{"type": "searchResultGenerated", "timestamp": "2026-04-23T08:14:18.418Z", "sessionID": "82ca2e0c-96e4-4f4f-90fb-2d2cb00ccfc4", "query": "ducks unlimited", "docid": "5607", "rank": "2", "page": "1", "url": "http://www.gutenberg.org/files/15170/15170-h/15170-h.htm#mirror", "windowLocation": "http://localhost:7001/result?query=ducks+unlimited&page=1"}
{"type": "searchResultGenerated", "timestamp": "2026-04-23T08:14:18.418Z", "sessionID": "82ca2e0c-96e4-4f4f-90fb-2d2cb00ccfc4", "query": "ducks unlimited", "docid": "5292", "rank": "3", "page": "1", "url": "http://www.gutenberg.org/files/40756/40756-h/40756-h.htm#Page_135", "windowLocation": "http://localhost:7001/result?query=ducks+unlimited&page=1"}
{"type": "searchResultGenerated", "timestamp": "2026-04-23T08:14:18.418Z", "sessionID": "82ca2e0c-96e4-4f4f-90fb-2d2cb00ccfc4", "query": "ducks unlimited", "docid": "5499", "rank": "4", "page": "1", "url": "http://www.gutenberg.org/files/28130/28130-h/28130-h.htm#Page_57", "windowLocation": "http://localhost:7001/result?query=ducks+unlimited&page=1"}
{"type": "searchResultGenerated", "timestamp": "2026-04-23T08:14:18.418Z", "sessionID": "82ca2e0c-96e4-4f4f-90fb-2d2cb00ccfc4", "query": "ducks unlimited", "docid": "5642", "rank": "5", "page": "1", "url": "http://www.gutenberg.org/files/16522/16522-h/16522-h.htm#ELSIES_DUCKS", "windowLocation": "http://localhost:7001/result?query=ducks+unlimited&page=1"}
{"type": "searchResultGenerated", "timestamp": "2026-04-23T08:14:18.418Z", "sessionID": "82ca2e0c-96e4-4f4f-90fb-2d2cb00ccfc4", "query": "ducks unlimited", "docid": "4817", "rank": "6", "page": "1", "url": "http://www.gutenberg.org/files/902/902-h/902-h.htm", "windowLocation": "http://localhost:7001/result?query=ducks+unlimited&page=1"}
{"type": "searchResultGenerated", "timestamp": "2026-04-23T08:14:18.418Z", "sessionID": "82ca2e0c-96e4-4f4f-90fb-2d2cb00ccfc4", "query": "ducks unlimited", "docid": "4970", "rank": "7", "page": "1", "url": "http://www.gutenberg.org/files/8950/8950-h/8950-h.htm", "windowLocation": "http://localhost:7001/result?query=ducks+unlimited&page=1"}
{"type": "searchResultGenerated", "timestamp": "2026-04-23T08:14:18.418Z", "sessionID": "82ca2e0c-96e4-4f4f-90fb-2d2cb00ccfc4", "query": "ducks unlimited", "docid": "6202", "rank": "8", "page": "1", "url": "http://www.gutenberg.org/files/16891/16891-h/16891-h.htm", "windowLocation": "http://localhost:7001/result?query=ducks+unlimited&page=1"}
{"type": "searchResultGenerated", "timestamp": "2026-04-23T08:14:18.418Z", "sessionID": "82ca2e0c-96e4-4f4f-90fb-2d2cb00ccfc4", "query": "ducks unlimited", "docid": "5714", "rank": "9", "page": "1", "url": "http://www.gutenberg.org/files/24940/24940-h/24940-h.htm#Page_69", "windowLocation": "http://localhost:7001/result?query=ducks+unlimited&page=1"}
{"type": "searchResultGenerated", "timestamp": "2026-04-23T08:14:18.419Z", "sessionID": "82ca2e0c-96e4-4f4f-90fb-2d2cb00ccfc4", "query": "ducks unlimited", "docid": "5589", "rank": "10", "page": "1", "url": "http://www.gutenberg.org/files/28133/28133-h/28133-h.htm#Page_139", "windowLocation": "http://localhost:7001/result?query=ducks+unlimited&page=1"}
{"type": "hoverOverSnippet", "timestamp": "2026-04-23T08:14:20.176Z", "sessionID": "82ca2e0c-96e4-4f4f-90fb-2d2cb00ccfc4", "query": "ducks unlimited", "docid": "2938", "rank": "1", "page": "1", "url": "https://www.africanstorybook.org/#", "windowLocation": "http://localhost:7001/result?query=ducks+unlimited&page=1"}
{"type": "hoverOverSnippet", "timestamp": "2026-04-23T08:14:22.702Z", "sessionID": "82ca2e0c-96e4-4f4f-90fb-2d2cb00ccfc4", "query": "ducks unlimited", "docid": "5607", "rank": "2", "page": "1", "url": "http://www.gutenberg.org/files/15170/15170-h/15170-h.htm#mirror", "windowLocation": "http://localhost:7001/result?query=ducks+unlimited&page=1"}
{"type": "hoverOverSnippet", "timestamp": "2026-04-23T08:14:25.925Z", "sessionID": "82ca2e0c-96e4-4f4f-90fb-2d2cb00ccfc4", "query": "ducks unlimited", "docid": "5292", "rank": "3", "page": "1", "url": "http://www.gutenberg.org/files/40756/40756-h/40756-h.htm#Page_135", "windowLocation": "http://localhost:7001/result?query=ducks+unlimited&page=1"}
{"type": "hoverOverSnippet", "timestamp": "2026-04-23T08:14:27.408Z", "sessionID": "82ca2e0c-96e4-4f4f-90fb-2d2cb00ccfc4", "query": "ducks unlimited", "docid": "5642", "rank": "5", "page": "1", "url": "http://www.gutenberg.org/files/16522/16522-h/16522-h.htm#ELSIES_DUCKS", "windowLocation": "http://localhost:7001/result?query=ducks+unlimited&page=1"}
{"type": "hoverOverSnippet", "timestamp": "2026-04-23T08:14:27.509Z", "sessionID": "82ca2e0c-96e4-4f4f-90fb-2d2cb00ccfc4", "query": "ducks unlimited", "docid": "5499", "rank": "4", "page": "1", "url": "http://www.gutenberg.org/files/28130/28130-h/28130-h.htm#Page_57", "windowLocation": "http://localhost:7001/result?query=ducks+unlimited&page=1"}
{"type": "hoverOverSnippet", "timestamp": "2026-04-23T08:14:32.525Z", "sessionID": "82ca2e0c-96e4-4f4f-90fb-2d2cb00ccfc4", "query": "ducks unlimited", "docid": "5642", "rank": "5", "page": "1", "url": "http://www.gutenberg.org/files/16522/16522-h/16522-h.htm#ELSIES_DUCKS", "windowLocation": "http://localhost:7001/result?query=ducks+unlimited&page=1"}
{"type": "hoverOverSnippet", "timestamp": "2026-04-23T08:14:35.734Z", "sessionID": "82ca2e0c-96e4-4f4f-90fb-2d2cb00ccfc4", "query": "ducks unlimited", "docid": "4817", "rank": "6", "page": "1", "url": "http://www.gutenberg.org/files/902/902-h/902-h.htm", "windowLocation": "http://localhost:7001/result?query=ducks+unlimited&page=1"}
{"type": "hoverOverSnippet", "timestamp": "2026-04-23T08:14:37.328Z", "sessionID": "82ca2e0c-96e4-4f4f-90fb-2d2cb00ccfc4", "query": "ducks unlimited", "docid": "4970", "rank": "7", "page": "1", "url": "http://www.gutenberg.org/files/8950/8950-h/8950-h.htm", "windowLocation": "http://localhost:7001/result?query=ducks+unlimited&page=1"}
{"type": "clickedResult", "timestamp": "2026-04-23T08:14:39.056Z", "sessionID": "82ca2e0c-96e4-4f4f-90fb-2d2cb00ccfc4", "query": "ducks unlimited", "docid": "4970", "rank": "7", "page": "1", "url": "http://www.gutenberg.org/files/8950/8950-h/8950-h.htm", "windowLocation": "http://www.gutenberg.org/files/8950/8950-h/8950-h.htm"}
{"type": "wentBack", "timestamp": "2026-04-23T08:14:48.196Z", "sessionID": "82ca2e0c-96e4-4f4f-90fb-2d2cb00ccfc4", "query": "ducks unlimited", "fromURL": "http://www.gutenberg.org/files/8950/8950-h/8950-h.htm", "toURL": "http://localhost:7001/result?query=ducks+unlimited&page=1"}
{"type": "hoverOverSnippet", "timestamp": "2026-04-23T08:14:48.624Z", "sessionID": "82ca2e0c-96e4-4f4f-90fb-2d2cb00ccfc4", "query": "ducks unlimited", "docid": "5642", "rank": "5", "page": "1", "url": "http://www.gutenberg.org/files/16522/16522-h/16522-h.htm#ELSIES_DUCKS", "windowLocation": "http://localhost:7001/result?query=ducks+unlimited&page=1"}
{"type": "hoverOverSnippet", "timestamp": "2026-04-23T08:14:48.657Z", "sessionID": "82ca2e0c-96e4-4f4f-90fb-2d2cb00ccfc4", "query": "ducks unlimited", "docid": "4817", "rank": "6", "page": "1", "url": "http://www.gutenberg.org/files/902/902-h/902-h.htm", "windowLocation": "http://localhost:7001/result?query=ducks+unlimited&page=1"}
{"type": "hoverOverSnippet", "timestamp": "2026-04-23T08:14:58.296Z", "sessionID": "82ca2e0c-96e4-4f4f-90fb-2d2cb00ccfc4", "query": "ducks unlimited", "docid": "4817", "rank": "6", "page": "1", "url": "http://www.gutenberg.org/files/902/902-h/902-h.htm", "windowLocation": "http://localhost:7001/result?query=ducks+unlimited&page=1"}
{"type": "clickedResult", "timestamp": "2026-04-23T08:14:58.702Z", "sessionID": "82ca2e0c-96e4-4f4f-90fb-2d2cb00ccfc4", "query": "ducks unlimited", "docid": "4817", "rank": "6", "page": "1", "url": "http://www.gutenberg.org/files/902/902-h/902-h.htm", "windowLocation": "http://www.gutenberg.org/files/902/902-h/902-h.htm"}
{"type": "wentBack", "timestamp": "2026-04-23T08:15:02.431Z", "sessionID": "82ca2e0c-96e4-4f4f-90fb-2d2cb00ccfc4", "query": "ducks unlimited", "fromURL": "http://www.gutenberg.org/files/902/902-h/902-h.htm", "toURL": "http://localhost:7001/result?query=ducks+unlimited&page=1"}
{"type": "hoverOverSnippet", "timestamp": "2026-04-23T08:15:02.673Z", "sessionID": "82ca2e0c-96e4-4f4f-90fb-2d2cb00ccfc4", "query": "ducks unlimited", "docid": "5642", "rank": "5", "page": "1", "url": "http://www.gutenberg.org/files/16522/16522-h/16522-h.htm#ELSIES_DUCKS", "windowLocation": "http://localhost:7001/result?query=ducks+unlimited&page=1"}
{"type": "hoverOverSnippet", "timestamp": "2026-04-23T08:15:02.840Z", "sessionID": "82ca2e0c-96e4-4f4f-90fb-2d2cb00ccfc4", "query": "ducks unlimited", "docid": "5642", "rank": "5", "page": "1", "url": "http://www.gutenberg.org/files/16522/16522-h/16522-h.htm#ELSIES_DUCKS", "windowLocation": "http://localhost:7001/result?query=ducks+unlimited&page=1"}
{"type": "ClickedEndTask", "timestamp": "2026-04-23T08:15:03.840Z", "sessionID": "82ca2e0c-96e4-4f4f-90fb-2d2cb00ccfc4"}
{"type": "TaskEndConfirmed", "timestamp": "2026-04-23T08:15:05.850Z", "sessionID": "82ca2e0c-96e4-4f4f-90fb-2d2cb00ccfc4"}
{"type": "TaskEnded", "timestamp": "2026-04-23T08:15:07.014Z", "sessionID": "82ca2e0c-96e4-4f4f-90fb-2d2cb00ccfc4", "answer": ""}
