{"type": "TaskStarted", "timestamp": "2026-04-22T08:19:04.571Z", "sessionID": "e9703e57-7076-4174-97c1-cf632b7e5ae8"}
{"type": "idSubmitted", "timestamp": "2026-04-22T08:19:04.575Z", "sessionID": "e9703e57-7076-4174-97c1-cf632b7e5ae8", "uid": "participant4"}
{"type": "TaskStarted", "timestamp": "2026-04-22T08:19:07.399Z", "sessionID": "e9703e57-7076-4174-97c1-cf632b7e5ae8"}
{"type": "idSubmitted", "timestamp": "2026-04-22T08:19:07.402Z", "sessionID": "e9703e57-7076-4174-97c1-cf632b7e5ae8", "uid": "Participant4"}
{"type": "queryBoxFocused", "timestamp": "2026-04-22T08:19:09.348Z", "sessionID": "e9703e57-7076-4174-97c1-cf632b7e5ae8"}
{"type": "querySubmitted", "timestamp": "2026-04-22T08:19:13.378Z", "sessionID": "e9703e57-7076-4174-97c1-cf632b7e5ae8", "query": "dcks"}
{"type": "Query suggestion generated", "timestamp": "2026-04-22T08:19:14.549Z", "sessionID": "e9703e57-7076-4174-97c1-cf632b7e5ae8", "user query": "dcks", "suggested query": "ducks"}
{"type": "searchResultGenerated", "timestamp": "2026-04-22T08:19:14.549Z", "sessionID": "e9703e57-7076-4174-97c1-cf632b7e5ae8", "query": "dcks", "docid": "2938", "rank": "1", "page": "1", "url": "https://www.africanstorybook.org/#", "windowLocation": "http://localhost:7001/result?query=dcks&page=1"}
{"type": "searchResultGenerated", "timestamp": "2026-04-22T08:19:14.549Z", "sessionID": "e9703e57-7076-4174-97c1-cf632b7e5ae8", "query": "dcks", "docid": "5607", "rank": "2", "page": "1", "url": "http://www.gutenberg.org/files/15170/15170-h/15170-h.htm#mirror", "windowLocation": "http://localhost:7001/result?query=dcks&page=1"}
{"type": "searchResultGenerated", "timestamp": "2026-04-22T08:19:14.550Z", "sessionID": "e9703e57-7076-4174-97c1-cf632b7e5ae8", "query": "dcks", "docid": "5292", "rank": "3", "page": "1", "url": "http://www.gutenberg.org/files/40756/40756-h/40756-h.htm#Page_135", "windowLocation": "http://localhost:7001/result?query=dcks&page=1"}
{"type": "searchResultGenerated", "timestamp": "2026-04-22T08:19:14.550Z", "sessionID": "e9703e57-7076-4174-97c1-cf632b7e5ae8", "query": "dcks", "docid": "5499", "rank": "4", "page": "1", "url": "http://www.gutenberg.org/files/28130/28130-h/28130-h.htm#Page_57", "windowLocation": "http://localhost:7001/result?query=dcks&page=1"}
{"type": "searchResultGenerated", "timestamp": "2026-04-22T08:19:14.550Z", "sessionID": "e9703e57-7076-4174-97c1-cf632b7e5ae8", "query": "dcks", "docid": "5642", "rank": "5", "page": "1", "url": "http://www.gutenberg.org/files/16522/16522-h/16522-h.htm#ELSIES_DUCKS", "windowLocation": "http://localhost:7001/result?query=dcks&page=1"}
{"type": "searchResultGenerated", "timestamp": "2026-04-22T08:19:14.550Z", "sessionID": "e9703e57-7076-4174-97c1-cf632b7e5ae8", "query": "dcks", "docid": "4817", "rank": "6", "page": "1", "url": "http://www.gutenberg.org/files/902/902-h/902-h.htm", "windowLocation": "http://localhost:7001/result?query=dcks&page=1"}
{"type": "searchResultGenerated", "timestamp": "2026-04-22T08:19:14.550Z", "sessionID": "e9703e57-7076-4174-97c1-cf632b7e5ae8", "query": "dcks", "docid": "4970", "rank": "7", "page": "1", "url": "http://www.gutenberg.org/files/8950/8950-h/8950-h.htm", "windowLocation": "http://localhost:7001/result?query=dcks&page=1"}
{"type": "searchResultGenerated", "timestamp": "2026-04-22T08:19:14.551Z", "sessionID": "e9703e57-7076-4174-97c1-cf632b7e5ae8", "query": "dcks", "docid": "6202", "rank": "8", "page": "1", "url": "http://www.gutenberg.org/files/16891/16891-h/16891-h.htm", "windowLocation": "http://localhost:7001/result?query=dcks&page=1"}
{"type": "searchResultGenerated", "timestamp": "2026-04-22T08:19:14.551Z", "sessionID": "e9703e57-7076-4174-97c1-cf632b7e5ae8", "query": "dcks", "docid": "5714", "rank": "9", "page": "1", "url": "http://www.gutenberg.org/files/24940/24940-h/24940-h.htm#Page_69", "windowLocation": "http://localhost:7001/result?query=dcks&page=1"}
{"type": "searchResultGenerated", "timestamp": "2026-04-22T08:19:14.551Z", "sessionID": "e9703e57-7076-4174-97c1-cf632b7e5ae8", "query": "dcks", "docid": "5589", "rank": "10", "page": "1", "url": "http://www.gutenberg.org/files/28133/28133-h/28133-h.htm#Page_139", "windowLocation": "http://localhost:7001/result?query=dcks&page=1"}
{"type": "cursorEnteredSnippet", "timestamp": "2026-04-22T08:19:15.909Z", "sessionID": "e9703e57-7076-4174-97c1-cf632b7e5ae8", "query": "dcks", "docid": "2938", "rank": "1", "page": "1", "url": "https://www.africanstorybook.org/#", "windowLocation": "http://localhost:7001/result?query=dcks&page=1"}
{"type": "cursorLeftSnippet", "timestamp": "2026-04-22T08:19:15.959Z", "sessionID": "e9703e57-7076-4174-97c1-cf632b7e5ae8", "query": "dcks", "docid": "2938", "rank": "1", "page": "1", "url": "https://www.africanstorybook.org/#", "windowLocation": "http://localhost:7001/result?query=dcks&page=1"}
{"type": "cursorEnteredSnippet", "timestamp": "2026-04-22T08:19:17.642Z", "sessionID": "e9703e57-7076-4174-97c1-cf632b7e5ae8", "query": "dcks", "docid": "5714", "rank": "9", "page": "1", "url": "http://www.gutenberg.org/files/24940/24940-h/24940-h.htm#Page_69", "windowLocation": "http://localhost:7001/result?query=dcks&page=1"}
{"type": "cursorLeftSnippet", "timestamp": "2026-04-22T08:19:17.659Z", "sessionID": "e9703e57-7076-4174-97c1-cf632b7e5ae8", "query": "dcks", "docid": "5714", "rank": "9", "page": "1", "url": "http://www.gutenberg.org/files/24940/24940-h/24940-h.htm#Page_69", "windowLocation": "http://localhost:7001/result?query=dcks&page=1"}
{"type": "cursorEnteredSnippet", "timestamp": "2026-04-22T08:19:17.659Z", "sessionID": "e9703e57-7076-4174-97c1-cf632b7e5ae8", "query": "dcks", "docid": "5589", "rank": "10", "page": "1", "url": "http://www.gutenberg.org/files/28133/28133-h/28133-h.htm#Page_139", "windowLocation": "http://localhost:7001/result?query=dcks&page=1"}
{"type": "cursorLeftSnippet", "timestamp": "2026-04-22T08:19:17.709Z", "sessionID": "e9703e57-7076-4174-97c1-cf632b7e5ae8", "query": "dcks", "docid": "5589", "rank": "10", "page": "1", "url": "http://www.gutenberg.org/files/28133/28133-h/28133-h.htm#Page_139", "windowLocation": "http://localhost:7001/result?query=dcks&page=1"}
{"type": "cursorEnteredSnippet", "timestamp": "2026-04-22T08:19:18.542Z", "sessionID": "e9703e57-7076-4174-97c1-cf632b7e5ae8", "query": "dcks", "docid": "5589", "rank": "10", "page": "1", "url": "http://www.gutenberg.org/files/28133/28133-h/28133-h.htm#Page_139", "windowLocation": "http://localhost:7001/result?query=dcks&page=1"}
{"type": "cursorLeftSnippet", "timestamp": "2026-04-22T08:19:18.659Z", "sessionID": "e9703e57-7076-4174-97c1-cf632b7e5ae8", "query": "dcks", "docid": "5589", "rank": "10", "page": "1", "url": "http://www.gutenberg.org/files/28133/28133-h/28133-h.htm#Page_139", "windowLocation": "http://localhost:7001/result?query=dcks&page=1"}
{"type": "pageNavigationClicked", "timestamp": "2026-04-22T08:19:19.506Z", "sessionID": "e9703e57-7076-4174-97c1-cf632b7e5ae8", "clicked": "2", "fromPage": 1, "toPage": 2}
{"type": "Query suggestion generated", "timestamp": "2026-04-22T08:19:19.833Z", "sessionID": "e9703e57-7076-4174-97c1-cf632b7e5ae8", "user query": "dcks", "suggested query": "ducks"}
{"type": "searchResultGenerated", "timestamp": "2026-04-22T08:19:19.834Z", "sessionID": "e9703e57-7076-4174-97c1-cf632b7e5ae8", "query": "dcks", "docid": "5656", "rank": "1", "page": "2", "url": "http://www.gutenberg.org/files/19821/19821-h/19821-h.htm#keeper", "windowLocation": "http://localhost:7001/result?query=dcks&page=2"}
{"type": "searchResultGenerated", "timestamp": "2026-04-22T08:19:19.835Z", "sessionID": "e9703e57-7076-4174-97c1-cf632b7e5ae8", "query": "dcks", "docid": "5565", "rank": "2", "page": "2", "url": "http://www.gutenberg.org/files/28131/28131-h/28131-h.htm#Page_94", "windowLocation": "http://localhost:7001/result?query=dcks&page=2"}
{"type": "searchResultGenerated", "timestamp": "2026-04-22T08:19:19.835Z", "sessionID": "e9703e57-7076-4174-97c1-cf632b7e5ae8", "query": "dcks", "docid": "7020", "rank": "3", "page": "2", "url": "http://www.gutenberg.org/files/25359/25359-h/25359-h.htm#Page_204", "windowLocation": "http://localhost:7001/result?query=dcks&page=2"}
{"type": "searchResultGenerated", "timestamp": "2026-04-22T08:19:19.835Z", "sessionID": "e9703e57-7076-4174-97c1-cf632b7e5ae8", "query": "dcks", "docid": "5298", "rank": "4", "page": "2", "url": "http://www.gutenberg.org/files/42156/42156-h/42156-h.htm#Page_197", "windowLocation": "http://localhost:7001/result?query=dcks&page=2"}
{"type": "searchResultGenerated", "timestamp": "2026-04-22T08:19:19.836Z", "sessionID": "e9703e57-7076-4174-97c1-cf632b7e5ae8", "query": "dcks", "docid": "3810", "rank": "5", "page": "2", "url": "http://www.gutenberg.org/files/2591/2591-h/2591-h.htm", "windowLocation": "http://localhost:7001/result?query=dcks&page=2"}
{"type": "searchResultGenerated", "timestamp": "2026-04-22T08:19:19.836Z", "sessionID": "e9703e57-7076-4174-97c1-cf632b7e5ae8", "query": "dcks", "docid": "5511", "rank": "6", "page": "2", "url": "http://www.gutenberg.org/files/28138/28138-h/28138-h.htm#Page_100", "windowLocation": "http://localhost:7001/result?query=dcks&page=2"}
{"type": "searchResultGenerated", "timestamp": "2026-04-22T08:19:19.836Z", "sessionID": "e9703e57-7076-4174-97c1-cf632b7e5ae8", "query": "dcks", "docid": "6117", "rank": "7", "page": "2", "url": "https://www.commonlit.org/texts/excerpt-from-the-adventures-of-huckleberry-finn", "windowLocation": "http://localhost:7001/result?query=dcks&page=2"}
{"type": "searchResultGenerated", "timestamp": "2026-04-22T08:19:19.837Z", "sessionID": "e9703e57-7076-4174-97c1-cf632b7e5ae8", "query": "dcks", "docid": "6549", "rank": "8", "page": "2", "url": "http://www.gutenberg.org/cache/epub/18606/pg18606-images.html", "windowLocation": "http://localhost:7001/result?query=dcks&page=2"}
{"type": "searchResultGenerated", "timestamp": "2026-04-22T08:19:19.837Z", "sessionID": "e9703e57-7076-4174-97c1-cf632b7e5ae8", "query": "dcks", "docid": "5405", "rank": "9", "page": "2", "url": "http://www.gutenberg.org/files/14493/14493-h/14493-h.htm#A_DAY_ON_GRANDPAS_FARM", "windowLocation": "http://localhost:7001/result?query=dcks&page=2"}
{"type": "searchResultGenerated", "timestamp": "2026-04-22T08:19:19.838Z", "sessionID": "e9703e57-7076-4174-97c1-cf632b7e5ae8", "query": "dcks", "docid": "5638", "rank": "10", "page": "2", "url": "http://www.gutenberg.org/files/16524/16524-h/16524-h.htm#CAPTAIN_BOB", "windowLocation": "http://localhost:7001/result?query=dcks&page=2"}
{"type": "cursorEnteredSnippet", "timestamp": "2026-04-22T08:19:19.930Z", "sessionID": "e9703e57-7076-4174-97c1-cf632b7e5ae8", "query": "dcks", "docid": "3810", "rank": "5", "page": "2", "url": "http://www.gutenberg.org/files/2591/2591-h/2591-h.htm", "windowLocation": "http://localhost:7001/result?query=dcks&page=2"}
{"type": "cursorLeftSnippet", "timestamp": "2026-04-22T08:19:20.043Z", "sessionID": "e9703e57-7076-4174-97c1-cf632b7e5ae8", "query": "dcks", "docid": "3810", "rank": "5", "page": "2", "url": "http://www.gutenberg.org/files/2591/2591-h/2591-h.htm", "windowLocation": "http://localhost:7001/result?query=dcks&page=2"}
{"type": "cursorEnteredSnippet", "timestamp": "2026-04-22T08:19:20.059Z", "sessionID": "e9703e57-7076-4174-97c1-cf632b7e5ae8", "query": "dcks", "docid": "5298", "rank": "4", "page": "2", "url": "http://www.gutenberg.org/files/42156/42156-h/42156-h.htm#Page_197", "windowLocation": "http://localhost:7001/result?query=dcks&page=2"}
{"type": "cursorLeftSnippet", "timestamp": "2026-04-22T08:19:20.093Z", "sessionID": "e9703e57-7076-4174-97c1-cf632b7e5ae8", "query": "dcks", "docid": "5298", "rank": "4", "page": "2", "url": "http://www.gutenberg.org/files/42156/42156-h/42156-h.htm#Page_197", "windowLocation": "http://localhost:7001/result?query=dcks&page=2"}
{"type": "cursorEnteredSnippet", "timestamp": "2026-04-22T08:19:24.176Z", "sessionID": "e9703e57-7076-4174-97c1-cf632b7e5ae8", "query": "dcks", "docid": "5565", "rank": "2", "page": "2", "url": "http://www.gutenberg.org/files/28131/28131-h/28131-h.htm#Page_94", "windowLocation": "http://localhost:7001/result?query=dcks&page=2"}
{"type": "cursorLeftSnippet", "timestamp": "2026-04-22T08:19:24.192Z", "sessionID": "e9703e57-7076-4174-97c1-cf632b7e5ae8", "query": "dcks", "docid": "5565", "rank": "2", "page": "2", "url": "http://www.gutenberg.org/files/28131/28131-h/28131-h.htm#Page_94", "windowLocation": "http://localhost:7001/result?query=dcks&page=2"}
{"type": "cursorEnteredSnippet", "timestamp": "2026-04-22T08:19:24.214Z", "sessionID": "e9703e57-7076-4174-97c1-cf632b7e5ae8", "query": "dcks", "docid": "5656", "rank": "1", "page": "2", "url": "http://www.gutenberg.org/files/19821/19821-h/19821-h.htm#keeper", "windowLocation": "http://localhost:7001/result?query=dcks&page=2"}
{"type": "cursorLeftSnippet", "timestamp": "2026-04-22T08:19:24.493Z", "sessionID": "e9703e57-7076-4174-97c1-cf632b7e5ae8", "query": "dcks", "docid": "5656", "rank": "1", "page": "2", "url": "http://www.gutenberg.org/files/19821/19821-h/19821-h.htm#keeper", "windowLocation": "http://localhost:7001/result?query=dcks&page=2"}
{"type": "clickedQuerySuggestion", "timestamp": "2026-04-22T08:19:25.048Z", "sessionID": "e9703e57-7076-4174-97c1-cf632b7e5ae8", "user query": "dcks", "suggested query": "ducks"}
{"type": "searchResultGenerated", "timestamp": "2026-04-22T08:19:25.445Z", "sessionID": "e9703e57-7076-4174-97c1-cf632b7e5ae8", "query": "ducks", "docid": "2938", "rank": "1", "page": "1", "url": "https://www.africanstorybook.org/#", "windowLocation": "http://localhost:7001/result?query=ducks&page=1"}
{"type": "searchResultGenerated", "timestamp": "2026-04-22T08:19:25.446Z", "sessionID": "e9703e57-7076-4174-97c1-cf632b7e5ae8", "query": "ducks", "docid": "5607", "rank": "2", "page": "1", "url": "http://www.gutenberg.org/files/15170/15170-h/15170-h.htm#mirror", "windowLocation": "http://localhost:7001/result?query=ducks&page=1"}
{"type": "searchResultGenerated", "timestamp": "2026-04-22T08:19:25.446Z", "sessionID": "e9703e57-7076-4174-97c1-cf632b7e5ae8", "query": "ducks", "docid": "5292", "rank": "3", "page": "1", "url": "http://www.gutenberg.org/files/40756/40756-h/40756-h.htm#Page_135", "windowLocation": "http://localhost:7001/result?query=ducks&page=1"}
{"type": "searchResultGenerated", "timestamp": "2026-04-22T08:19:25.447Z", "sessionID": "e9703e57-7076-4174-97c1-cf632b7e5ae8", "query": "ducks", "docid": "5499", "rank": "4", "page": "1", "url": "http://www.gutenberg.org/files/28130/28130-h/28130-h.htm#Page_57", "windowLocation": "http://localhost:7001/result?query=ducks&page=1"}
{"type": "searchResultGenerated", "timestamp": "2026-04-22T08:19:25.447Z", "sessionID": "e9703e57-7076-4174-97c1-cf632b7e5ae8", "query": "ducks", "docid": "5642", "rank": "5", "page": "1", "url": "http://www.gutenberg.org/files/16522/16522-h/16522-h.htm#ELSIES_DUCKS", "windowLocation": "http://localhost:7001/result?query=ducks&page=1"}
{"type": "searchResultGenerated", "timestamp": "2026-04-22T08:19:25.448Z", "sessionID": "e9703e57-7076-4174-97c1-cf632b7e5ae8", "query": "ducks", "docid": "4817", "rank": "6", "page": "1", "url": "http://www.gutenberg.org/files/902/902-h/902-h.htm", "windowLocation": "http://localhost:7001/result?query=ducks&page=1"}
{"type": "searchResultGenerated", "timestamp": "2026-04-22T08:19:25.448Z", "sessionID": "e9703e57-7076-4174-97c1-cf632b7e5ae8", "query": "ducks", "docid": "4970", "rank": "7", "page": "1", "url": "http://www.gutenberg.org/files/8950/8950-h/8950-h.htm", "windowLocation": "http://localhost:7001/result?query=ducks&page=1"}
{"type": "searchResultGenerated", "timestamp": "2026-04-22T08:19:25.448Z", "sessionID": "e9703e57-7076-4174-97c1-cf632b7e5ae8", "query": "ducks", "docid": "6202", "rank": "8", "page": "1", "url": "http://www.gutenberg.org/files/16891/16891-h/16891-h.htm", "windowLocation": "http://localhost:7001/result?query=ducks&page=1"}
{"type": "searchResultGenerated", "timestamp": "2026-04-22T08:19:25.449Z", "sessionID": "e9703e57-7076-4174-97c1-cf632b7e5ae8", "query": "ducks", "docid": "5714", "rank": "9", "page": "1", "url": "http://www.gutenberg.org/files/24940/24940-h/24940-h.htm#Page_69", "windowLocation": "http://localhost:7001/result?query=ducks&page=1"}
{"type": "searchResultGenerated", "timestamp": "2026-04-22T08:19:25.449Z", "sessionID": "e9703e57-7076-4174-97c1-cf632b7e5ae8", "query": "ducks", "docid": "5589", "rank": "10", "page": "1", "url": "http://www.gutenberg.org/files/28133/28133-h/28133-h.htm#Page_139", "windowLocation": "http://localhost:7001/result?query=ducks&page=1"}
{"type": "cursorEnteredSnippet", "timestamp": "2026-04-22T08:19:25.825Z", "sessionID": "e9703e57-7076-4174-97c1-cf632b7e5ae8", "query": "ducks", "docid": "2938", "rank": "1", "page": "1", "url": "https://www.africanstorybook.org/#", "windowLocation": "http://localhost:7001/result?query=ducks&page=1"}
{"type": "cursorLeftSnippet", "timestamp": "2026-04-22T08:19:25.859Z", "sessionID": "e9703e57-7076-4174-97c1-cf632b7e5ae8", "query": "ducks", "docid": "2938", "rank": "1", "page": "1", "url": "https://www.africanstorybook.org/#", "windowLocation": "http://localhost:7001/result?query=ducks&page=1"}
{"type": "ClickedEndTask", "timestamp": "2026-04-22T08:19:38.418Z", "sessionID": "e9703e57-7076-4174-97c1-cf632b7e5ae8"}
{"type": "TaskEndConfirmed", "timestamp": "2026-04-22T08:19:39.279Z", "sessionID": "e9703e57-7076-4174-97c1-cf632b7e5ae8"}
{"type": "TaskEnded", "timestamp": "2026-04-22T08:19:40.136Z", "sessionID": "e9703e57-7076-4174-97c1-cf632b7e5ae8", "answer": ""}
