{"type": "TaskStarted", "timestamp": "2026-04-21T14:34:46.373Z", "sessionID": "6bc4b0ec-9cd4-4ec1-b4e0-ad16fe208630"}
{"type": "idSubmitted", "timestamp": "2026-04-21T14:34:46.375Z", "sessionID": "6bc4b0ec-9cd4-4ec1-b4e0-ad16fe208630", "uid": "Participant7"}
{"type": "queryBoxFocused", "timestamp": "2026-04-21T14:34:47.484Z", "sessionID": "6bc4b0ec-9cd4-4ec1-b4e0-ad16fe208630"}
{"type": "querySubmitted", "timestamp": "2026-04-21T14:34:49.939Z", "sessionID": "6bc4b0ec-9cd4-4ec1-b4e0-ad16fe208630", "query": "atism"}
{"type": "queryBoxFocused", "timestamp": "2026-04-21T14:35:09.043Z", "sessionID": "6bc4b0ec-9cd4-4ec1-b4e0-ad16fe208630"}
{"type": "querySubmitted", "timestamp": "2026-04-21T14:35:11.706Z", "sessionID": "6bc4b0ec-9cd4-4ec1-b4e0-ad16fe208630", "query": "ducks"}
{"type": "searchResultGenerated", "timestamp": "2026-04-21T14:35:13.069Z", "sessionID": "6bc4b0ec-9cd4-4ec1-b4e0-ad16fe208630", "query": "ducks", "docid": "2938", "rank": "1", "page": "1", "url": "https://www.africanstorybook.org/#", "windowLocation": "http://localhost:7001/result?query=ducks&page=1"}
{"type": "searchResultGenerated", "timestamp": "2026-04-21T14:35:13.069Z", "sessionID": "6bc4b0ec-9cd4-4ec1-b4e0-ad16fe208630", "query": "ducks", "docid": "5607", "rank": "2", "page": "1", "url": "http://www.gutenberg.org/files/15170/15170-h/15170-h.htm#mirror", "windowLocation": "http://localhost:7001/result?query=ducks&page=1"}
{"type": "searchResultGenerated", "timestamp": "2026-04-21T14:35:13.069Z", "sessionID": "6bc4b0ec-9cd4-4ec1-b4e0-ad16fe208630", "query": "ducks", "docid": "5292", "rank": "3", "page": "1", "url": "http://www.gutenberg.org/files/40756/40756-h/40756-h.htm#Page_135", "windowLocation": "http://localhost:7001/result?query=ducks&page=1"}
{"type": "searchResultGenerated", "timestamp": "2026-04-21T14:35:13.069Z", "sessionID": "6bc4b0ec-9cd4-4ec1-b4e0-ad16fe208630", "query": "ducks", "docid": "5499", "rank": "4", "page": "1", "url": "http://www.gutenberg.org/files/28130/28130-h/28130-h.htm#Page_57", "windowLocation": "http://localhost:7001/result?query=ducks&page=1"}
{"type": "searchResultGenerated", "timestamp": "2026-04-21T14:35:13.070Z", "sessionID": "6bc4b0ec-9cd4-4ec1-b4e0-ad16fe208630", "query": "ducks", "docid": "5642", "rank": "5", "page": "1", "url": "http://www.gutenberg.org/files/16522/16522-h/16522-h.htm#ELSIES_DUCKS", "windowLocation": "http://localhost:7001/result?query=ducks&page=1"}
{"type": "searchResultGenerated", "timestamp": "2026-04-21T14:35:13.070Z", "sessionID": "6bc4b0ec-9cd4-4ec1-b4e0-ad16fe208630", "query": "ducks", "docid": "4817", "rank": "6", "page": "1", "url": "http://www.gutenberg.org/files/902/902-h/902-h.htm", "windowLocation": "http://localhost:7001/result?query=ducks&page=1"}
{"type": "searchResultGenerated", "timestamp": "2026-04-21T14:35:13.070Z", "sessionID": "6bc4b0ec-9cd4-4ec1-b4e0-ad16fe208630", "query": "ducks", "docid": "4970", "rank": "7", "page": "1", "url": "http://www.gutenberg.org/files/8950/8950-h/8950-h.htm", "windowLocation": "http://localhost:7001/result?query=ducks&page=1"}
{"type": "searchResultGenerated", "timestamp": "2026-04-21T14:35:13.070Z", "sessionID": "6bc4b0ec-9cd4-4ec1-b4e0-ad16fe208630", "query": "ducks", "docid": "6202", "rank": "8", "page": "1", "url": "http://www.gutenberg.org/files/16891/16891-h/16891-h.htm", "windowLocation": "http://localhost:7001/result?query=ducks&page=1"}
{"type": "searchResultGenerated", "timestamp": "2026-04-21T14:35:13.070Z", "sessionID": "6bc4b0ec-9cd4-4ec1-b4e0-ad16fe208630", "query": "ducks", "docid": "5714", "rank": "9", "page": "1", "url": "http://www.gutenberg.org/files/24940/24940-h/24940-h.htm#Page_69", "windowLocation": "http://localhost:7001/result?query=ducks&page=1"}
{"type": "searchResultGenerated", "timestamp": "2026-04-21T14:35:13.070Z", "sessionID": "6bc4b0ec-9cd4-4ec1-b4e0-ad16fe208630", "query": "ducks", "docid": "5589", "rank": "10", "page": "1", "url": "http://www.gutenberg.org/files/28133/28133-h/28133-h.htm#Page_139", "windowLocation": "http://localhost:7001/result?query=ducks&page=1"}
{"type": "cursorEnteredSnippet", "timestamp": "2026-04-21T14:35:16.421Z", "sessionID": "6bc4b0ec-9cd4-4ec1-b4e0-ad16fe208630", "query": "ducks", "docid": "2938", "rank": "1", "page": "1", "url": "https://www.africanstorybook.org/#", "windowLocation": "http://localhost:7001/result?query=ducks&page=1"}
{"type": "cursorLeftSnippet", "timestamp": "2026-04-21T14:35:16.515Z", "sessionID": "6bc4b0ec-9cd4-4ec1-b4e0-ad16fe208630", "query": "ducks", "docid": "2938", "rank": "1", "page": "1", "url": "https://www.africanstorybook.org/#", "windowLocation": "http://localhost:7001/result?query=ducks&page=1"}
{"type": "ClickedEndTask", "timestamp": "2026-04-21T14:35:17.168Z", "sessionID": "6bc4b0ec-9cd4-4ec1-b4e0-ad16fe208630"}
{"type": "TaskEndConfirmed", "timestamp": "2026-04-21T14:35:18.008Z", "sessionID": "6bc4b0ec-9cd4-4ec1-b4e0-ad16fe208630"}
{"type": "TaskEnded", "timestamp": "2026-04-21T14:35:18.825Z", "sessionID": "6bc4b0ec-9cd4-4ec1-b4e0-ad16fe208630", "answer": ""}
