{"type": "TaskStarted", "timestamp": "2026-04-23T07:54:41.059Z", "sessionID": "a6582c0e-d404-48ec-b18e-3be0e6cbdb08"}
{"type": "idSubmitted", "timestamp": "2026-04-23T07:54:41.063Z", "sessionID": "a6582c0e-d404-48ec-b18e-3be0e6cbdb08", "uid": "Participant5"}
{"type": "queryBoxFocused", "timestamp": "2026-04-23T07:54:42.099Z", "sessionID": "a6582c0e-d404-48ec-b18e-3be0e6cbdb08"}
{"type": "choseAutoCompleteSuggestion", "timestamp": "2026-04-23T07:54:56.727Z", "sessionID": "a6582c0e-d404-48ec-b18e-3be0e6cbdb08", "selectedSuggestion": "ducksters"}
{"type": "querySubmitted", "timestamp": "2026-04-23T07:55:03.465Z", "sessionID": "a6582c0e-d404-48ec-b18e-3be0e6cbdb08", "query": "ducksters"}
{"type": "queryBoxFocused", "timestamp": "2026-04-23T07:55:11.869Z", "sessionID": "a6582c0e-d404-48ec-b18e-3be0e6cbdb08"}
{"type": "querySubmitted", "timestamp": "2026-04-23T07:55:13.442Z", "sessionID": "a6582c0e-d404-48ec-b18e-3be0e6cbdb08", "query": "ducks"}
{"type": "searchResultGenerated", "timestamp": "2026-04-23T07:55:13.931Z", "sessionID": "a6582c0e-d404-48ec-b18e-3be0e6cbdb08", "query": "ducks", "docid": "2938", "rank": "1", "page": "1", "url": "https://www.africanstorybook.org/#", "windowLocation": "http://localhost:7001/result?query=ducks&page=1"}
{"type": "searchResultGenerated", "timestamp": "2026-04-23T07:55:13.931Z", "sessionID": "a6582c0e-d404-48ec-b18e-3be0e6cbdb08", "query": "ducks", "docid": "5607", "rank": "2", "page": "1", "url": "http://www.gutenberg.org/files/15170/15170-h/15170-h.htm#mirror", "windowLocation": "http://localhost:7001/result?query=ducks&page=1"}
{"type": "searchResultGenerated", "timestamp": "2026-04-23T07:55:13.931Z", "sessionID": "a6582c0e-d404-48ec-b18e-3be0e6cbdb08", "query": "ducks", "docid": "5292", "rank": "3", "page": "1", "url": "http://www.gutenberg.org/files/40756/40756-h/40756-h.htm#Page_135", "windowLocation": "http://localhost:7001/result?query=ducks&page=1"}
{"type": "searchResultGenerated", "timestamp": "2026-04-23T07:55:13.931Z", "sessionID": "a6582c0e-d404-48ec-b18e-3be0e6cbdb08", "query": "ducks", "docid": "5499", "rank": "4", "page": "1", "url": "http://www.gutenberg.org/files/28130/28130-h/28130-h.htm#Page_57", "windowLocation": "http://localhost:7001/result?query=ducks&page=1"}
{"type": "searchResultGenerated", "timestamp": "2026-04-23T07:55:13.932Z", "sessionID": "a6582c0e-d404-48ec-b18e-3be0e6cbdb08", "query": "ducks", "docid": "5642", "rank": "5", "page": "1", "url": "http://www.gutenberg.org/files/16522/16522-h/16522-h.htm#ELSIES_DUCKS", "windowLocation": "http://localhost:7001/result?query=ducks&page=1"}
{"type": "searchResultGenerated", "timestamp": "2026-04-23T07:55:13.932Z", "sessionID": "a6582c0e-d404-48ec-b18e-3be0e6cbdb08", "query": "ducks", "docid": "4817", "rank": "6", "page": "1", "url": "http://www.gutenberg.org/files/902/902-h/902-h.htm", "windowLocation": "http://localhost:7001/result?query=ducks&page=1"}
{"type": "searchResultGenerated", "timestamp": "2026-04-23T07:55:13.932Z", "sessionID": "a6582c0e-d404-48ec-b18e-3be0e6cbdb08", "query": "ducks", "docid": "4970", "rank": "7", "page": "1", "url": "http://www.gutenberg.org/files/8950/8950-h/8950-h.htm", "windowLocation": "http://localhost:7001/result?query=ducks&page=1"}
{"type": "searchResultGenerated", "timestamp": "2026-04-23T07:55:13.932Z", "sessionID": "a6582c0e-d404-48ec-b18e-3be0e6cbdb08", "query": "ducks", "docid": "6202", "rank": "8", "page": "1", "url": "http://www.gutenberg.org/files/16891/16891-h/16891-h.htm", "windowLocation": "http://localhost:7001/result?query=ducks&page=1"}
{"type": "searchResultGenerated", "timestamp": "2026-04-23T07:55:13.932Z", "sessionID": "a6582c0e-d404-48ec-b18e-3be0e6cbdb08", "query": "ducks", "docid": "5714", "rank": "9", "page": "1", "url": "http://www.gutenberg.org/files/24940/24940-h/24940-h.htm#Page_69", "windowLocation": "http://localhost:7001/result?query=ducks&page=1"}
{"type": "searchResultGenerated", "timestamp": "2026-04-23T07:55:13.933Z", "sessionID": "a6582c0e-d404-48ec-b18e-3be0e6cbdb08", "query": "ducks", "docid": "5589", "rank": "10", "page": "1", "url": "http://www.gutenberg.org/files/28133/28133-h/28133-h.htm#Page_139", "windowLocation": "http://localhost:7001/result?query=ducks&page=1"}
{"type": "hoverOverSnippet", "timestamp": "2026-04-23T07:55:16.068Z", "sessionID": "a6582c0e-d404-48ec-b18e-3be0e6cbdb08", "query": "ducks", "docid": "2938", "rank": "1", "page": "1", "url": "https://www.africanstorybook.org/#", "windowLocation": "http://localhost:7001/result?query=ducks&page=1"}
{"type": "hoverOverSnippet", "timestamp": "2026-04-23T07:55:16.088Z", "sessionID": "a6582c0e-d404-48ec-b18e-3be0e6cbdb08", "query": "ducks", "docid": "2938", "rank": "1", "page": "1", "url": "https://www.africanstorybook.org/#", "windowLocation": "http://localhost:7001/result?query=ducks&page=1"}
{"type": "hoverOverSnippet", "timestamp": "2026-04-23T07:55:16.100Z", "sessionID": "a6582c0e-d404-48ec-b18e-3be0e6cbdb08", "query": "ducks", "docid": "2938", "rank": "1", "page": "1", "url": "https://www.africanstorybook.org/#", "windowLocation": "http://localhost:7001/result?query=ducks&page=1"}
{"type": "hoverOverSnippet", "timestamp": "2026-04-23T07:55:19.717Z", "sessionID": "a6582c0e-d404-48ec-b18e-3be0e6cbdb08", "query": "ducks", "docid": "2938", "rank": "1", "page": "1", "url": "https://www.africanstorybook.org/#", "windowLocation": "http://localhost:7001/result?query=ducks&page=1"}
{"type": "hoverOverSnippet", "timestamp": "2026-04-23T07:55:19.733Z", "sessionID": "a6582c0e-d404-48ec-b18e-3be0e6cbdb08", "query": "ducks", "docid": "2938", "rank": "1", "page": "1", "url": "https://www.africanstorybook.org/#", "windowLocation": "http://localhost:7001/result?query=ducks&page=1"}
{"type": "hoverOverSnippet", "timestamp": "2026-04-23T07:55:19.967Z", "sessionID": "a6582c0e-d404-48ec-b18e-3be0e6cbdb08", "query": "ducks", "docid": "5607", "rank": "2", "page": "1", "url": "http://www.gutenberg.org/files/15170/15170-h/15170-h.htm#mirror", "windowLocation": "http://localhost:7001/result?query=ducks&page=1"}
{"type": "hoverOverSnippet", "timestamp": "2026-04-23T07:55:19.984Z", "sessionID": "a6582c0e-d404-48ec-b18e-3be0e6cbdb08", "query": "ducks", "docid": "5607", "rank": "2", "page": "1", "url": "http://www.gutenberg.org/files/15170/15170-h/15170-h.htm#mirror", "windowLocation": "http://localhost:7001/result?query=ducks&page=1"}
{"type": "hoverOverSnippet", "timestamp": "2026-04-23T07:55:22.700Z", "sessionID": "a6582c0e-d404-48ec-b18e-3be0e6cbdb08", "query": "ducks", "docid": "5607", "rank": "2", "page": "1", "url": "http://www.gutenberg.org/files/15170/15170-h/15170-h.htm#mirror", "windowLocation": "http://localhost:7001/result?query=ducks&page=1"}
{"type": "hoverOverSnippet", "timestamp": "2026-04-23T07:55:22.733Z", "sessionID": "a6582c0e-d404-48ec-b18e-3be0e6cbdb08", "query": "ducks", "docid": "5607", "rank": "2", "page": "1", "url": "http://www.gutenberg.org/files/15170/15170-h/15170-h.htm#mirror", "windowLocation": "http://localhost:7001/result?query=ducks&page=1"}
{"type": "hoverOverSnippet", "timestamp": "2026-04-23T07:55:22.767Z", "sessionID": "a6582c0e-d404-48ec-b18e-3be0e6cbdb08", "query": "ducks", "docid": "5292", "rank": "3", "page": "1", "url": "http://www.gutenberg.org/files/40756/40756-h/40756-h.htm#Page_135", "windowLocation": "http://localhost:7001/result?query=ducks&page=1"}
{"type": "hoverOverSnippet", "timestamp": "2026-04-23T07:55:22.783Z", "sessionID": "a6582c0e-d404-48ec-b18e-3be0e6cbdb08", "query": "ducks", "docid": "5292", "rank": "3", "page": "1", "url": "http://www.gutenberg.org/files/40756/40756-h/40756-h.htm#Page_135", "windowLocation": "http://localhost:7001/result?query=ducks&page=1"}
{"type": "hoverOverSnippet", "timestamp": "2026-04-23T07:55:22.867Z", "sessionID": "a6582c0e-d404-48ec-b18e-3be0e6cbdb08", "query": "ducks", "docid": "5292", "rank": "3", "page": "1", "url": "http://www.gutenberg.org/files/40756/40756-h/40756-h.htm#Page_135", "windowLocation": "http://localhost:7001/result?query=ducks&page=1"}
{"type": "hoverOverSnippet", "timestamp": "2026-04-23T07:55:22.884Z", "sessionID": "a6582c0e-d404-48ec-b18e-3be0e6cbdb08", "query": "ducks", "docid": "5292", "rank": "3", "page": "1", "url": "http://www.gutenberg.org/files/40756/40756-h/40756-h.htm#Page_135", "windowLocation": "http://localhost:7001/result?query=ducks&page=1"}
{"type": "hoverOverSnippet", "timestamp": "2026-04-23T07:55:27.701Z", "sessionID": "a6582c0e-d404-48ec-b18e-3be0e6cbdb08", "query": "ducks", "docid": "5292", "rank": "3", "page": "1", "url": "http://www.gutenberg.org/files/40756/40756-h/40756-h.htm#Page_135", "windowLocation": "http://localhost:7001/result?query=ducks&page=1"}
{"type": "hoverOverSnippet", "timestamp": "2026-04-23T07:55:27.733Z", "sessionID": "a6582c0e-d404-48ec-b18e-3be0e6cbdb08", "query": "ducks", "docid": "5292", "rank": "3", "page": "1", "url": "http://www.gutenberg.org/files/40756/40756-h/40756-h.htm#Page_135", "windowLocation": "http://localhost:7001/result?query=ducks&page=1"}
{"type": "hoverOverSnippet", "timestamp": "2026-04-23T07:55:31.519Z", "sessionID": "a6582c0e-d404-48ec-b18e-3be0e6cbdb08", "query": "ducks", "docid": "5499", "rank": "4", "page": "1", "url": "http://www.gutenberg.org/files/28130/28130-h/28130-h.htm#Page_57", "windowLocation": "http://localhost:7001/result?query=ducks&page=1"}
{"type": "hoverOverSnippet", "timestamp": "2026-04-23T07:55:33.333Z", "sessionID": "a6582c0e-d404-48ec-b18e-3be0e6cbdb08", "query": "ducks", "docid": "5499", "rank": "4", "page": "1", "url": "http://www.gutenberg.org/files/28130/28130-h/28130-h.htm#Page_57", "windowLocation": "http://localhost:7001/result?query=ducks&page=1"}
{"type": "hoverOverSnippet", "timestamp": "2026-04-23T07:55:33.366Z", "sessionID": "a6582c0e-d404-48ec-b18e-3be0e6cbdb08", "query": "ducks", "docid": "5499", "rank": "4", "page": "1", "url": "http://www.gutenberg.org/files/28130/28130-h/28130-h.htm#Page_57", "windowLocation": "http://localhost:7001/result?query=ducks&page=1"}
{"type": "clickedResult", "timestamp": "2026-04-23T07:55:33.699Z", "sessionID": "a6582c0e-d404-48ec-b18e-3be0e6cbdb08", "query": "ducks", "docid": "5499", "rank": "4", "page": "1", "url": "http://www.gutenberg.org/files/28130/28130-h/28130-h.htm#Page_57", "windowLocation": "http://www.gutenberg.org/files/28130/28130-h/28130-h.htm#Page_57"}
{"type": "wentBack", "timestamp": "2026-04-23T07:55:38.766Z", "sessionID": "a6582c0e-d404-48ec-b18e-3be0e6cbdb08", "query": "ducks", "fromURL": "http://www.gutenberg.org/files/28130/28130-h/28130-h.htm#Page_57", "toURL": "http://localhost:7001/result?query=ducks&page=1"}
{"type": "hoverOverSnippet", "timestamp": "2026-04-23T07:55:42.365Z", "sessionID": "a6582c0e-d404-48ec-b18e-3be0e6cbdb08", "query": "ducks", "docid": "2938", "rank": "1", "page": "1", "url": "https://www.africanstorybook.org/#", "windowLocation": "http://localhost:7001/result?query=ducks&page=1"}
{"type": "ClickedEndTask", "timestamp": "2026-04-23T07:55:50.378Z", "sessionID": "a6582c0e-d404-48ec-b18e-3be0e6cbdb08"}
{"type": "TaskEndConfirmed", "timestamp": "2026-04-23T07:55:51.107Z", "sessionID": "a6582c0e-d404-48ec-b18e-3be0e6cbdb08"}
{"type": "TaskEnded", "timestamp": "2026-04-23T07:55:51.835Z", "sessionID": "a6582c0e-d404-48ec-b18e-3be0e6cbdb08", "answer": ""}
