{"type": "TaskStarted", "timestamp": "2026-04-23T11:46:17.256Z", "sessionID": "e4801ea4-7fd4-4ad0-a46c-29ba29fe368b"}
{"type": "idSubmitted", "timestamp": "2026-04-23T11:46:17.259Z", "sessionID": "e4801ea4-7fd4-4ad0-a46c-29ba29fe368b", "uid": "Participant3"}
{"type": "queryBoxFocused", "timestamp": "2026-04-23T11:46:18.876Z", "sessionID": "e4801ea4-7fd4-4ad0-a46c-29ba29fe368b"}
{"type": "hoverOverQuerySuggestions", "timestamp": "2026-04-23T11:47:03.808Z", "sessionID": "e4801ea4-7fd4-4ad0-a46c-29ba29fe368b", "query": "duc", "hoveredSuggestion": "duckduckgo"}
{"type": "hoverOverQuerySuggestions", "timestamp": "2026-04-23T11:47:03.891Z", "sessionID": "e4801ea4-7fd4-4ad0-a46c-29ba29fe368b", "query": "duc", "hoveredSuggestion": "ducks"}
{"type": "choseAutoCompleteSuggestion", "timestamp": "2026-04-23T11:47:11.771Z", "sessionID": "e4801ea4-7fd4-4ad0-a46c-29ba29fe368b", "selectedSuggestion": "ducks"}
{"type": "queryBoxFocused", "timestamp": "2026-04-23T11:47:27.854Z", "sessionID": "e4801ea4-7fd4-4ad0-a46c-29ba29fe368b"}
{"type": "hoverOverQuerySuggestions", "timestamp": "2026-04-23T11:47:37.423Z", "sessionID": "e4801ea4-7fd4-4ad0-a46c-29ba29fe368b", "query": "duck", "hoveredSuggestion": "duckduckgo"}
{"type": "choseAutoCompleteSuggestion", "timestamp": "2026-04-23T11:47:37.652Z", "sessionID": "e4801ea4-7fd4-4ad0-a46c-29ba29fe368b", "selectedSuggestion": "duckduckgo"}
{"type": "querySubmitted", "timestamp": "2026-04-23T11:47:41.292Z", "sessionID": "e4801ea4-7fd4-4ad0-a46c-29ba29fe368b", "query": "duckduckgo"}
{"type": "queryBoxFocused", "timestamp": "2026-04-23T11:48:00.214Z", "sessionID": "e4801ea4-7fd4-4ad0-a46c-29ba29fe368b"}
{"type": "querySubmitted", "timestamp": "2026-04-23T11:48:06.523Z", "sessionID": "e4801ea4-7fd4-4ad0-a46c-29ba29fe368b", "query": "ducks"}
{"type": "searchResultGenerated", "timestamp": "2026-04-23T11:48:07.735Z", "sessionID": "e4801ea4-7fd4-4ad0-a46c-29ba29fe368b", "query": "ducks", "docid": "2938", "rank": "1", "page": "1", "url": "https://www.africanstorybook.org/#", "windowLocation": "http://localhost:7001/result?query=ducks&page=1"}
{"type": "searchResultGenerated", "timestamp": "2026-04-23T11:48:07.735Z", "sessionID": "e4801ea4-7fd4-4ad0-a46c-29ba29fe368b", "query": "ducks", "docid": "5607", "rank": "2", "page": "1", "url": "http://www.gutenberg.org/files/15170/15170-h/15170-h.htm#mirror", "windowLocation": "http://localhost:7001/result?query=ducks&page=1"}
{"type": "searchResultGenerated", "timestamp": "2026-04-23T11:48:07.735Z", "sessionID": "e4801ea4-7fd4-4ad0-a46c-29ba29fe368b", "query": "ducks", "docid": "5292", "rank": "3", "page": "1", "url": "http://www.gutenberg.org/files/40756/40756-h/40756-h.htm#Page_135", "windowLocation": "http://localhost:7001/result?query=ducks&page=1"}
{"type": "searchResultGenerated", "timestamp": "2026-04-23T11:48:07.735Z", "sessionID": "e4801ea4-7fd4-4ad0-a46c-29ba29fe368b", "query": "ducks", "docid": "5499", "rank": "4", "page": "1", "url": "http://www.gutenberg.org/files/28130/28130-h/28130-h.htm#Page_57", "windowLocation": "http://localhost:7001/result?query=ducks&page=1"}
{"type": "searchResultGenerated", "timestamp": "2026-04-23T11:48:07.735Z", "sessionID": "e4801ea4-7fd4-4ad0-a46c-29ba29fe368b", "query": "ducks", "docid": "5642", "rank": "5", "page": "1", "url": "http://www.gutenberg.org/files/16522/16522-h/16522-h.htm#ELSIES_DUCKS", "windowLocation": "http://localhost:7001/result?query=ducks&page=1"}
{"type": "searchResultGenerated", "timestamp": "2026-04-23T11:48:07.735Z", "sessionID": "e4801ea4-7fd4-4ad0-a46c-29ba29fe368b", "query": "ducks", "docid": "4817", "rank": "6", "page": "1", "url": "http://www.gutenberg.org/files/902/902-h/902-h.htm", "windowLocation": "http://localhost:7001/result?query=ducks&page=1"}
{"type": "searchResultGenerated", "timestamp": "2026-04-23T11:48:07.735Z", "sessionID": "e4801ea4-7fd4-4ad0-a46c-29ba29fe368b", "query": "ducks", "docid": "4970", "rank": "7", "page": "1", "url": "http://www.gutenberg.org/files/8950/8950-h/8950-h.htm", "windowLocation": "http://localhost:7001/result?query=ducks&page=1"}
{"type": "searchResultGenerated", "timestamp": "2026-04-23T11:48:07.735Z", "sessionID": "e4801ea4-7fd4-4ad0-a46c-29ba29fe368b", "query": "ducks", "docid": "6202", "rank": "8", "page": "1", "url": "http://www.gutenberg.org/files/16891/16891-h/16891-h.htm", "windowLocation": "http://localhost:7001/result?query=ducks&page=1"}
{"type": "searchResultGenerated", "timestamp": "2026-04-23T11:48:07.735Z", "sessionID": "e4801ea4-7fd4-4ad0-a46c-29ba29fe368b", "query": "ducks", "docid": "5714", "rank": "9", "page": "1", "url": "http://www.gutenberg.org/files/24940/24940-h/24940-h.htm#Page_69", "windowLocation": "http://localhost:7001/result?query=ducks&page=1"}
{"type": "searchResultGenerated", "timestamp": "2026-04-23T11:48:07.735Z", "sessionID": "e4801ea4-7fd4-4ad0-a46c-29ba29fe368b", "query": "ducks", "docid": "5589", "rank": "10", "page": "1", "url": "http://www.gutenberg.org/files/28133/28133-h/28133-h.htm#Page_139", "windowLocation": "http://localhost:7001/result?query=ducks&page=1"}
{"type": "queryBoxFocused", "timestamp": "2026-04-23T11:48:09.887Z", "sessionID": "e4801ea4-7fd4-4ad0-a46c-29ba29fe368b"}
{"type": "querySubmitted", "timestamp": "2026-04-23T11:48:12.928Z", "sessionID": "e4801ea4-7fd4-4ad0-a46c-29ba29fe368b", "query": "duckduckgo"}
{"type": "searchResultGenerated", "timestamp": "2026-04-23T11:48:37.082Z", "sessionID": "e4801ea4-7fd4-4ad0-a46c-29ba29fe368b", "query": "ducks", "docid": "2938", "rank": "1", "page": "1", "url": "https://www.africanstorybook.org/#", "windowLocation": "http://localhost:7001/result?query=ducks&page=1"}
{"type": "searchResultGenerated", "timestamp": "2026-04-23T11:48:37.082Z", "sessionID": "e4801ea4-7fd4-4ad0-a46c-29ba29fe368b", "query": "ducks", "docid": "5607", "rank": "2", "page": "1", "url": "http://www.gutenberg.org/files/15170/15170-h/15170-h.htm#mirror", "windowLocation": "http://localhost:7001/result?query=ducks&page=1"}
{"type": "searchResultGenerated", "timestamp": "2026-04-23T11:48:37.082Z", "sessionID": "e4801ea4-7fd4-4ad0-a46c-29ba29fe368b", "query": "ducks", "docid": "5292", "rank": "3", "page": "1", "url": "http://www.gutenberg.org/files/40756/40756-h/40756-h.htm#Page_135", "windowLocation": "http://localhost:7001/result?query=ducks&page=1"}
{"type": "searchResultGenerated", "timestamp": "2026-04-23T11:48:37.083Z", "sessionID": "e4801ea4-7fd4-4ad0-a46c-29ba29fe368b", "query": "ducks", "docid": "5499", "rank": "4", "page": "1", "url": "http://www.gutenberg.org/files/28130/28130-h/28130-h.htm#Page_57", "windowLocation": "http://localhost:7001/result?query=ducks&page=1"}
{"type": "searchResultGenerated", "timestamp": "2026-04-23T11:48:37.083Z", "sessionID": "e4801ea4-7fd4-4ad0-a46c-29ba29fe368b", "query": "ducks", "docid": "5642", "rank": "5", "page": "1", "url": "http://www.gutenberg.org/files/16522/16522-h/16522-h.htm#ELSIES_DUCKS", "windowLocation": "http://localhost:7001/result?query=ducks&page=1"}
{"type": "searchResultGenerated", "timestamp": "2026-04-23T11:48:37.083Z", "sessionID": "e4801ea4-7fd4-4ad0-a46c-29ba29fe368b", "query": "ducks", "docid": "4817", "rank": "6", "page": "1", "url": "http://www.gutenberg.org/files/902/902-h/902-h.htm", "windowLocation": "http://localhost:7001/result?query=ducks&page=1"}
{"type": "searchResultGenerated", "timestamp": "2026-04-23T11:48:37.083Z", "sessionID": "e4801ea4-7fd4-4ad0-a46c-29ba29fe368b", "query": "ducks", "docid": "4970", "rank": "7", "page": "1", "url": "http://www.gutenberg.org/files/8950/8950-h/8950-h.htm", "windowLocation": "http://localhost:7001/result?query=ducks&page=1"}
{"type": "searchResultGenerated", "timestamp": "2026-04-23T11:48:37.084Z", "sessionID": "e4801ea4-7fd4-4ad0-a46c-29ba29fe368b", "query": "ducks", "docid": "6202", "rank": "8", "page": "1", "url": "http://www.gutenberg.org/files/16891/16891-h/16891-h.htm", "windowLocation": "http://localhost:7001/result?query=ducks&page=1"}
{"type": "searchResultGenerated", "timestamp": "2026-04-23T11:48:37.084Z", "sessionID": "e4801ea4-7fd4-4ad0-a46c-29ba29fe368b", "query": "ducks", "docid": "5714", "rank": "9", "page": "1", "url": "http://www.gutenberg.org/files/24940/24940-h/24940-h.htm#Page_69", "windowLocation": "http://localhost:7001/result?query=ducks&page=1"}
{"type": "searchResultGenerated", "timestamp": "2026-04-23T11:48:37.084Z", "sessionID": "e4801ea4-7fd4-4ad0-a46c-29ba29fe368b", "query": "ducks", "docid": "5589", "rank": "10", "page": "1", "url": "http://www.gutenberg.org/files/28133/28133-h/28133-h.htm#Page_139", "windowLocation": "http://localhost:7001/result?query=ducks&page=1"}
{"type": "ClickedEndTask", "timestamp": "2026-04-23T11:48:38.653Z", "sessionID": "e4801ea4-7fd4-4ad0-a46c-29ba29fe368b"}
{"type": "TaskEndConfirmed", "timestamp": "2026-04-23T11:48:39.345Z", "sessionID": "e4801ea4-7fd4-4ad0-a46c-29ba29fe368b"}
{"type": "TaskEnded", "timestamp": "2026-04-23T11:48:40.061Z", "sessionID": "e4801ea4-7fd4-4ad0-a46c-29ba29fe368b", "answer": ""}
