{"type": "queryBoxFocused", "timestamp": "2026-04-15T11:45:23.844Z", "sessionID": "984ddcb8-16e1-4619-bbca-b1427ea6fe95"}
{"type": "querySubmitted", "timestamp": "2026-04-15T11:45:29.072Z", "sessionID": "984ddcb8-16e1-4619-bbca-b1427ea6fe95", "query": "animals"}
{"type": "searchResultGenerated", "timestamp": "2026-04-15T11:45:29.559Z", "sessionID": "984ddcb8-16e1-4619-bbca-b1427ea6fe95", "query": "animals", "docid": "7474", "rank": "1", "page": "1", "url": "https://simple.wikipedia.org/wiki/Animation", "windowLocation": "http://localhost:7001/result?query=animals&page=1"}
{"type": "searchResultGenerated", "timestamp": "2026-04-15T11:45:29.559Z", "sessionID": "984ddcb8-16e1-4619-bbca-b1427ea6fe95", "query": "animals", "docid": "2850", "rank": "2", "page": "1", "url": "https://kids.frontiersin.org/article/10.3389/frym.2018.00044", "windowLocation": "http://localhost:7001/result?query=animals&page=1"}
{"type": "searchResultGenerated", "timestamp": "2026-04-15T11:45:29.559Z", "sessionID": "984ddcb8-16e1-4619-bbca-b1427ea6fe95", "query": "animals", "docid": "8031", "rank": "3", "page": "1", "url": "https://en.wikibooks.org/wiki/Wikijunior:Biology/Kingdoms/Animals", "windowLocation": "http://localhost:7001/result?query=animals&page=1"}
{"type": "searchResultGenerated", "timestamp": "2026-04-15T11:45:29.559Z", "sessionID": "984ddcb8-16e1-4619-bbca-b1427ea6fe95", "query": "animals", "docid": "8020", "rank": "4", "page": "1", "url": "http://static.ehe.osu.edu/sites/beyond/penguins/downloads/feature-stories/at-home-23-text.pdf", "windowLocation": "http://localhost:7001/result?query=animals&page=1"}
{"type": "searchResultGenerated", "timestamp": "2026-04-15T11:45:29.559Z", "sessionID": "984ddcb8-16e1-4619-bbca-b1427ea6fe95", "query": "animals", "docid": "2855", "rank": "5", "page": "1", "url": "https://kids.frontiersin.org/article/10.3389/frym.2018.00008", "windowLocation": "http://localhost:7001/result?query=animals&page=1"}
{"type": "searchResultGenerated", "timestamp": "2026-04-15T11:45:29.559Z", "sessionID": "984ddcb8-16e1-4619-bbca-b1427ea6fe95", "query": "animals", "docid": "3660", "rank": "6", "page": "1", "url": "http://www.gutenberg.org/files/2529/2529-h/2529-h.htm", "windowLocation": "http://localhost:7001/result?query=animals&page=1"}
{"type": "searchResultGenerated", "timestamp": "2026-04-15T11:45:29.559Z", "sessionID": "984ddcb8-16e1-4619-bbca-b1427ea6fe95", "query": "animals", "docid": "3208", "rank": "7", "page": "1", "url": "https://www.africanstorybook.org/", "windowLocation": "http://localhost:7001/result?query=animals&page=1"}
{"type": "searchResultGenerated", "timestamp": "2026-04-15T11:45:29.559Z", "sessionID": "984ddcb8-16e1-4619-bbca-b1427ea6fe95", "query": "animals", "docid": "2475", "rank": "8", "page": "1", "url": "https://www.africanstorybook.org/#", "windowLocation": "http://localhost:7001/result?query=animals&page=1"}
{"type": "searchResultGenerated", "timestamp": "2026-04-15T11:45:29.559Z", "sessionID": "984ddcb8-16e1-4619-bbca-b1427ea6fe95", "query": "animals", "docid": "2658", "rank": "9", "page": "1", "url": "https://www.africanstorybook.org/", "windowLocation": "http://localhost:7001/result?query=animals&page=1"}
{"type": "searchResultGenerated", "timestamp": "2026-04-15T11:45:29.560Z", "sessionID": "984ddcb8-16e1-4619-bbca-b1427ea6fe95", "query": "animals", "docid": "2513", "rank": "10", "page": "1", "url": "https://www.africanstorybook.org/", "windowLocation": "http://localhost:7001/result?query=animals&page=1"}
{"type": "queryBoxFocused", "timestamp": "2026-04-15T11:45:30.323Z", "sessionID": "984ddcb8-16e1-4619-bbca-b1427ea6fe95"}
{"type": "querySubmitted", "timestamp": "2026-04-15T11:45:32.850Z", "sessionID": "984ddcb8-16e1-4619-bbca-b1427ea6fe95", "query": "anime"}
{"type": "searchResultGenerated", "timestamp": "2026-04-15T11:45:33.195Z", "sessionID": "984ddcb8-16e1-4619-bbca-b1427ea6fe95", "query": "anime", "docid": "7474", "rank": "1", "page": "1", "url": "https://simple.wikipedia.org/wiki/Animation", "windowLocation": "http://localhost:7001/result?query=anime&page=1"}
{"type": "searchResultGenerated", "timestamp": "2026-04-15T11:45:33.196Z", "sessionID": "984ddcb8-16e1-4619-bbca-b1427ea6fe95", "query": "anime", "docid": "2850", "rank": "2", "page": "1", "url": "https://kids.frontiersin.org/article/10.3389/frym.2018.00044", "windowLocation": "http://localhost:7001/result?query=anime&page=1"}
{"type": "searchResultGenerated", "timestamp": "2026-04-15T11:45:33.196Z", "sessionID": "984ddcb8-16e1-4619-bbca-b1427ea6fe95", "query": "anime", "docid": "8031", "rank": "3", "page": "1", "url": "https://en.wikibooks.org/wiki/Wikijunior:Biology/Kingdoms/Animals", "windowLocation": "http://localhost:7001/result?query=anime&page=1"}
{"type": "searchResultGenerated", "timestamp": "2026-04-15T11:45:33.196Z", "sessionID": "984ddcb8-16e1-4619-bbca-b1427ea6fe95", "query": "anime", "docid": "8020", "rank": "4", "page": "1", "url": "http://static.ehe.osu.edu/sites/beyond/penguins/downloads/feature-stories/at-home-23-text.pdf", "windowLocation": "http://localhost:7001/result?query=anime&page=1"}
{"type": "searchResultGenerated", "timestamp": "2026-04-15T11:45:33.196Z", "sessionID": "984ddcb8-16e1-4619-bbca-b1427ea6fe95", "query": "anime", "docid": "2855", "rank": "5", "page": "1", "url": "https://kids.frontiersin.org/article/10.3389/frym.2018.00008", "windowLocation": "http://localhost:7001/result?query=anime&page=1"}
{"type": "searchResultGenerated", "timestamp": "2026-04-15T11:45:33.196Z", "sessionID": "984ddcb8-16e1-4619-bbca-b1427ea6fe95", "query": "anime", "docid": "3660", "rank": "6", "page": "1", "url": "http://www.gutenberg.org/files/2529/2529-h/2529-h.htm", "windowLocation": "http://localhost:7001/result?query=anime&page=1"}
{"type": "searchResultGenerated", "timestamp": "2026-04-15T11:45:33.197Z", "sessionID": "984ddcb8-16e1-4619-bbca-b1427ea6fe95", "query": "anime", "docid": "3208", "rank": "7", "page": "1", "url": "https://www.africanstorybook.org/", "windowLocation": "http://localhost:7001/result?query=anime&page=1"}
{"type": "searchResultGenerated", "timestamp": "2026-04-15T11:45:33.197Z", "sessionID": "984ddcb8-16e1-4619-bbca-b1427ea6fe95", "query": "anime", "docid": "2475", "rank": "8", "page": "1", "url": "https://www.africanstorybook.org/#", "windowLocation": "http://localhost:7001/result?query=anime&page=1"}
{"type": "searchResultGenerated", "timestamp": "2026-04-15T11:45:33.197Z", "sessionID": "984ddcb8-16e1-4619-bbca-b1427ea6fe95", "query": "anime", "docid": "2658", "rank": "9", "page": "1", "url": "https://www.africanstorybook.org/", "windowLocation": "http://localhost:7001/result?query=anime&page=1"}
{"type": "searchResultGenerated", "timestamp": "2026-04-15T11:45:33.197Z", "sessionID": "984ddcb8-16e1-4619-bbca-b1427ea6fe95", "query": "anime", "docid": "2513", "rank": "10", "page": "1", "url": "https://www.africanstorybook.org/", "windowLocation": "http://localhost:7001/result?query=anime&page=1"}
{"type": "queryBoxFocused", "timestamp": "2026-04-15T11:45:34.626Z", "sessionID": "984ddcb8-16e1-4619-bbca-b1427ea6fe95"}
{"type": "querySubmitted", "timestamp": "2026-04-15T11:45:37.152Z", "sessionID": "984ddcb8-16e1-4619-bbca-b1427ea6fe95", "query": "animal"}
{"type": "searchResultGenerated", "timestamp": "2026-04-15T11:45:37.487Z", "sessionID": "984ddcb8-16e1-4619-bbca-b1427ea6fe95", "query": "animal", "docid": "7474", "rank": "1", "page": "1", "url": "https://simple.wikipedia.org/wiki/Animation", "windowLocation": "http://localhost:7001/result?query=animal&page=1"}
{"type": "searchResultGenerated", "timestamp": "2026-04-15T11:45:37.487Z", "sessionID": "984ddcb8-16e1-4619-bbca-b1427ea6fe95", "query": "animal", "docid": "2850", "rank": "2", "page": "1", "url": "https://kids.frontiersin.org/article/10.3389/frym.2018.00044", "windowLocation": "http://localhost:7001/result?query=animal&page=1"}
{"type": "searchResultGenerated", "timestamp": "2026-04-15T11:45:37.487Z", "sessionID": "984ddcb8-16e1-4619-bbca-b1427ea6fe95", "query": "animal", "docid": "8031", "rank": "3", "page": "1", "url": "https://en.wikibooks.org/wiki/Wikijunior:Biology/Kingdoms/Animals", "windowLocation": "http://localhost:7001/result?query=animal&page=1"}
{"type": "searchResultGenerated", "timestamp": "2026-04-15T11:45:37.487Z", "sessionID": "984ddcb8-16e1-4619-bbca-b1427ea6fe95", "query": "animal", "docid": "8020", "rank": "4", "page": "1", "url": "http://static.ehe.osu.edu/sites/beyond/penguins/downloads/feature-stories/at-home-23-text.pdf", "windowLocation": "http://localhost:7001/result?query=animal&page=1"}
{"type": "searchResultGenerated", "timestamp": "2026-04-15T11:45:37.488Z", "sessionID": "984ddcb8-16e1-4619-bbca-b1427ea6fe95", "query": "animal", "docid": "2855", "rank": "5", "page": "1", "url": "https://kids.frontiersin.org/article/10.3389/frym.2018.00008", "windowLocation": "http://localhost:7001/result?query=animal&page=1"}
{"type": "searchResultGenerated", "timestamp": "2026-04-15T11:45:37.488Z", "sessionID": "984ddcb8-16e1-4619-bbca-b1427ea6fe95", "query": "animal", "docid": "3660", "rank": "6", "page": "1", "url": "http://www.gutenberg.org/files/2529/2529-h/2529-h.htm", "windowLocation": "http://localhost:7001/result?query=animal&page=1"}
{"type": "searchResultGenerated", "timestamp": "2026-04-15T11:45:37.488Z", "sessionID": "984ddcb8-16e1-4619-bbca-b1427ea6fe95", "query": "animal", "docid": "3208", "rank": "7", "page": "1", "url": "https://www.africanstorybook.org/", "windowLocation": "http://localhost:7001/result?query=animal&page=1"}
{"type": "searchResultGenerated", "timestamp": "2026-04-15T11:45:37.488Z", "sessionID": "984ddcb8-16e1-4619-bbca-b1427ea6fe95", "query": "animal", "docid": "2475", "rank": "8", "page": "1", "url": "https://www.africanstorybook.org/#", "windowLocation": "http://localhost:7001/result?query=animal&page=1"}
{"type": "searchResultGenerated", "timestamp": "2026-04-15T11:45:37.488Z", "sessionID": "984ddcb8-16e1-4619-bbca-b1427ea6fe95", "query": "animal", "docid": "2658", "rank": "9", "page": "1", "url": "https://www.africanstorybook.org/", "windowLocation": "http://localhost:7001/result?query=animal&page=1"}
{"type": "searchResultGenerated", "timestamp": "2026-04-15T11:45:37.488Z", "sessionID": "984ddcb8-16e1-4619-bbca-b1427ea6fe95", "query": "animal", "docid": "2513", "rank": "10", "page": "1", "url": "https://www.africanstorybook.org/", "windowLocation": "http://localhost:7001/result?query=animal&page=1"}
{"type": "ClickedEndTask", "timestamp": "2026-04-15T11:45:41.050Z", "sessionID": "984ddcb8-16e1-4619-bbca-b1427ea6fe95"}
{"type": "TaskEndConfirmed", "timestamp": "2026-04-15T11:45:41.873Z", "sessionID": "984ddcb8-16e1-4619-bbca-b1427ea6fe95"}
{"type": "TaskEnded", "timestamp": "2026-04-15T11:45:46.843Z", "sessionID": "984ddcb8-16e1-4619-bbca-b1427ea6fe95", "answer": "no answer"}
