{"type": "TaskStarted", "timestamp": "2026-04-23T08:55:30.185Z", "sessionID": "f1c44b97-f61e-4074-b219-c7399da55c56"}
{"type": "idSubmitted", "timestamp": "2026-04-23T08:55:30.188Z", "sessionID": "f1c44b97-f61e-4074-b219-c7399da55c56", "uid": "Participant7"}
{"type": "queryBoxFocused", "timestamp": "2026-04-23T08:55:31.627Z", "sessionID": "f1c44b97-f61e-4074-b219-c7399da55c56"}
{"type": "choseAutoCompleteSuggestion", "timestamp": "2026-04-23T08:55:49.694Z", "sessionID": "f1c44b97-f61e-4074-b219-c7399da55c56", "selectedSuggestion": "ducks hockey", "inputMethod": "mouse"}
{"type": "querySubmitted", "timestamp": "2026-04-23T08:56:06.046Z", "sessionID": "f1c44b97-f61e-4074-b219-c7399da55c56", "query": "ducks hockey"}
{"type": "searchResultGenerated", "timestamp": "2026-04-23T08:56:07.206Z", "sessionID": "f1c44b97-f61e-4074-b219-c7399da55c56", "query": "ducks hockey", "docid": "2938", "rank": "1", "page": "1", "url": "https://www.africanstorybook.org/#", "windowLocation": "http://localhost:7001/result?query=ducks+hockey&page=1"}
{"type": "searchResultGenerated", "timestamp": "2026-04-23T08:56:07.206Z", "sessionID": "f1c44b97-f61e-4074-b219-c7399da55c56", "query": "ducks hockey", "docid": "5607", "rank": "2", "page": "1", "url": "http://www.gutenberg.org/files/15170/15170-h/15170-h.htm#mirror", "windowLocation": "http://localhost:7001/result?query=ducks+hockey&page=1"}
{"type": "searchResultGenerated", "timestamp": "2026-04-23T08:56:07.206Z", "sessionID": "f1c44b97-f61e-4074-b219-c7399da55c56", "query": "ducks hockey", "docid": "5292", "rank": "3", "page": "1", "url": "http://www.gutenberg.org/files/40756/40756-h/40756-h.htm#Page_135", "windowLocation": "http://localhost:7001/result?query=ducks+hockey&page=1"}
{"type": "searchResultGenerated", "timestamp": "2026-04-23T08:56:07.207Z", "sessionID": "f1c44b97-f61e-4074-b219-c7399da55c56", "query": "ducks hockey", "docid": "5499", "rank": "4", "page": "1", "url": "http://www.gutenberg.org/files/28130/28130-h/28130-h.htm#Page_57", "windowLocation": "http://localhost:7001/result?query=ducks+hockey&page=1"}
{"type": "searchResultGenerated", "timestamp": "2026-04-23T08:56:07.207Z", "sessionID": "f1c44b97-f61e-4074-b219-c7399da55c56", "query": "ducks hockey", "docid": "5642", "rank": "5", "page": "1", "url": "http://www.gutenberg.org/files/16522/16522-h/16522-h.htm#ELSIES_DUCKS", "windowLocation": "http://localhost:7001/result?query=ducks+hockey&page=1"}
{"type": "searchResultGenerated", "timestamp": "2026-04-23T08:56:07.207Z", "sessionID": "f1c44b97-f61e-4074-b219-c7399da55c56", "query": "ducks hockey", "docid": "4817", "rank": "6", "page": "1", "url": "http://www.gutenberg.org/files/902/902-h/902-h.htm", "windowLocation": "http://localhost:7001/result?query=ducks+hockey&page=1"}
{"type": "searchResultGenerated", "timestamp": "2026-04-23T08:56:07.207Z", "sessionID": "f1c44b97-f61e-4074-b219-c7399da55c56", "query": "ducks hockey", "docid": "4970", "rank": "7", "page": "1", "url": "http://www.gutenberg.org/files/8950/8950-h/8950-h.htm", "windowLocation": "http://localhost:7001/result?query=ducks+hockey&page=1"}
{"type": "searchResultGenerated", "timestamp": "2026-04-23T08:56:07.207Z", "sessionID": "f1c44b97-f61e-4074-b219-c7399da55c56", "query": "ducks hockey", "docid": "6202", "rank": "8", "page": "1", "url": "http://www.gutenberg.org/files/16891/16891-h/16891-h.htm", "windowLocation": "http://localhost:7001/result?query=ducks+hockey&page=1"}
{"type": "searchResultGenerated", "timestamp": "2026-04-23T08:56:07.207Z", "sessionID": "f1c44b97-f61e-4074-b219-c7399da55c56", "query": "ducks hockey", "docid": "2135", "rank": "9", "page": "1", "url": "https://en.wikipedia.org/wiki/Instant_replay", "windowLocation": "http://localhost:7001/result?query=ducks+hockey&page=1"}
{"type": "searchResultGenerated", "timestamp": "2026-04-23T08:56:07.208Z", "sessionID": "f1c44b97-f61e-4074-b219-c7399da55c56", "query": "ducks hockey", "docid": "5714", "rank": "10", "page": "1", "url": "http://www.gutenberg.org/files/24940/24940-h/24940-h.htm#Page_69", "windowLocation": "http://localhost:7001/result?query=ducks+hockey&page=1"}
{"type": "hoverOverSnippet", "timestamp": "2026-04-23T08:56:09.298Z", "sessionID": "f1c44b97-f61e-4074-b219-c7399da55c56", "query": "ducks hockey", "docid": "2938", "rank": "1", "page": "1", "url": "https://www.africanstorybook.org/#", "windowLocation": "http://localhost:7001/result?query=ducks+hockey&page=1"}
{"type": "hoverOverSnippet", "timestamp": "2026-04-23T08:56:10.881Z", "sessionID": "f1c44b97-f61e-4074-b219-c7399da55c56", "query": "ducks hockey", "docid": "2938", "rank": "1", "page": "1", "url": "https://www.africanstorybook.org/#", "windowLocation": "http://localhost:7001/result?query=ducks+hockey&page=1"}
{"type": "ClickedEndTask", "timestamp": "2026-04-23T08:56:12.363Z", "sessionID": "f1c44b97-f61e-4074-b219-c7399da55c56"}
{"type": "TaskEndConfirmed", "timestamp": "2026-04-23T08:56:13.319Z", "sessionID": "f1c44b97-f61e-4074-b219-c7399da55c56"}
{"type": "TaskEnded", "timestamp": "2026-04-23T08:56:13.896Z", "sessionID": "f1c44b97-f61e-4074-b219-c7399da55c56", "answer": ""}
