{"type": "TaskStarted", "timestamp": "2026-04-21T14:48:45.230Z", "sessionID": "ee6bebd9-05c3-4c33-bda6-bf9709b6b478"}
{"type": "idSubmitted", "timestamp": "2026-04-21T14:48:45.232Z", "sessionID": "ee6bebd9-05c3-4c33-bda6-bf9709b6b478", "uid": "Participant8"}
{"type": "queryBoxFocused", "timestamp": "2026-04-21T14:48:46.320Z", "sessionID": "ee6bebd9-05c3-4c33-bda6-bf9709b6b478"}
{"type": "querySubmitted", "timestamp": "2026-04-21T14:48:48.306Z", "sessionID": "ee6bebd9-05c3-4c33-bda6-bf9709b6b478", "query": "atism"}
{"type": "searchResultGenerated", "timestamp": "2026-04-21T14:48:49.620Z", "sessionID": "ee6bebd9-05c3-4c33-bda6-bf9709b6b478", "query": "atism", "docid": "2615", "rank": "1", "page": "1", "url": "https://kids.frontiersin.org/article/10.3389/frym.2019.00129", "windowLocation": "http://localhost:7001/result?query=atism&page=1"}
{"type": "cursorEnteredSnippet", "timestamp": "2026-04-21T14:48:51.763Z", "sessionID": "ee6bebd9-05c3-4c33-bda6-bf9709b6b478", "query": "atism", "docid": "2615", "rank": "1", "page": "1", "url": "https://kids.frontiersin.org/article/10.3389/frym.2019.00129", "windowLocation": "http://localhost:7001/result?query=atism&page=1"}
{"type": "cursorLeftSnippet", "timestamp": "2026-04-21T14:48:53.129Z", "sessionID": "ee6bebd9-05c3-4c33-bda6-bf9709b6b478", "query": "atism", "docid": "2615", "rank": "1", "page": "1", "url": "https://kids.frontiersin.org/article/10.3389/frym.2019.00129", "windowLocation": "http://localhost:7001/result?query=atism&page=1"}
{"type": "cursorEnteredSnippet", "timestamp": "2026-04-21T14:48:53.679Z", "sessionID": "ee6bebd9-05c3-4c33-bda6-bf9709b6b478", "query": "atism", "docid": "2615", "rank": "1", "page": "1", "url": "https://kids.frontiersin.org/article/10.3389/frym.2019.00129", "windowLocation": "http://localhost:7001/result?query=atism&page=1"}
{"type": "cursorLeftSnippet", "timestamp": "2026-04-21T14:48:53.780Z", "sessionID": "ee6bebd9-05c3-4c33-bda6-bf9709b6b478", "query": "atism", "docid": "2615", "rank": "1", "page": "1", "url": "https://kids.frontiersin.org/article/10.3389/frym.2019.00129", "windowLocation": "http://localhost:7001/result?query=atism&page=1"}
{"type": "searchResultGenerated", "timestamp": "2026-04-21T14:48:55.080Z", "sessionID": "ee6bebd9-05c3-4c33-bda6-bf9709b6b478", "query": "autism", "docid": "2615", "rank": "1", "page": "1", "url": "https://kids.frontiersin.org/article/10.3389/frym.2019.00129", "windowLocation": "http://localhost:7001/result?query=autism&page=1"}
{"type": "queryBoxFocused", "timestamp": "2026-04-21T14:49:02.756Z", "sessionID": "ee6bebd9-05c3-4c33-bda6-bf9709b6b478"}
{"type": "querySubmitted", "timestamp": "2026-04-21T14:49:05.199Z", "sessionID": "ee6bebd9-05c3-4c33-bda6-bf9709b6b478", "query": "autism"}
{"type": "searchResultGenerated", "timestamp": "2026-04-21T14:49:05.590Z", "sessionID": "ee6bebd9-05c3-4c33-bda6-bf9709b6b478", "query": "autism", "docid": "2615", "rank": "1", "page": "1", "url": "https://kids.frontiersin.org/article/10.3389/frym.2019.00129", "windowLocation": "http://localhost:7001/result?query=autism&page=1"}
{"type": "queryBoxFocused", "timestamp": "2026-04-21T14:49:06.801Z", "sessionID": "ee6bebd9-05c3-4c33-bda6-bf9709b6b478"}
{"type": "querySubmitted", "timestamp": "2026-04-21T14:49:08.654Z", "sessionID": "ee6bebd9-05c3-4c33-bda6-bf9709b6b478", "query": "dcks"}
{"type": "queryBoxFocused", "timestamp": "2026-04-21T14:49:13.295Z", "sessionID": "ee6bebd9-05c3-4c33-bda6-bf9709b6b478"}
{"type": "querySubmitted", "timestamp": "2026-04-21T14:49:18.367Z", "sessionID": "ee6bebd9-05c3-4c33-bda6-bf9709b6b478", "query": "dzcks"}
{"type": "searchResultGenerated", "timestamp": "2026-04-21T14:49:21.780Z", "sessionID": "ee6bebd9-05c3-4c33-bda6-bf9709b6b478", "query": "dzcks", "docid": "2938", "rank": "1", "page": "1", "url": "https://www.africanstorybook.org/#", "windowLocation": "http://localhost:7001/result?query=dzcks&page=1"}
{"type": "searchResultGenerated", "timestamp": "2026-04-21T14:49:21.780Z", "sessionID": "ee6bebd9-05c3-4c33-bda6-bf9709b6b478", "query": "dzcks", "docid": "5607", "rank": "2", "page": "1", "url": "http://www.gutenberg.org/files/15170/15170-h/15170-h.htm#mirror", "windowLocation": "http://localhost:7001/result?query=dzcks&page=1"}
{"type": "searchResultGenerated", "timestamp": "2026-04-21T14:49:21.781Z", "sessionID": "ee6bebd9-05c3-4c33-bda6-bf9709b6b478", "query": "dzcks", "docid": "5292", "rank": "3", "page": "1", "url": "http://www.gutenberg.org/files/40756/40756-h/40756-h.htm#Page_135", "windowLocation": "http://localhost:7001/result?query=dzcks&page=1"}
{"type": "searchResultGenerated", "timestamp": "2026-04-21T14:49:21.781Z", "sessionID": "ee6bebd9-05c3-4c33-bda6-bf9709b6b478", "query": "dzcks", "docid": "5499", "rank": "4", "page": "1", "url": "http://www.gutenberg.org/files/28130/28130-h/28130-h.htm#Page_57", "windowLocation": "http://localhost:7001/result?query=dzcks&page=1"}
{"type": "searchResultGenerated", "timestamp": "2026-04-21T14:49:21.782Z", "sessionID": "ee6bebd9-05c3-4c33-bda6-bf9709b6b478", "query": "dzcks", "docid": "5642", "rank": "5", "page": "1", "url": "http://www.gutenberg.org/files/16522/16522-h/16522-h.htm#ELSIES_DUCKS", "windowLocation": "http://localhost:7001/result?query=dzcks&page=1"}
{"type": "searchResultGenerated", "timestamp": "2026-04-21T14:49:21.782Z", "sessionID": "ee6bebd9-05c3-4c33-bda6-bf9709b6b478", "query": "dzcks", "docid": "4817", "rank": "6", "page": "1", "url": "http://www.gutenberg.org/files/902/902-h/902-h.htm", "windowLocation": "http://localhost:7001/result?query=dzcks&page=1"}
{"type": "searchResultGenerated", "timestamp": "2026-04-21T14:49:21.782Z", "sessionID": "ee6bebd9-05c3-4c33-bda6-bf9709b6b478", "query": "dzcks", "docid": "4970", "rank": "7", "page": "1", "url": "http://www.gutenberg.org/files/8950/8950-h/8950-h.htm", "windowLocation": "http://localhost:7001/result?query=dzcks&page=1"}
{"type": "searchResultGenerated", "timestamp": "2026-04-21T14:49:21.782Z", "sessionID": "ee6bebd9-05c3-4c33-bda6-bf9709b6b478", "query": "dzcks", "docid": "6202", "rank": "8", "page": "1", "url": "http://www.gutenberg.org/files/16891/16891-h/16891-h.htm", "windowLocation": "http://localhost:7001/result?query=dzcks&page=1"}
{"type": "searchResultGenerated", "timestamp": "2026-04-21T14:49:21.783Z", "sessionID": "ee6bebd9-05c3-4c33-bda6-bf9709b6b478", "query": "dzcks", "docid": "5714", "rank": "9", "page": "1", "url": "http://www.gutenberg.org/files/24940/24940-h/24940-h.htm#Page_69", "windowLocation": "http://localhost:7001/result?query=dzcks&page=1"}
{"type": "searchResultGenerated", "timestamp": "2026-04-21T14:49:21.783Z", "sessionID": "ee6bebd9-05c3-4c33-bda6-bf9709b6b478", "query": "dzcks", "docid": "5589", "rank": "10", "page": "1", "url": "http://www.gutenberg.org/files/28133/28133-h/28133-h.htm#Page_139", "windowLocation": "http://localhost:7001/result?query=dzcks&page=1"}
{"type": "cursorEnteredSnippet", "timestamp": "2026-04-21T14:49:28.977Z", "sessionID": "ee6bebd9-05c3-4c33-bda6-bf9709b6b478", "query": "dzcks", "docid": "2938", "rank": "1", "page": "1", "url": "https://www.africanstorybook.org/#", "windowLocation": "http://localhost:7001/result?query=dzcks&page=1"}
{"type": "cursorLeftSnippet", "timestamp": "2026-04-21T14:49:46.165Z", "sessionID": "ee6bebd9-05c3-4c33-bda6-bf9709b6b478", "query": "dzcks", "docid": "2938", "rank": "1", "page": "1", "url": "https://www.africanstorybook.org/#", "windowLocation": "http://localhost:7001/result?query=dzcks&page=1"}
{"type": "cursorEnteredSnippet", "timestamp": "2026-04-21T14:49:50.526Z", "sessionID": "ee6bebd9-05c3-4c33-bda6-bf9709b6b478", "query": "dzcks", "docid": "5292", "rank": "3", "page": "1", "url": "http://www.gutenberg.org/files/40756/40756-h/40756-h.htm#Page_135", "windowLocation": "http://localhost:7001/result?query=dzcks&page=1"}
{"type": "cursorLeftSnippet", "timestamp": "2026-04-21T14:49:50.560Z", "sessionID": "ee6bebd9-05c3-4c33-bda6-bf9709b6b478", "query": "dzcks", "docid": "5292", "rank": "3", "page": "1", "url": "http://www.gutenberg.org/files/40756/40756-h/40756-h.htm#Page_135", "windowLocation": "http://localhost:7001/result?query=dzcks&page=1"}
{"type": "cursorEnteredSnippet", "timestamp": "2026-04-21T14:49:50.577Z", "sessionID": "ee6bebd9-05c3-4c33-bda6-bf9709b6b478", "query": "dzcks", "docid": "5607", "rank": "2", "page": "1", "url": "http://www.gutenberg.org/files/15170/15170-h/15170-h.htm#mirror", "windowLocation": "http://localhost:7001/result?query=dzcks&page=1"}
{"type": "cursorLeftSnippet", "timestamp": "2026-04-21T14:49:50.661Z", "sessionID": "ee6bebd9-05c3-4c33-bda6-bf9709b6b478", "query": "dzcks", "docid": "5607", "rank": "2", "page": "1", "url": "http://www.gutenberg.org/files/15170/15170-h/15170-h.htm#mirror", "windowLocation": "http://localhost:7001/result?query=dzcks&page=1"}
{"type": "ClickedEndTask", "timestamp": "2026-04-21T14:49:51.473Z", "sessionID": "ee6bebd9-05c3-4c33-bda6-bf9709b6b478"}
{"type": "TaskEndConfirmed", "timestamp": "2026-04-21T14:49:52.202Z", "sessionID": "ee6bebd9-05c3-4c33-bda6-bf9709b6b478"}
{"type": "TaskEnded", "timestamp": "2026-04-21T14:49:52.756Z", "sessionID": "ee6bebd9-05c3-4c33-bda6-bf9709b6b478", "answer": ""}
