{"type": "TaskStarted", "timestamp": "2026-04-21T15:08:06.250Z", "sessionID": "f01eab42-0f8e-4a28-9303-71efde0e7c8a"}
{"type": "idSubmitted", "timestamp": "2026-04-21T15:08:06.252Z", "sessionID": "f01eab42-0f8e-4a28-9303-71efde0e7c8a", "uid": "Participant1"}
{"type": "queryBoxFocused", "timestamp": "2026-04-21T15:08:07.122Z", "sessionID": "f01eab42-0f8e-4a28-9303-71efde0e7c8a"}
{"type": "querySubmitted", "timestamp": "2026-04-21T15:08:10.898Z", "sessionID": "f01eab42-0f8e-4a28-9303-71efde0e7c8a", "query": "dzcks"}
{"type": "Query suggestion generated", "timestamp": "2026-04-21T15:08:12.091Z", "sessionID": "f01eab42-0f8e-4a28-9303-71efde0e7c8a", "user query": "dzcks", "suggested query": "ducks"}
{"type": "searchResultGenerated", "timestamp": "2026-04-21T15:08:12.091Z", "sessionID": "f01eab42-0f8e-4a28-9303-71efde0e7c8a", "query": "dzcks", "docid": "2938", "rank": "1", "page": "1", "url": "https://www.africanstorybook.org/#", "windowLocation": "http://localhost:7001/result?query=dzcks&page=1"}
{"type": "searchResultGenerated", "timestamp": "2026-04-21T15:08:12.091Z", "sessionID": "f01eab42-0f8e-4a28-9303-71efde0e7c8a", "query": "dzcks", "docid": "5607", "rank": "2", "page": "1", "url": "http://www.gutenberg.org/files/15170/15170-h/15170-h.htm#mirror", "windowLocation": "http://localhost:7001/result?query=dzcks&page=1"}
{"type": "searchResultGenerated", "timestamp": "2026-04-21T15:08:12.091Z", "sessionID": "f01eab42-0f8e-4a28-9303-71efde0e7c8a", "query": "dzcks", "docid": "5292", "rank": "3", "page": "1", "url": "http://www.gutenberg.org/files/40756/40756-h/40756-h.htm#Page_135", "windowLocation": "http://localhost:7001/result?query=dzcks&page=1"}
{"type": "searchResultGenerated", "timestamp": "2026-04-21T15:08:12.092Z", "sessionID": "f01eab42-0f8e-4a28-9303-71efde0e7c8a", "query": "dzcks", "docid": "5499", "rank": "4", "page": "1", "url": "http://www.gutenberg.org/files/28130/28130-h/28130-h.htm#Page_57", "windowLocation": "http://localhost:7001/result?query=dzcks&page=1"}
{"type": "searchResultGenerated", "timestamp": "2026-04-21T15:08:12.092Z", "sessionID": "f01eab42-0f8e-4a28-9303-71efde0e7c8a", "query": "dzcks", "docid": "5642", "rank": "5", "page": "1", "url": "http://www.gutenberg.org/files/16522/16522-h/16522-h.htm#ELSIES_DUCKS", "windowLocation": "http://localhost:7001/result?query=dzcks&page=1"}
{"type": "searchResultGenerated", "timestamp": "2026-04-21T15:08:12.092Z", "sessionID": "f01eab42-0f8e-4a28-9303-71efde0e7c8a", "query": "dzcks", "docid": "4817", "rank": "6", "page": "1", "url": "http://www.gutenberg.org/files/902/902-h/902-h.htm", "windowLocation": "http://localhost:7001/result?query=dzcks&page=1"}
{"type": "searchResultGenerated", "timestamp": "2026-04-21T15:08:12.092Z", "sessionID": "f01eab42-0f8e-4a28-9303-71efde0e7c8a", "query": "dzcks", "docid": "4970", "rank": "7", "page": "1", "url": "http://www.gutenberg.org/files/8950/8950-h/8950-h.htm", "windowLocation": "http://localhost:7001/result?query=dzcks&page=1"}
{"type": "searchResultGenerated", "timestamp": "2026-04-21T15:08:12.093Z", "sessionID": "f01eab42-0f8e-4a28-9303-71efde0e7c8a", "query": "dzcks", "docid": "6202", "rank": "8", "page": "1", "url": "http://www.gutenberg.org/files/16891/16891-h/16891-h.htm", "windowLocation": "http://localhost:7001/result?query=dzcks&page=1"}
{"type": "searchResultGenerated", "timestamp": "2026-04-21T15:08:12.093Z", "sessionID": "f01eab42-0f8e-4a28-9303-71efde0e7c8a", "query": "dzcks", "docid": "5714", "rank": "9", "page": "1", "url": "http://www.gutenberg.org/files/24940/24940-h/24940-h.htm#Page_69", "windowLocation": "http://localhost:7001/result?query=dzcks&page=1"}
{"type": "searchResultGenerated", "timestamp": "2026-04-21T15:08:12.093Z", "sessionID": "f01eab42-0f8e-4a28-9303-71efde0e7c8a", "query": "dzcks", "docid": "5589", "rank": "10", "page": "1", "url": "http://www.gutenberg.org/files/28133/28133-h/28133-h.htm#Page_139", "windowLocation": "http://localhost:7001/result?query=dzcks&page=1"}
{"type": "clickedQuerySuggestion", "timestamp": "2026-04-21T15:08:14.846Z", "sessionID": "f01eab42-0f8e-4a28-9303-71efde0e7c8a", "user query": "dzcks", "suggested query": "ducks"}
{"type": "searchResultGenerated", "timestamp": "2026-04-21T15:08:15.220Z", "sessionID": "f01eab42-0f8e-4a28-9303-71efde0e7c8a", "query": "ducks", "docid": "2938", "rank": "1", "page": "1", "url": "https://www.africanstorybook.org/#", "windowLocation": "http://localhost:7001/result?query=ducks&page=1"}
{"type": "searchResultGenerated", "timestamp": "2026-04-21T15:08:15.220Z", "sessionID": "f01eab42-0f8e-4a28-9303-71efde0e7c8a", "query": "ducks", "docid": "5607", "rank": "2", "page": "1", "url": "http://www.gutenberg.org/files/15170/15170-h/15170-h.htm#mirror", "windowLocation": "http://localhost:7001/result?query=ducks&page=1"}
{"type": "searchResultGenerated", "timestamp": "2026-04-21T15:08:15.221Z", "sessionID": "f01eab42-0f8e-4a28-9303-71efde0e7c8a", "query": "ducks", "docid": "5292", "rank": "3", "page": "1", "url": "http://www.gutenberg.org/files/40756/40756-h/40756-h.htm#Page_135", "windowLocation": "http://localhost:7001/result?query=ducks&page=1"}
{"type": "searchResultGenerated", "timestamp": "2026-04-21T15:08:15.221Z", "sessionID": "f01eab42-0f8e-4a28-9303-71efde0e7c8a", "query": "ducks", "docid": "5499", "rank": "4", "page": "1", "url": "http://www.gutenberg.org/files/28130/28130-h/28130-h.htm#Page_57", "windowLocation": "http://localhost:7001/result?query=ducks&page=1"}
{"type": "searchResultGenerated", "timestamp": "2026-04-21T15:08:15.221Z", "sessionID": "f01eab42-0f8e-4a28-9303-71efde0e7c8a", "query": "ducks", "docid": "5642", "rank": "5", "page": "1", "url": "http://www.gutenberg.org/files/16522/16522-h/16522-h.htm#ELSIES_DUCKS", "windowLocation": "http://localhost:7001/result?query=ducks&page=1"}
{"type": "searchResultGenerated", "timestamp": "2026-04-21T15:08:15.221Z", "sessionID": "f01eab42-0f8e-4a28-9303-71efde0e7c8a", "query": "ducks", "docid": "4817", "rank": "6", "page": "1", "url": "http://www.gutenberg.org/files/902/902-h/902-h.htm", "windowLocation": "http://localhost:7001/result?query=ducks&page=1"}
{"type": "searchResultGenerated", "timestamp": "2026-04-21T15:08:15.222Z", "sessionID": "f01eab42-0f8e-4a28-9303-71efde0e7c8a", "query": "ducks", "docid": "4970", "rank": "7", "page": "1", "url": "http://www.gutenberg.org/files/8950/8950-h/8950-h.htm", "windowLocation": "http://localhost:7001/result?query=ducks&page=1"}
{"type": "searchResultGenerated", "timestamp": "2026-04-21T15:08:15.222Z", "sessionID": "f01eab42-0f8e-4a28-9303-71efde0e7c8a", "query": "ducks", "docid": "6202", "rank": "8", "page": "1", "url": "http://www.gutenberg.org/files/16891/16891-h/16891-h.htm", "windowLocation": "http://localhost:7001/result?query=ducks&page=1"}
{"type": "searchResultGenerated", "timestamp": "2026-04-21T15:08:15.222Z", "sessionID": "f01eab42-0f8e-4a28-9303-71efde0e7c8a", "query": "ducks", "docid": "5714", "rank": "9", "page": "1", "url": "http://www.gutenberg.org/files/24940/24940-h/24940-h.htm#Page_69", "windowLocation": "http://localhost:7001/result?query=ducks&page=1"}
{"type": "searchResultGenerated", "timestamp": "2026-04-21T15:08:15.223Z", "sessionID": "f01eab42-0f8e-4a28-9303-71efde0e7c8a", "query": "ducks", "docid": "5589", "rank": "10", "page": "1", "url": "http://www.gutenberg.org/files/28133/28133-h/28133-h.htm#Page_139", "windowLocation": "http://localhost:7001/result?query=ducks&page=1"}
{"type": "cursorEnteredSnippet", "timestamp": "2026-04-21T15:08:15.636Z", "sessionID": "f01eab42-0f8e-4a28-9303-71efde0e7c8a", "query": "ducks", "docid": "2938", "rank": "1", "page": "1", "url": "https://www.africanstorybook.org/#", "windowLocation": "http://localhost:7001/result?query=ducks&page=1"}
{"type": "cursorLeftSnippet", "timestamp": "2026-04-21T15:08:15.653Z", "sessionID": "f01eab42-0f8e-4a28-9303-71efde0e7c8a", "query": "ducks", "docid": "2938", "rank": "1", "page": "1", "url": "https://www.africanstorybook.org/#", "windowLocation": "http://localhost:7001/result?query=ducks&page=1"}
{"type": "queryBoxFocused", "timestamp": "2026-04-21T15:08:19.330Z", "sessionID": "f01eab42-0f8e-4a28-9303-71efde0e7c8a"}
{"type": "cursorEnteredSnippet", "timestamp": "2026-04-21T15:08:23.903Z", "sessionID": "f01eab42-0f8e-4a28-9303-71efde0e7c8a", "query": "ducks", "docid": "4970", "rank": "7", "page": "1", "url": "http://www.gutenberg.org/files/8950/8950-h/8950-h.htm", "windowLocation": "http://localhost:7001/result?query=ducks&page=1"}
{"type": "cursorLeftSnippet", "timestamp": "2026-04-21T15:08:24.269Z", "sessionID": "f01eab42-0f8e-4a28-9303-71efde0e7c8a", "query": "ducks", "docid": "4970", "rank": "7", "page": "1", "url": "http://www.gutenberg.org/files/8950/8950-h/8950-h.htm", "windowLocation": "http://localhost:7001/result?query=ducks&page=1"}
{"type": "cursorEnteredSnippet", "timestamp": "2026-04-21T15:08:24.336Z", "sessionID": "f01eab42-0f8e-4a28-9303-71efde0e7c8a", "query": "ducks", "docid": "6202", "rank": "8", "page": "1", "url": "http://www.gutenberg.org/files/16891/16891-h/16891-h.htm", "windowLocation": "http://localhost:7001/result?query=ducks&page=1"}
{"type": "clickedResult", "timestamp": "2026-04-21T15:08:24.753Z", "sessionID": "f01eab42-0f8e-4a28-9303-71efde0e7c8a", "query": "ducks", "docid": "6202", "rank": "8", "page": "1", "url": "http://www.gutenberg.org/files/16891/16891-h/16891-h.htm", "windowLocation": "http://www.gutenberg.org/files/16891/16891-h/16891-h.htm"}
{"type": "cursorLeftSnippet", "timestamp": "2026-04-21T15:08:25.254Z", "sessionID": "f01eab42-0f8e-4a28-9303-71efde0e7c8a", "query": "ducks", "docid": "6202", "rank": "8", "page": "1", "url": "http://www.gutenberg.org/files/16891/16891-h/16891-h.htm", "windowLocation": "http://localhost:7001/result?query=ducks&page=1"}
{"type": "wentBack", "timestamp": "2026-04-21T15:08:27.617Z", "sessionID": "f01eab42-0f8e-4a28-9303-71efde0e7c8a", "query": "ducks", "fromURL": "http://www.gutenberg.org/files/16891/16891-h/16891-h.htm", "toURL": "http://localhost:7001/result?query=ducks&page=1"}
{"type": "cursorEnteredSnippet", "timestamp": "2026-04-21T15:08:28.169Z", "sessionID": "f01eab42-0f8e-4a28-9303-71efde0e7c8a", "query": "ducks", "docid": "4817", "rank": "6", "page": "1", "url": "http://www.gutenberg.org/files/902/902-h/902-h.htm", "windowLocation": "http://localhost:7001/result?query=ducks&page=1"}
{"type": "cursorLeftSnippet", "timestamp": "2026-04-21T15:08:28.219Z", "sessionID": "f01eab42-0f8e-4a28-9303-71efde0e7c8a", "query": "ducks", "docid": "4817", "rank": "6", "page": "1", "url": "http://www.gutenberg.org/files/902/902-h/902-h.htm", "windowLocation": "http://localhost:7001/result?query=ducks&page=1"}
{"type": "cursorEnteredSnippet", "timestamp": "2026-04-21T15:08:28.435Z", "sessionID": "f01eab42-0f8e-4a28-9303-71efde0e7c8a", "query": "ducks", "docid": "4817", "rank": "6", "page": "1", "url": "http://www.gutenberg.org/files/902/902-h/902-h.htm", "windowLocation": "http://localhost:7001/result?query=ducks&page=1"}
{"type": "cursorLeftSnippet", "timestamp": "2026-04-21T15:08:28.452Z", "sessionID": "f01eab42-0f8e-4a28-9303-71efde0e7c8a", "query": "ducks", "docid": "4817", "rank": "6", "page": "1", "url": "http://www.gutenberg.org/files/902/902-h/902-h.htm", "windowLocation": "http://localhost:7001/result?query=ducks&page=1"}
{"type": "queryBoxFocused", "timestamp": "2026-04-21T15:08:28.867Z", "sessionID": "f01eab42-0f8e-4a28-9303-71efde0e7c8a"}
{"type": "querySubmitted", "timestamp": "2026-04-21T15:08:31.362Z", "sessionID": "f01eab42-0f8e-4a28-9303-71efde0e7c8a", "query": "atism"}
{"type": "Query suggestion generated", "timestamp": "2026-04-21T15:08:31.746Z", "sessionID": "f01eab42-0f8e-4a28-9303-71efde0e7c8a", "user query": "atism", "suggested query": "autism"}
{"type": "searchResultGenerated", "timestamp": "2026-04-21T15:08:31.747Z", "sessionID": "f01eab42-0f8e-4a28-9303-71efde0e7c8a", "query": "atism", "docid": "2615", "rank": "1", "page": "1", "url": "https://kids.frontiersin.org/article/10.3389/frym.2019.00129", "windowLocation": "http://localhost:7001/result?query=atism&page=1"}
{"type": "cursorEnteredSnippet", "timestamp": "2026-04-21T15:08:32.402Z", "sessionID": "f01eab42-0f8e-4a28-9303-71efde0e7c8a", "query": "atism", "docid": "2615", "rank": "1", "page": "1", "url": "https://kids.frontiersin.org/article/10.3389/frym.2019.00129", "windowLocation": "http://localhost:7001/result?query=atism&page=1"}
{"type": "clickedResult", "timestamp": "2026-04-21T15:08:33.158Z", "sessionID": "f01eab42-0f8e-4a28-9303-71efde0e7c8a", "query": "atism", "docid": "2615", "rank": "1", "page": "1", "url": "https://kids.frontiersin.org/article/10.3389/frym.2019.00129", "windowLocation": "https://kids.frontiersin.org/article/10.3389/frym.2019.00129"}
{"type": "cursorLeftSnippet", "timestamp": "2026-04-21T15:08:34.299Z", "sessionID": "f01eab42-0f8e-4a28-9303-71efde0e7c8a", "query": "atism", "docid": "2615", "rank": "1", "page": "1", "url": "https://kids.frontiersin.org/article/10.3389/frym.2019.00129", "windowLocation": "http://localhost:7001/result?query=atism&page=1"}
{"type": "wentBack", "timestamp": "2026-04-21T15:08:37.601Z", "sessionID": "f01eab42-0f8e-4a28-9303-71efde0e7c8a", "query": "atism", "fromURL": "https://kids.frontiersin.org/article/10.3389/frym.2019.00129", "toURL": "http://localhost:7001/result?query=atism&page=1"}
{"type": "ClickedEndTask", "timestamp": "2026-04-21T15:08:38.403Z", "sessionID": "f01eab42-0f8e-4a28-9303-71efde0e7c8a"}
{"type": "TaskEndConfirmed", "timestamp": "2026-04-21T15:08:39.203Z", "sessionID": "f01eab42-0f8e-4a28-9303-71efde0e7c8a"}
{"type": "TaskEnded", "timestamp": "2026-04-21T15:08:39.937Z", "sessionID": "f01eab42-0f8e-4a28-9303-71efde0e7c8a", "answer": ""}
