{"type": "TaskStarted", "timestamp": "2026-04-09T13:04:13.644Z", "sessionID": "0fda3f1d-1b59-4336-aa02-86859d90d3b9"}
{"type": "idSubmitted", "timestamp": "2026-04-09T13:04:13.648Z", "sessionID": "0fda3f1d-1b59-4336-aa02-86859d90d3b9", "uid": "Participant8"}
{"type": "queryBoxFocused", "timestamp": "2026-04-09T13:04:15.267Z", "sessionID": "0fda3f1d-1b59-4336-aa02-86859d90d3b9"}
{"type": "querySubmitted", "timestamp": "2026-04-09T13:04:17.663Z", "sessionID": "0fda3f1d-1b59-4336-aa02-86859d90d3b9", "query": "ducks"}
{"type": "searchResultGenerated", "timestamp": "2026-04-09T13:04:18.627Z", "sessionID": "0fda3f1d-1b59-4336-aa02-86859d90d3b9", "query": "ducks", "docid": "2938", "rank": "1", "page": "1", "url": "https://www.africanstorybook.org/#", "windowLocation": "http://localhost:7001/result?query=ducks&page=1"}
{"type": "searchResultGenerated", "timestamp": "2026-04-09T13:04:18.628Z", "sessionID": "0fda3f1d-1b59-4336-aa02-86859d90d3b9", "query": "ducks", "docid": "5607", "rank": "2", "page": "1", "url": "http://www.gutenberg.org/files/15170/15170-h/15170-h.htm#mirror", "windowLocation": "http://localhost:7001/result?query=ducks&page=1"}
{"type": "searchResultGenerated", "timestamp": "2026-04-09T13:04:18.628Z", "sessionID": "0fda3f1d-1b59-4336-aa02-86859d90d3b9", "query": "ducks", "docid": "5292", "rank": "3", "page": "1", "url": "http://www.gutenberg.org/files/40756/40756-h/40756-h.htm#Page_135", "windowLocation": "http://localhost:7001/result?query=ducks&page=1"}
{"type": "searchResultGenerated", "timestamp": "2026-04-09T13:04:18.628Z", "sessionID": "0fda3f1d-1b59-4336-aa02-86859d90d3b9", "query": "ducks", "docid": "5499", "rank": "4", "page": "1", "url": "http://www.gutenberg.org/files/28130/28130-h/28130-h.htm#Page_57", "windowLocation": "http://localhost:7001/result?query=ducks&page=1"}
{"type": "searchResultGenerated", "timestamp": "2026-04-09T13:04:18.628Z", "sessionID": "0fda3f1d-1b59-4336-aa02-86859d90d3b9", "query": "ducks", "docid": "5642", "rank": "5", "page": "1", "url": "http://www.gutenberg.org/files/16522/16522-h/16522-h.htm#ELSIES_DUCKS", "windowLocation": "http://localhost:7001/result?query=ducks&page=1"}
{"type": "searchResultGenerated", "timestamp": "2026-04-09T13:04:18.628Z", "sessionID": "0fda3f1d-1b59-4336-aa02-86859d90d3b9", "query": "ducks", "docid": "4817", "rank": "6", "page": "1", "url": "http://www.gutenberg.org/files/902/902-h/902-h.htm", "windowLocation": "http://localhost:7001/result?query=ducks&page=1"}
{"type": "searchResultGenerated", "timestamp": "2026-04-09T13:04:18.628Z", "sessionID": "0fda3f1d-1b59-4336-aa02-86859d90d3b9", "query": "ducks", "docid": "4970", "rank": "7", "page": "1", "url": "http://www.gutenberg.org/files/8950/8950-h/8950-h.htm", "windowLocation": "http://localhost:7001/result?query=ducks&page=1"}
{"type": "searchResultGenerated", "timestamp": "2026-04-09T13:04:18.628Z", "sessionID": "0fda3f1d-1b59-4336-aa02-86859d90d3b9", "query": "ducks", "docid": "6202", "rank": "8", "page": "1", "url": "http://www.gutenberg.org/files/16891/16891-h/16891-h.htm", "windowLocation": "http://localhost:7001/result?query=ducks&page=1"}
{"type": "searchResultGenerated", "timestamp": "2026-04-09T13:04:18.628Z", "sessionID": "0fda3f1d-1b59-4336-aa02-86859d90d3b9", "query": "ducks", "docid": "5714", "rank": "9", "page": "1", "url": "http://www.gutenberg.org/files/24940/24940-h/24940-h.htm#Page_69", "windowLocation": "http://localhost:7001/result?query=ducks&page=1"}
{"type": "searchResultGenerated", "timestamp": "2026-04-09T13:04:18.628Z", "sessionID": "0fda3f1d-1b59-4336-aa02-86859d90d3b9", "query": "ducks", "docid": "5589", "rank": "10", "page": "1", "url": "http://www.gutenberg.org/files/28133/28133-h/28133-h.htm#Page_139", "windowLocation": "http://localhost:7001/result?query=ducks&page=1"}
{"type": "cursorEnteredSnippet", "timestamp": "2026-04-09T13:04:20.631Z", "sessionID": "0fda3f1d-1b59-4336-aa02-86859d90d3b9", "query": "ducks", "docid": "4817", "rank": "6", "page": "1", "url": "http://www.gutenberg.org/files/902/902-h/902-h.htm", "windowLocation": "http://localhost:7001/result?query=ducks&page=1"}
{"type": "cursorLeftSnippet", "timestamp": "2026-04-09T13:04:20.847Z", "sessionID": "0fda3f1d-1b59-4336-aa02-86859d90d3b9", "query": "ducks", "docid": "4817", "rank": "6", "page": "1", "url": "http://www.gutenberg.org/files/902/902-h/902-h.htm", "windowLocation": "http://localhost:7001/result?query=ducks&page=1"}
{"type": "cursorEnteredSnippet", "timestamp": "2026-04-09T13:04:21.031Z", "sessionID": "0fda3f1d-1b59-4336-aa02-86859d90d3b9", "query": "ducks", "docid": "4817", "rank": "6", "page": "1", "url": "http://www.gutenberg.org/files/902/902-h/902-h.htm", "windowLocation": "http://localhost:7001/result?query=ducks&page=1"}
{"type": "clickedResult", "timestamp": "2026-04-09T13:04:21.299Z", "sessionID": "0fda3f1d-1b59-4336-aa02-86859d90d3b9", "query": "ducks", "docid": "4817", "rank": "6", "page": "1", "url": "http://www.gutenberg.org/files/902/902-h/902-h.htm", "windowLocation": "http://www.gutenberg.org/files/902/902-h/902-h.htm"}
{"type": "cursorLeftSnippet", "timestamp": "2026-04-09T13:04:21.799Z", "sessionID": "0fda3f1d-1b59-4336-aa02-86859d90d3b9", "query": "ducks", "docid": "4817", "rank": "6", "page": "1", "url": "http://www.gutenberg.org/files/902/902-h/902-h.htm", "windowLocation": "http://localhost:7001/result?query=ducks&page=1"}
{"type": "wentBack", "timestamp": "2026-04-09T13:04:24.035Z", "sessionID": "0fda3f1d-1b59-4336-aa02-86859d90d3b9", "query": "ducks", "fromURL": "http://www.gutenberg.org/files/902/902-h/902-h.htm", "toURL": "http://localhost:7001/result?query=ducks&page=1"}
{"type": "pageNavigationClicked", "timestamp": "2026-04-09T13:04:26.956Z", "sessionID": "0fda3f1d-1b59-4336-aa02-86859d90d3b9", "clicked": "3", "fromPage": 1, "toPage": 3}
{"type": "searchResultGenerated", "timestamp": "2026-04-09T13:04:27.269Z", "sessionID": "0fda3f1d-1b59-4336-aa02-86859d90d3b9", "query": "ducks", "docid": "6235", "rank": "1", "page": "3", "url": "http://www.gutenberg.org/files/7252/7252-h/7252-h.htm", "windowLocation": "http://localhost:7001/result?query=ducks&page=3"}
{"type": "searchResultGenerated", "timestamp": "2026-04-09T13:04:27.270Z", "sessionID": "0fda3f1d-1b59-4336-aa02-86859d90d3b9", "query": "ducks", "docid": "2047", "rank": "2", "page": "3", "url": "https://kids.frontiersin.org/article/10.3389/frym.2020.00083", "windowLocation": "http://localhost:7001/result?query=ducks&page=3"}
{"type": "searchResultGenerated", "timestamp": "2026-04-09T13:04:27.270Z", "sessionID": "0fda3f1d-1b59-4336-aa02-86859d90d3b9", "query": "ducks", "docid": "7365", "rank": "3", "page": "3", "url": "https://www.digitallibrary.io/en/books/details/1391", "windowLocation": "http://localhost:7001/result?query=ducks&page=3"}
{"type": "searchResultGenerated", "timestamp": "2026-04-09T13:04:27.270Z", "sessionID": "0fda3f1d-1b59-4336-aa02-86859d90d3b9", "query": "ducks", "docid": "3208", "rank": "4", "page": "3", "url": "https://www.africanstorybook.org/", "windowLocation": "http://localhost:7001/result?query=ducks&page=3"}
{"type": "searchResultGenerated", "timestamp": "2026-04-09T13:04:27.270Z", "sessionID": "0fda3f1d-1b59-4336-aa02-86859d90d3b9", "query": "ducks", "docid": "4340", "rank": "5", "page": "3", "url": "https://www.commonlit.org/texts/the-open-window", "windowLocation": "http://localhost:7001/result?query=ducks&page=3"}
{"type": "searchResultGenerated", "timestamp": "2026-04-09T13:04:27.270Z", "sessionID": "0fda3f1d-1b59-4336-aa02-86859d90d3b9", "query": "ducks", "docid": "5234", "rank": "6", "page": "3", "url": "http://www.gutenberg.org/files/42159/42159-h/42159-h.htm#Page_308", "windowLocation": "http://localhost:7001/result?query=ducks&page=3"}
{"type": "searchResultGenerated", "timestamp": "2026-04-09T13:04:27.270Z", "sessionID": "0fda3f1d-1b59-4336-aa02-86859d90d3b9", "query": "ducks", "docid": "4261", "rank": "7", "page": "3", "url": "http://www.gutenberg.org/files/20521/20521-h/20521-h.htm#French_Amenities", "windowLocation": "http://localhost:7001/result?query=ducks&page=3"}
{"type": "searchResultGenerated", "timestamp": "2026-04-09T13:04:27.270Z", "sessionID": "0fda3f1d-1b59-4336-aa02-86859d90d3b9", "query": "ducks", "docid": "2967", "rank": "8", "page": "3", "url": "https://kids.frontiersin.org/article/10.3389/frym.2017.00007", "windowLocation": "http://localhost:7001/result?query=ducks&page=3"}
{"type": "searchResultGenerated", "timestamp": "2026-04-09T13:04:27.270Z", "sessionID": "0fda3f1d-1b59-4336-aa02-86859d90d3b9", "query": "ducks", "docid": "3071", "rank": "9", "page": "3", "url": "https://www.africanstorybook.org/", "windowLocation": "http://localhost:7001/result?query=ducks&page=3"}
{"type": "searchResultGenerated", "timestamp": "2026-04-09T13:04:27.270Z", "sessionID": "0fda3f1d-1b59-4336-aa02-86859d90d3b9", "query": "ducks", "docid": "7254", "rank": "10", "page": "3", "url": "https://www.digitallibrary.io/en/books/details/3753", "windowLocation": "http://localhost:7001/result?query=ducks&page=3"}
{"type": "cursorEnteredSnippet", "timestamp": "2026-04-09T13:04:27.784Z", "sessionID": "0fda3f1d-1b59-4336-aa02-86859d90d3b9", "query": "ducks", "docid": "3208", "rank": "4", "page": "3", "url": "https://www.africanstorybook.org/", "windowLocation": "http://localhost:7001/result?query=ducks&page=3"}
{"type": "cursorLeftSnippet", "timestamp": "2026-04-09T13:04:27.847Z", "sessionID": "0fda3f1d-1b59-4336-aa02-86859d90d3b9", "query": "ducks", "docid": "3208", "rank": "4", "page": "3", "url": "https://www.africanstorybook.org/", "windowLocation": "http://localhost:7001/result?query=ducks&page=3"}
{"type": "cursorEnteredSnippet", "timestamp": "2026-04-09T13:04:27.848Z", "sessionID": "0fda3f1d-1b59-4336-aa02-86859d90d3b9", "query": "ducks", "docid": "7365", "rank": "3", "page": "3", "url": "https://www.digitallibrary.io/en/books/details/1391", "windowLocation": "http://localhost:7001/result?query=ducks&page=3"}
{"type": "cursorLeftSnippet", "timestamp": "2026-04-09T13:04:27.897Z", "sessionID": "0fda3f1d-1b59-4336-aa02-86859d90d3b9", "query": "ducks", "docid": "7365", "rank": "3", "page": "3", "url": "https://www.digitallibrary.io/en/books/details/1391", "windowLocation": "http://localhost:7001/result?query=ducks&page=3"}
{"type": "cursorEnteredSnippet", "timestamp": "2026-04-09T13:04:27.898Z", "sessionID": "0fda3f1d-1b59-4336-aa02-86859d90d3b9", "query": "ducks", "docid": "2047", "rank": "2", "page": "3", "url": "https://kids.frontiersin.org/article/10.3389/frym.2020.00083", "windowLocation": "http://localhost:7001/result?query=ducks&page=3"}
{"type": "cursorLeftSnippet", "timestamp": "2026-04-09T13:04:28.080Z", "sessionID": "0fda3f1d-1b59-4336-aa02-86859d90d3b9", "query": "ducks", "docid": "2047", "rank": "2", "page": "3", "url": "https://kids.frontiersin.org/article/10.3389/frym.2020.00083", "windowLocation": "http://localhost:7001/result?query=ducks&page=3"}
{"type": "cursorEnteredSnippet", "timestamp": "2026-04-09T13:04:28.114Z", "sessionID": "0fda3f1d-1b59-4336-aa02-86859d90d3b9", "query": "ducks", "docid": "6235", "rank": "1", "page": "3", "url": "http://www.gutenberg.org/files/7252/7252-h/7252-h.htm", "windowLocation": "http://localhost:7001/result?query=ducks&page=3"}
{"type": "cursorLeftSnippet", "timestamp": "2026-04-09T13:04:28.247Z", "sessionID": "0fda3f1d-1b59-4336-aa02-86859d90d3b9", "query": "ducks", "docid": "6235", "rank": "1", "page": "3", "url": "http://www.gutenberg.org/files/7252/7252-h/7252-h.htm", "windowLocation": "http://localhost:7001/result?query=ducks&page=3"}
{"type": "cursorEnteredSnippet", "timestamp": "2026-04-09T13:04:28.350Z", "sessionID": "0fda3f1d-1b59-4336-aa02-86859d90d3b9", "query": "ducks", "docid": "2047", "rank": "2", "page": "3", "url": "https://kids.frontiersin.org/article/10.3389/frym.2020.00083", "windowLocation": "http://localhost:7001/result?query=ducks&page=3"}
{"type": "clickedResult", "timestamp": "2026-04-09T13:04:28.720Z", "sessionID": "0fda3f1d-1b59-4336-aa02-86859d90d3b9", "query": "ducks", "docid": "2047", "rank": "2", "page": "3", "url": "https://kids.frontiersin.org/article/10.3389/frym.2020.00083", "windowLocation": "https://kids.frontiersin.org/article/10.3389/frym.2020.00083"}
{"type": "cursorLeftSnippet", "timestamp": "2026-04-09T13:04:29.250Z", "sessionID": "0fda3f1d-1b59-4336-aa02-86859d90d3b9", "query": "ducks", "docid": "2047", "rank": "2", "page": "3", "url": "https://kids.frontiersin.org/article/10.3389/frym.2020.00083", "windowLocation": "http://localhost:7001/result?query=ducks&page=3"}
{"type": "wentBack", "timestamp": "2026-04-09T13:04:31.105Z", "sessionID": "0fda3f1d-1b59-4336-aa02-86859d90d3b9", "query": "ducks", "fromURL": "https://kids.frontiersin.org/article/10.3389/frym.2020.00083", "toURL": "http://localhost:7001/result?query=ducks&page=3"}
{"type": "wentBack", "timestamp": "2026-04-09T13:04:32.783Z", "sessionID": "0fda3f1d-1b59-4336-aa02-86859d90d3b9", "query": "ducks", "fromURL": "http://localhost:7001/result?query=ducks&page=3", "toURL": "http://localhost:7001/result?query=ducks&page=1"}
{"type": "ClickedEndTask", "timestamp": "2026-04-09T13:04:35.071Z", "sessionID": "0fda3f1d-1b59-4336-aa02-86859d90d3b9"}
{"type": "TaskEndConfirmed", "timestamp": "2026-04-09T13:04:36.344Z", "sessionID": "0fda3f1d-1b59-4336-aa02-86859d90d3b9"}
